{"total": {"lines":{"total":433,"covered":433,"skipped":0,"pct":100},"statements":{"total":433,"covered":433,"skipped":0,"pct":100},"functions":{"total":11,"covered":11,"skipped":0,"pct":100},"branches":{"total":96,"covered":91,"skipped":0,"pct":94.79}}
,"/home/alija/Git/github/studyathome-internationally/markdown-it-plugins/packages/markdown-it-attribution-references/index.js": {"lines":{"total":433,"covered":433,"skipped":0,"pct":100},"functions":{"total":11,"covered":11,"skipped":0,"pct":100},"statements":{"total":433,"covered":433,"skipped":0,"pct":100},"branches":{"total":96,"covered":91,"skipped":0,"pct":94.79}}
}
