TN:
SF:index.js
FN:3,attribution_references
FN:16,attribution_rule
FN:17,attribution
FN:97,attribution_list_rule
FN:98,attribution_list
FN:171,add_attributions
FN:210,generate_attribution
FN:254,generate_attribution_list_entry
FN:287,generate_link
FN:304,slugify
FN:308,loadOptions
FNF:11
FNH:11
FNDA:38,attribution_references
FNDA:38,attribution_rule
FNDA:130,attribution
FNDA:38,attribution_list_rule
FNDA:39,attribution_list
FNDA:42,add_attributions
FNDA:42,generate_attribution
FNDA:39,generate_attribution_list_entry
FNDA:198,generate_link
FNDA:222,slugify
FNDA:38,loadOptions
DA:1,1
DA:2,1
DA:3,1
DA:4,1
DA:5,1
DA:6,1
DA:7,0
DA:8,0
DA:9,0
DA:10,1
DA:11,1
DA:12,1
DA:13,1
DA:14,1
DA:15,1
DA:16,38
DA:17,38
DA:18,130
DA:19,130
DA:20,130
DA:21,130
DA:22,130
DA:23,130
DA:24,130
DA:25,130
DA:26,130
DA:27,130
DA:28,88
DA:29,88
DA:30,88
DA:31,88
DA:32,88
DA:33,88
DA:34,88
DA:35,88
DA:36,88
DA:37,88
DA:38,88
DA:39,88
DA:40,88
DA:41,88
DA:42,88
DA:43,88
DA:44,88
DA:45,88
DA:46,88
DA:47,88
DA:48,88
DA:49,88
DA:50,88
DA:51,88
DA:52,88
DA:53,88
DA:54,42
DA:55,42
DA:56,42
DA:57,42
DA:58,42
DA:59,231
DA:60,231
DA:61,230
DA:62,230
DA:63,43
DA:64,43
DA:65,43
DA:66,231
DA:67,42
DA:68,42
DA:69,42
DA:70,42
DA:71,42
DA:72,42
DA:73,42
DA:74,42
DA:75,41
DA:76,41
DA:77,41
DA:78,42
DA:79,42
DA:80,41
DA:81,41
DA:82,42
DA:83,42
DA:84,42
DA:85,42
DA:86,42
DA:87,42
DA:88,42
DA:89,42
DA:90,42
DA:91,46
DA:92,46
DA:93,46
DA:94,38
DA:95,38
DA:96,1
DA:97,38
DA:98,38
DA:99,39
DA:100,37
DA:101,37
DA:102,37
DA:103,38
DA:104,36
DA:105,36
DA:106,36
DA:107,36
DA:108,36
DA:109,36
DA:110,36
DA:111,36
DA:112,36
DA:113,36
DA:114,36
DA:115,36
DA:116,36
DA:117,36
DA:118,36
DA:119,36
DA:120,36
DA:121,36
DA:122,36
DA:123,37
DA:124,37
DA:125,37
DA:126,37
DA:127,37
DA:128,37
DA:129,38
DA:130,39
DA:131,39
DA:132,39
DA:133,39
DA:134,39
DA:135,39
DA:136,39
DA:137,39
DA:138,39
DA:139,39
DA:140,39
DA:141,39
DA:142,39
DA:143,39
DA:144,39
DA:145,39
DA:146,39
DA:147,39
DA:148,39
DA:149,39
DA:150,39
DA:151,39
DA:152,39
DA:153,39
DA:154,39
DA:155,39
DA:156,39
DA:157,39
DA:158,39
DA:159,39
DA:160,39
DA:161,39
DA:162,39
DA:163,37
DA:164,37
DA:165,37
DA:166,37
DA:167,37
DA:168,38
DA:169,38
DA:170,1
DA:171,42
DA:172,42
DA:173,38
DA:174,38
DA:175,42
DA:176,42
DA:177,38
DA:178,38
DA:179,42
DA:180,44
DA:181,44
DA:182,44
DA:183,42
DA:184,40
DA:185,40
DA:186,40
DA:187,40
DA:188,40
DA:189,44
DA:190,42
DA:191,42
DA:192,38
DA:193,38
DA:194,42
DA:195,42
DA:196,42
DA:197,42
DA:198,42
DA:199,2
DA:200,2
DA:201,2
DA:202,2
DA:203,2
DA:204,2
DA:205,2
DA:206,42
DA:207,42
DA:208,42
DA:209,1
DA:210,42
DA:211,42
DA:212,42
DA:213,42
DA:214,42
DA:215,42
DA:216,42
DA:217,42
DA:218,42
DA:219,41
DA:220,41
DA:221,42
DA:222,42
DA:223,42
DA:224,42
DA:225,42
DA:226,42
DA:227,44
DA:228,44
DA:229,44
DA:230,44
DA:231,44
DA:232,44
DA:233,44
DA:234,2
DA:235,2
DA:236,2
DA:237,2
DA:238,44
DA:239,42
DA:240,42
DA:241,42
DA:242,42
DA:243,42
DA:244,42
DA:245,42
DA:246,42
DA:247,42
DA:248,42
DA:249,42
DA:250,42
DA:251,42
DA:252,42
DA:253,1
DA:254,39
DA:255,39
DA:256,39
DA:257,38
DA:258,38
DA:259,38
DA:260,38
DA:261,38
DA:262,39
DA:263,113
DA:264,113
DA:265,113
DA:266,113
DA:267,113
DA:268,113
DA:269,0
DA:270,0
DA:271,0
DA:272,0
DA:273,0
DA:274,0
DA:275,113
DA:276,113
DA:277,113
DA:278,113
DA:279,113
DA:280,113
DA:281,113
DA:282,113
DA:283,38
DA:284,38
DA:285,38
DA:286,1
DA:287,198
DA:288,198
DA:289,198
DA:290,198
DA:291,198
DA:292,198
DA:293,198
DA:294,198
DA:295,198
DA:296,198
DA:297,198
DA:298,198
DA:299,198
DA:300,198
DA:301,198
DA:302,198
DA:303,1
DA:304,222
DA:305,222
DA:306,222
DA:307,1
DA:308,38
DA:309,38
DA:310,1
DA:311,1
DA:312,1
DA:313,1
DA:314,1
DA:315,1
DA:316,1
DA:317,1
DA:318,1
DA:319,1
DA:320,1
DA:321,1
DA:322,1
DA:323,1
DA:324,1
DA:325,1
DA:326,1
DA:327,1
DA:328,1
DA:329,1
DA:330,1
DA:331,1
DA:332,1
DA:333,1
DA:334,1
DA:335,1
DA:336,1
DA:337,1
DA:338,1
DA:339,1
DA:340,1
DA:341,1
DA:342,1
DA:343,1
DA:344,1
DA:345,1
DA:346,1
DA:347,1
DA:348,1
DA:349,1
DA:350,1
DA:351,1
DA:352,1
DA:353,1
DA:354,1
DA:355,1
DA:356,1
DA:357,1
DA:358,1
DA:359,1
DA:360,1
DA:361,1
DA:362,1
DA:363,1
DA:364,1
DA:365,1
DA:366,1
DA:367,1
DA:368,1
DA:369,1
DA:370,1
DA:371,1
DA:372,1
DA:373,1
DA:374,1
DA:375,1
DA:376,1
DA:377,1
DA:378,1
DA:379,1
DA:380,38
DA:381,1
DA:382,1
DA:383,1
DA:384,1
DA:385,1
DA:386,1
DA:387,1
DA:388,1
DA:389,1
DA:390,1
DA:391,1
DA:392,1
DA:393,1
DA:394,1
DA:395,1
DA:396,1
DA:397,1
DA:398,1
DA:399,1
DA:400,1
DA:401,1
DA:402,1
DA:403,1
DA:404,1
DA:405,1
DA:406,1
DA:407,1
DA:408,1
DA:409,1
DA:410,1
DA:411,1
DA:412,1
DA:413,1
DA:414,1
DA:415,1
DA:416,1
DA:417,1
DA:418,1
DA:419,1
DA:420,1
DA:421,1
DA:422,1
DA:423,1
LF:423
LH:414
BRDA:423,0,0,9
BRDA:3,1,0,38
BRDA:6,2,0,0
BRDA:16,3,0,38
BRDA:17,4,0,130
BRDA:27,5,0,42
BRDA:30,6,0,0
BRDA:42,7,0,1
BRDA:46,8,0,41
BRDA:27,9,0,88
BRDA:53,10,0,42
BRDA:67,11,0,0
BRDA:74,12,0,41
BRDA:79,13,0,41
BRDA:90,14,0,46
BRDA:58,15,0,231
BRDA:60,16,0,1
BRDA:60,17,0,230
BRDA:62,18,0,43
BRDA:63,19,0,1
BRDA:63,20,0,42
BRDA:97,21,0,38
BRDA:98,22,0,39
BRDA:99,23,0,38
BRDA:99,24,0,2
BRDA:99,25,0,38
BRDA:99,26,0,37
BRDA:103,27,0,36
BRDA:122,28,0,37
BRDA:129,29,0,39
BRDA:162,30,0,37
BRDA:171,31,0,42
BRDA:172,32,0,38
BRDA:176,33,0,38
BRDA:179,34,0,44
BRDA:182,35,0,2
BRDA:182,36,0,42
BRDA:183,37,0,40
BRDA:191,38,0,38
BRDA:198,39,0,40
BRDA:198,40,0,2
BRDA:181,41,0,46
BRDA:183,42,0,6
BRDA:195,43,0,44
BRDA:196,44,0,44
BRDA:210,45,0,42
BRDA:218,46,0,41
BRDA:226,47,0,44
BRDA:230,48,0,3
BRDA:230,49,0,41
BRDA:233,50,0,2
BRDA:228,51,0,46
BRDA:254,52,0,39
BRDA:256,53,0,1
BRDA:256,54,0,38
BRDA:262,55,0,113
BRDA:268,56,0,0
BRDA:282,57,0,38
BRDA:257,58,0,42
BRDA:287,59,0,198
BRDA:304,60,0,222
BRDA:308,61,0,38
BRDA:309,62,0,37
BRDA:311,63,0,0
BRDA:312,64,0,36
BRDA:315,65,0,15
BRDA:315,66,0,1
BRDA:315,67,0,36
BRDA:322,68,0,15
BRDA:322,69,0,5
BRDA:322,70,0,2
BRDA:322,71,0,35
BRDA:329,72,0,15
BRDA:329,73,0,5
BRDA:329,74,0,3
BRDA:329,75,0,34
BRDA:337,76,0,15
BRDA:337,77,0,3
BRDA:337,78,0,34
BRDA:342,79,0,15
BRDA:342,80,0,1
BRDA:342,81,0,36
BRDA:345,82,0,15
BRDA:345,83,0,1
BRDA:345,84,0,36
BRDA:349,85,0,15
BRDA:349,86,0,1
BRDA:349,87,0,36
BRDA:355,88,0,10
BRDA:355,89,0,1
BRDA:355,90,0,36
BRDA:359,91,0,10
BRDA:359,92,0,2
BRDA:359,93,0,35
BRDA:363,94,0,10
BRDA:363,95,0,2
BRDA:363,96,0,35
BRDA:367,97,0,10
BRDA:367,98,0,1
BRDA:367,99,0,36
BRDA:373,100,0,10
BRDA:373,101,0,4
BRDA:373,102,0,33
BRDA:377,103,0,36
BRDA:377,104,0,36
BRDA:377,105,0,1
BRDA:309,106,0,1
BRF:107
BRH:102
end_of_record
