TN:
SF:index.js
FN:1,attribution_references
FN:21,addAttribution
FN:35,attribution_rule
FN:36,attribution
FN:94,attribution_list_rule
FN:95,attribution_list
FN:117,attribution
FN:121,attribution_open_renderer
FN:129,attribution_close_renderer
FN:136,attribution_list_open_renderer
FN:144,attribution_list_item_renderer
FN:151,attribution_list_close_renderer
FN:158,sanitize
FNF:13
FNH:13
FNDA:17,attribution_references
FNDA:17,addAttribution
FNDA:17,attribution_rule
FNDA:51,attribution
FNDA:17,attribution_list_rule
FNDA:16,attribution_list
FNDA:17,attribution
FNDA:17,attribution_open_renderer
FNDA:17,attribution_close_renderer
FNDA:17,attribution_list_open_renderer
FNDA:17,attribution_list_item_renderer
FNDA:17,attribution_list_close_renderer
FNDA:16,sanitize
DA:1,1
DA:2,1
DA:3,1
DA:4,1
DA:5,1
DA:6,3
DA:7,3
DA:8,3
DA:9,3
DA:10,3
DA:11,3
DA:12,1
DA:13,1
DA:14,1
DA:15,1
DA:16,1
DA:17,1
DA:18,1
DA:19,1
DA:20,1
DA:21,17
DA:22,17
DA:23,16
DA:24,16
DA:25,17
DA:26,16
DA:27,16
DA:28,17
DA:29,17
DA:30,17
DA:31,17
DA:32,17
DA:33,17
DA:34,1
DA:35,17
DA:36,17
DA:37,51
DA:38,51
DA:39,51
DA:40,51
DA:41,51
DA:42,51
DA:43,51
DA:44,51
DA:45,51
DA:46,51
DA:47,51
DA:48,34
DA:49,34
DA:50,34
DA:51,34
DA:52,34
DA:53,34
DA:54,34
DA:55,34
DA:56,34
DA:57,34
DA:58,34
DA:59,34
DA:60,34
DA:61,34
DA:62,34
DA:63,34
DA:64,34
DA:65,34
DA:66,34
DA:67,34
DA:68,34
DA:69,17
DA:70,17
DA:71,17
DA:72,17
DA:73,17
DA:74,17
DA:75,17
DA:76,17
DA:77,17
DA:78,17
DA:79,17
DA:80,17
DA:81,17
DA:82,17
DA:83,17
DA:84,17
DA:85,17
DA:86,17
DA:87,17
DA:88,17
DA:89,17
DA:90,17
DA:91,17
DA:92,17
DA:93,1
DA:94,17
DA:95,17
DA:96,16
DA:97,15
DA:98,15
DA:99,15
DA:100,15
DA:101,15
DA:102,15
DA:103,15
DA:104,16
DA:105,16
DA:106,16
DA:107,16
DA:108,16
DA:109,15
DA:110,15
DA:111,15
DA:112,15
DA:113,15
DA:114,17
DA:115,17
DA:116,1
DA:117,17
DA:118,17
DA:119,17
DA:120,1
DA:121,17
DA:122,17
DA:123,17
DA:124,17
DA:125,17
DA:126,17
DA:127,17
DA:128,1
DA:129,17
DA:130,17
DA:131,17
DA:132,17
DA:133,17
DA:134,17
DA:135,1
DA:136,17
DA:137,17
DA:138,15
DA:139,15
DA:140,15
DA:141,15
DA:142,17
DA:143,1
DA:144,17
DA:145,17
DA:146,16
DA:147,16
DA:148,16
DA:149,17
DA:150,1
DA:151,17
DA:152,17
DA:153,15
DA:154,15
DA:155,15
DA:156,17
DA:157,1
DA:158,16
DA:159,16
DA:160,16
DA:161,1
DA:162,1
DA:163,1
DA:164,1
DA:165,1
DA:166,1
DA:167,1
DA:168,1
DA:169,1
DA:170,1
DA:171,1
DA:172,1
DA:173,1
DA:174,1
DA:175,1
DA:176,1
DA:177,1
DA:178,1
DA:179,1
DA:180,1
DA:181,1
DA:182,1
DA:183,1
DA:184,1
DA:185,1
DA:186,1
DA:187,1
DA:188,1
DA:189,1
DA:190,1
DA:191,1
DA:192,1
DA:193,1
DA:194,1
DA:195,1
DA:196,1
DA:197,1
DA:198,1
DA:199,1
DA:200,1
DA:201,1
DA:202,1
DA:203,1
DA:204,1
DA:205,1
DA:206,1
DA:207,1
DA:208,1
DA:209,1
DA:210,1
DA:211,1
DA:212,1
DA:213,1
DA:214,1
DA:215,1
DA:216,1
DA:217,1
DA:218,1
DA:219,1
DA:220,1
DA:221,1
DA:222,1
DA:223,1
DA:224,1
DA:225,1
DA:226,1
DA:227,1
DA:228,1
DA:229,1
DA:230,1
DA:231,1
DA:232,1
DA:233,1
DA:234,1
DA:235,1
DA:236,1
DA:237,1
DA:238,1
DA:239,1
DA:240,1
DA:241,1
LF:241
LH:241
BRDA:241,0,0,3
BRDA:1,1,0,17
BRDA:4,2,0,3
BRDA:5,3,0,16
BRDA:5,4,0,14
BRDA:5,5,0,3
BRDA:4,6,0,187
BRDA:21,7,0,17
BRDA:22,8,0,16
BRDA:25,9,0,16
BRDA:35,10,0,17
BRDA:36,11,0,51
BRDA:47,12,0,17
BRDA:52,13,0,0
BRDA:53,14,0,1
BRDA:53,15,0,16
BRDA:54,16,0,0
BRDA:47,17,0,34
BRDA:68,18,0,17
BRDA:75,19,0,0
BRDA:87,20,0,17
BRDA:54,21,0,33
BRDA:74,22,0,68
BRDA:94,23,0,17
BRDA:95,24,0,16
BRDA:96,25,0,1
BRDA:96,26,0,15
BRDA:103,27,0,16
BRDA:117,28,0,17
BRDA:121,29,0,17
BRDA:122,30,0,17
BRDA:125,31,0,1
BRDA:125,32,0,16
BRDA:129,33,0,17
BRDA:130,34,0,17
BRDA:132,35,0,1
BRDA:132,36,0,16
BRDA:136,37,0,17
BRDA:137,38,0,15
BRDA:139,39,0,14
BRDA:139,40,0,1
BRDA:144,41,0,17
BRDA:145,42,0,16
BRDA:151,43,0,17
BRDA:152,44,0,15
BRDA:158,45,0,16
BRF:46
BRH:43
end_of_record
