<?xml version="1.0" encoding="UTF-8"?>
<coverage generated="1599695931245" clover="3.2.0">
  <project timestamp="1599695931245" name="All files">
    <metrics statements="236" coveredstatements="222" conditionals="75" coveredconditionals="68" methods="12" coveredmethods="12" elements="323" coveredelements="302" complexity="0" loc="236" ncloc="236" packages="1" files="1" classes="1"/>
    <file name="index.js" path="/home/alija/Git/github/studyathome-internationally/markdown-it-plugins/packages/markdown-it-table-references/index.js">
      <metrics statements="236" coveredstatements="222" conditionals="75" coveredconditionals="68" methods="12" coveredmethods="12"/>
      <line num="1" count="1" type="cond" truecount="1" falsecount="0"/>
      <line num="2" count="1" type="stmt"/>
      <line num="3" count="1" type="stmt"/>
      <line num="4" count="1" type="cond" truecount="2" falsecount="0"/>
      <line num="5" count="1" type="cond" truecount="3" falsecount="0"/>
      <line num="6" count="4" type="stmt"/>
      <line num="7" count="4" type="stmt"/>
      <line num="8" count="4" type="stmt"/>
      <line num="9" count="4" type="stmt"/>
      <line num="10" count="4" type="stmt"/>
      <line num="11" count="4" type="stmt"/>
      <line num="12" count="1" type="stmt"/>
      <line num="13" count="1" type="stmt"/>
      <line num="14" count="1" type="stmt"/>
      <line num="15" count="1" type="stmt"/>
      <line num="16" count="1" type="stmt"/>
      <line num="17" count="1" type="stmt"/>
      <line num="18" count="1" type="stmt"/>
      <line num="19" count="1" type="stmt"/>
      <line num="20" count="19" type="cond" truecount="1" falsecount="0"/>
      <line num="21" count="19" type="cond" truecount="1" falsecount="0"/>
      <line num="22" count="18" type="stmt"/>
      <line num="23" count="18" type="stmt"/>
      <line num="24" count="19" type="cond" truecount="1" falsecount="0"/>
      <line num="25" count="18" type="stmt"/>
      <line num="26" count="18" type="stmt"/>
      <line num="27" count="19" type="stmt"/>
      <line num="28" count="19" type="stmt"/>
      <line num="29" count="19" type="stmt"/>
      <line num="30" count="19" type="stmt"/>
      <line num="31" count="19" type="stmt"/>
      <line num="32" count="19" type="stmt"/>
      <line num="33" count="19" type="stmt"/>
      <line num="34" count="1" type="stmt"/>
      <line num="35" count="20" type="cond" truecount="1" falsecount="0"/>
      <line num="36" count="20" type="cond" truecount="1" falsecount="0"/>
      <line num="37" count="19" type="stmt"/>
      <line num="38" count="19" type="stmt"/>
      <line num="39" count="19" type="stmt"/>
      <line num="40" count="19" type="cond" truecount="1" falsecount="0"/>
      <line num="41" count="486" type="stmt"/>
      <line num="42" count="486" type="stmt"/>
      <line num="43" count="486" type="cond" truecount="2" falsecount="0"/>
      <line num="44" count="480" type="cond" truecount="2" falsecount="0"/>
      <line num="45" count="480" type="stmt"/>
      <line num="46" count="480" type="stmt"/>
      <line num="47" count="480" type="cond" truecount="1" falsecount="0"/>
      <line num="48" count="480" type="stmt"/>
      <line num="49" count="480" type="stmt"/>
      <line num="50" count="480" type="cond" truecount="2" falsecount="0"/>
      <line num="51" count="480" type="stmt"/>
      <line num="52" count="480" type="stmt"/>
      <line num="53" count="480" type="stmt"/>
      <line num="54" count="480" type="cond" truecount="1" falsecount="0"/>
      <line num="55" count="480" type="stmt"/>
      <line num="56" count="480" type="stmt"/>
      <line num="57" count="480" type="stmt"/>
      <line num="58" count="480" type="stmt"/>
      <line num="59" count="480" type="stmt"/>
      <line num="60" count="480" type="stmt"/>
      <line num="61" count="480" type="stmt"/>
      <line num="62" count="480" type="stmt"/>
      <line num="63" count="480" type="stmt"/>
      <line num="64" count="480" type="stmt"/>
      <line num="65" count="480" type="stmt"/>
      <line num="66" count="480" type="stmt"/>
      <line num="67" count="480" type="stmt"/>
      <line num="68" count="480" type="stmt"/>
      <line num="69" count="480" type="cond" truecount="1" falsecount="0"/>
      <line num="70" count="480" type="stmt"/>
      <line num="71" count="480" type="stmt"/>
      <line num="72" count="480" type="cond" truecount="2" falsecount="0"/>
      <line num="73" count="480" type="stmt"/>
      <line num="74" count="480" type="stmt"/>
      <line num="75" count="480" type="stmt"/>
      <line num="76" count="480" type="stmt"/>
      <line num="77" count="480" type="stmt"/>
      <line num="78" count="480" type="stmt"/>
      <line num="79" count="480" type="stmt"/>
      <line num="80" count="480" type="stmt"/>
      <line num="81" count="480" type="stmt"/>
      <line num="82" count="480" type="stmt"/>
      <line num="83" count="480" type="stmt"/>
      <line num="84" count="480" type="stmt"/>
      <line num="85" count="480" type="stmt"/>
      <line num="86" count="480" type="cond" truecount="2" falsecount="0"/>
      <line num="87" count="466" type="stmt"/>
      <line num="88" count="466" type="cond" truecount="1" falsecount="0"/>
      <line num="89" count="15" type="cond" truecount="1" falsecount="0"/>
      <line num="90" count="2" type="stmt"/>
      <line num="91" count="2" type="cond" truecount="1" falsecount="0"/>
      <line num="92" count="15" type="cond" truecount="0" falsecount="1"/>
      <line num="93" count="0" type="stmt"/>
      <line num="94" count="0" type="cond" truecount="1" falsecount="0"/>
      <line num="95" count="15" type="cond" truecount="0" falsecount="1"/>
      <line num="96" count="0" type="stmt"/>
      <line num="97" count="0" type="cond" truecount="1" falsecount="0"/>
      <line num="98" count="15" type="cond" truecount="0" falsecount="1"/>
      <line num="99" count="0" type="stmt"/>
      <line num="100" count="0" type="cond" truecount="1" falsecount="0"/>
      <line num="101" count="15" type="cond" truecount="0" falsecount="1"/>
      <line num="102" count="0" type="stmt"/>
      <line num="103" count="0" type="cond" truecount="1" falsecount="0"/>
      <line num="104" count="15" type="cond" truecount="0" falsecount="1"/>
      <line num="105" count="0" type="stmt"/>
      <line num="106" count="0" type="cond" truecount="1" falsecount="0"/>
      <line num="107" count="15" type="cond" truecount="0" falsecount="1"/>
      <line num="108" count="0" type="stmt"/>
      <line num="109" count="0" type="cond" truecount="1" falsecount="0"/>
      <line num="110" count="15" type="cond" truecount="0" falsecount="1"/>
      <line num="111" count="0" type="stmt"/>
      <line num="112" count="0" type="cond" truecount="1" falsecount="0"/>
      <line num="113" count="13" type="stmt"/>
      <line num="114" count="13" type="stmt"/>
      <line num="115" count="13" type="stmt"/>
      <line num="116" count="15" type="cond" truecount="3" falsecount="0"/>
      <line num="117" count="12" type="stmt"/>
      <line num="118" count="12" type="stmt"/>
      <line num="119" count="12" type="stmt"/>
      <line num="120" count="12" type="stmt"/>
      <line num="121" count="12" type="cond" truecount="1" falsecount="0"/>
      <line num="122" count="13" type="stmt"/>
      <line num="123" count="13" type="stmt"/>
      <line num="124" count="13" type="stmt"/>
      <line num="125" count="14" type="cond" truecount="2" falsecount="0"/>
      <line num="126" count="13" type="stmt"/>
      <line num="127" count="13" type="stmt"/>
      <line num="128" count="13" type="stmt"/>
      <line num="129" count="14" type="cond" truecount="2" falsecount="0"/>
      <line num="130" count="13" type="stmt"/>
      <line num="131" count="13" type="stmt"/>
      <line num="132" count="13" type="stmt"/>
      <line num="133" count="13" type="stmt"/>
      <line num="134" count="15" type="cond" truecount="1" falsecount="0"/>
      <line num="135" count="1" type="stmt"/>
      <line num="136" count="1" type="stmt"/>
      <line num="137" count="1" type="stmt"/>
      <line num="138" count="1" type="stmt"/>
      <line num="139" count="1" type="stmt"/>
      <line num="140" count="1" type="stmt"/>
      <line num="141" count="1" type="stmt"/>
      <line num="142" count="1" type="stmt"/>
      <line num="143" count="1" type="stmt"/>
      <line num="144" count="1" type="cond" truecount="1" falsecount="0"/>
      <line num="145" count="13" type="stmt"/>
      <line num="146" count="13" type="stmt"/>
      <line num="147" count="13" type="stmt"/>
      <line num="148" count="486" type="stmt"/>
      <line num="149" count="19" type="stmt"/>
      <line num="150" count="20" type="stmt"/>
      <line num="151" count="20" type="stmt"/>
      <line num="152" count="1" type="stmt"/>
      <line num="153" count="20" type="cond" truecount="1" falsecount="0"/>
      <line num="154" count="20" type="cond" truecount="1" falsecount="0"/>
      <line num="155" count="19" type="cond" truecount="4" falsecount="0"/>
      <line num="156" count="17" type="stmt"/>
      <line num="157" count="17" type="stmt"/>
      <line num="158" count="17" type="stmt"/>
      <line num="159" count="17" type="stmt"/>
      <line num="160" count="17" type="stmt"/>
      <line num="161" count="17" type="stmt"/>
      <line num="162" count="18" type="stmt"/>
      <line num="163" count="18" type="stmt"/>
      <line num="164" count="18" type="stmt"/>
      <line num="165" count="18" type="stmt"/>
      <line num="166" count="18" type="stmt"/>
      <line num="167" count="18" type="cond" truecount="1" falsecount="0"/>
      <line num="168" count="17" type="stmt"/>
      <line num="169" count="17" type="stmt"/>
      <line num="170" count="17" type="stmt"/>
      <line num="171" count="17" type="stmt"/>
      <line num="172" count="17" type="stmt"/>
      <line num="173" count="20" type="stmt"/>
      <line num="174" count="20" type="stmt"/>
      <line num="175" count="1" type="stmt"/>
      <line num="176" count="20" type="cond" truecount="1" falsecount="0"/>
      <line num="177" count="20" type="cond" truecount="1" falsecount="0"/>
      <line num="178" count="17" type="stmt"/>
      <line num="179" count="17" type="cond" truecount="2" falsecount="0"/>
      <line num="180" count="17" type="stmt"/>
      <line num="181" count="17" type="stmt"/>
      <line num="182" count="20" type="stmt"/>
      <line num="183" count="1" type="stmt"/>
      <line num="184" count="20" type="cond" truecount="1" falsecount="0"/>
      <line num="185" count="20" type="cond" truecount="1" falsecount="0"/>
      <line num="186" count="18" type="stmt"/>
      <line num="187" count="18" type="stmt"/>
      <line num="188" count="18" type="stmt"/>
      <line num="189" count="20" type="stmt"/>
      <line num="190" count="1" type="stmt"/>
      <line num="191" count="20" type="cond" truecount="1" falsecount="0"/>
      <line num="192" count="20" type="cond" truecount="1" falsecount="0"/>
      <line num="193" count="17" type="stmt"/>
      <line num="194" count="17" type="stmt"/>
      <line num="195" count="17" type="stmt"/>
      <line num="196" count="20" type="stmt"/>
      <line num="197" count="1" type="stmt"/>
      <line num="198" count="20" type="cond" truecount="1" falsecount="0"/>
      <line num="199" count="20" type="cond" truecount="1" falsecount="0"/>
      <line num="200" count="12" type="stmt"/>
      <line num="201" count="12" type="stmt"/>
      <line num="202" count="12" type="stmt"/>
      <line num="203" count="12" type="stmt"/>
      <line num="204" count="20" type="stmt"/>
      <line num="205" count="1" type="stmt"/>
      <line num="206" count="20" type="cond" truecount="1" falsecount="0"/>
      <line num="207" count="20" type="cond" truecount="1" falsecount="0"/>
      <line num="208" count="12" type="stmt"/>
      <line num="209" count="12" type="stmt"/>
      <line num="210" count="12" type="stmt"/>
      <line num="211" count="12" type="stmt"/>
      <line num="212" count="12" type="stmt"/>
      <line num="213" count="12" type="stmt"/>
      <line num="214" count="12" type="stmt"/>
      <line num="215" count="12" type="cond" truecount="2" falsecount="0"/>
      <line num="216" count="12" type="stmt"/>
      <line num="217" count="12" type="stmt"/>
      <line num="218" count="12" type="stmt"/>
      <line num="219" count="12" type="stmt"/>
      <line num="220" count="20" type="stmt"/>
      <line num="221" count="1" type="stmt"/>
      <line num="222" count="12" type="cond" truecount="1" falsecount="0"/>
      <line num="223" count="12" type="stmt"/>
      <line num="224" count="12" type="stmt"/>
      <line num="225" count="1" type="stmt"/>
      <line num="226" count="1" type="stmt"/>
      <line num="227" count="1" type="stmt"/>
      <line num="228" count="1" type="stmt"/>
      <line num="229" count="1" type="stmt"/>
      <line num="230" count="1" type="stmt"/>
      <line num="231" count="1" type="stmt"/>
      <line num="232" count="1" type="stmt"/>
      <line num="233" count="1" type="stmt"/>
      <line num="234" count="1" type="stmt"/>
      <line num="235" count="1" type="stmt"/>
      <line num="236" count="1" type="cond" truecount="1" falsecount="0"/>
    </file>
  </project>
</coverage>
