{"/home/alija/Git/github/studyathome-internationally/markdown-it-plugins/packages/markdown-it-table-references/index.js": {"path":"/home/alija/Git/github/studyathome-internationally/markdown-it-plugins/packages/markdown-it-table-references/index.js","statementMap":{"0":{"start":{"line":1,"column":0},"end":{"line":1,"column":40}},"1":{"start":{"line":2,"column":0},"end":{"line":2,"column":60}},"2":{"start":{"line":3,"column":0},"end":{"line":3,"column":0}},"3":{"start":{"line":4,"column":0},"end":{"line":4,"column":100}},"4":{"start":{"line":5,"column":0},"end":{"line":5,"column":15}},"5":{"start":{"line":6,"column":0},"end":{"line":6,"column":68}},"6":{"start":{"line":7,"column":0},"end":{"line":7,"column":72}},"7":{"start":{"line":8,"column":0},"end":{"line":8,"column":10}},"8":{"start":{"line":9,"column":0},"end":{"line":9,"column":70}},"9":{"start":{"line":10,"column":0},"end":{"line":10,"column":74}},"10":{"start":{"line":11,"column":0},"end":{"line":11,"column":3}},"11":{"start":{"line":12,"column":0},"end":{"line":12,"column":0}},"12":{"start":{"line":13,"column":0},"end":{"line":13,"column":89}},"13":{"start":{"line":14,"column":0},"end":{"line":14,"column":89}},"14":{"start":{"line":15,"column":0},"end":{"line":15,"column":91}},"15":{"start":{"line":16,"column":0},"end":{"line":16,"column":75}},"16":{"start":{"line":17,"column":0},"end":{"line":17,"column":77}},"17":{"start":{"line":18,"column":0},"end":{"line":18,"column":2}},"18":{"start":{"line":19,"column":0},"end":{"line":19,"column":0}},"19":{"start":{"line":20,"column":0},"end":{"line":20,"column":45}},"20":{"start":{"line":21,"column":0},"end":{"line":21,"column":28}},"21":{"start":{"line":22,"column":0},"end":{"line":22,"column":28}},"22":{"start":{"line":23,"column":0},"end":{"line":23,"column":3}},"23":{"start":{"line":24,"column":0},"end":{"line":24,"column":33}},"24":{"start":{"line":25,"column":0},"end":{"line":25,"column":33}},"25":{"start":{"line":26,"column":0},"end":{"line":26,"column":3}},"26":{"start":{"line":27,"column":0},"end":{"line":27,"column":39}},"27":{"start":{"line":28,"column":0},"end":{"line":28,"column":14}},"28":{"start":{"line":29,"column":0},"end":{"line":29,"column":7}},"29":{"start":{"line":30,"column":0},"end":{"line":30,"column":12}},"30":{"start":{"line":31,"column":0},"end":{"line":31,"column":40}},"31":{"start":{"line":32,"column":0},"end":{"line":32,"column":4}},"32":{"start":{"line":33,"column":0},"end":{"line":33,"column":1}},"33":{"start":{"line":34,"column":0},"end":{"line":34,"column":0}},"34":{"start":{"line":35,"column":0},"end":{"line":35,"column":37}},"35":{"start":{"line":36,"column":0},"end":{"line":36,"column":53}},"36":{"start":{"line":37,"column":0},"end":{"line":37,"column":25}},"37":{"start":{"line":38,"column":0},"end":{"line":38,"column":32}},"38":{"start":{"line":39,"column":0},"end":{"line":39,"column":0}},"39":{"start":{"line":40,"column":0},"end":{"line":40,"column":45}},"40":{"start":{"line":41,"column":0},"end":{"line":41,"column":42}},"41":{"start":{"line":42,"column":0},"end":{"line":42,"column":0}},"42":{"start":{"line":43,"column":0},"end":{"line":43,"column":34}},"43":{"start":{"line":44,"column":0},"end":{"line":44,"column":24}},"44":{"start":{"line":45,"column":0},"end":{"line":45,"column":56}},"45":{"start":{"line":46,"column":0},"end":{"line":46,"column":20}},"46":{"start":{"line":47,"column":0},"end":{"line":47,"column":51}},"47":{"start":{"line":48,"column":0},"end":{"line":48,"column":100}},"48":{"start":{"line":49,"column":0},"end":{"line":49,"column":38}},"49":{"start":{"line":50,"column":0},"end":{"line":50,"column":29}},"50":{"start":{"line":51,"column":0},"end":{"line":51,"column":44}},"51":{"start":{"line":52,"column":0},"end":{"line":52,"column":47}},"52":{"start":{"line":53,"column":0},"end":{"line":53,"column":0}},"53":{"start":{"line":54,"column":0},"end":{"line":54,"column":35}},"54":{"start":{"line":55,"column":0},"end":{"line":55,"column":62}},"55":{"start":{"line":56,"column":0},"end":{"line":56,"column":75}},"56":{"start":{"line":57,"column":0},"end":{"line":57,"column":39}},"57":{"start":{"line":58,"column":0},"end":{"line":58,"column":62}},"58":{"start":{"line":59,"column":0},"end":{"line":59,"column":49}},"59":{"start":{"line":60,"column":0},"end":{"line":60,"column":31}},"60":{"start":{"line":61,"column":0},"end":{"line":61,"column":74}},"61":{"start":{"line":62,"column":0},"end":{"line":62,"column":16}},"62":{"start":{"line":63,"column":0},"end":{"line":63,"column":58}},"63":{"start":{"line":64,"column":0},"end":{"line":64,"column":13}},"64":{"start":{"line":65,"column":0},"end":{"line":65,"column":11}},"65":{"start":{"line":66,"column":0},"end":{"line":66,"column":16}},"66":{"start":{"line":67,"column":0},"end":{"line":67,"column":53}},"67":{"start":{"line":68,"column":0},"end":{"line":68,"column":20}},"68":{"start":{"line":69,"column":0},"end":{"line":69,"column":50}},"69":{"start":{"line":70,"column":0},"end":{"line":70,"column":87}},"70":{"start":{"line":71,"column":0},"end":{"line":71,"column":38}},"71":{"start":{"line":72,"column":0},"end":{"line":72,"column":29}},"72":{"start":{"line":73,"column":0},"end":{"line":73,"column":43}},"73":{"start":{"line":74,"column":0},"end":{"line":74,"column":47}},"74":{"start":{"line":75,"column":0},"end":{"line":75,"column":0}},"75":{"start":{"line":76,"column":0},"end":{"line":76,"column":35}},"76":{"start":{"line":77,"column":0},"end":{"line":77,"column":62}},"77":{"start":{"line":78,"column":0},"end":{"line":78,"column":75}},"78":{"start":{"line":79,"column":0},"end":{"line":79,"column":39}},"79":{"start":{"line":80,"column":0},"end":{"line":80,"column":62}},"80":{"start":{"line":81,"column":0},"end":{"line":81,"column":118}},"81":{"start":{"line":82,"column":0},"end":{"line":82,"column":57}},"82":{"start":{"line":83,"column":0},"end":{"line":83,"column":13}},"83":{"start":{"line":84,"column":0},"end":{"line":84,"column":11}},"84":{"start":{"line":85,"column":0},"end":{"line":85,"column":9}},"85":{"start":{"line":86,"column":0},"end":{"line":86,"column":41}},"86":{"start":{"line":87,"column":0},"end":{"line":87,"column":25}},"87":{"start":{"line":88,"column":0},"end":{"line":88,"column":42}},"88":{"start":{"line":89,"column":0},"end":{"line":89,"column":36}},"89":{"start":{"line":90,"column":0},"end":{"line":90,"column":16}},"90":{"start":{"line":91,"column":0},"end":{"line":91,"column":9}},"91":{"start":{"line":92,"column":0},"end":{"line":92,"column":31}},"92":{"start":{"line":93,"column":0},"end":{"line":93,"column":16}},"93":{"start":{"line":94,"column":0},"end":{"line":94,"column":9}},"94":{"start":{"line":95,"column":0},"end":{"line":95,"column":54}},"95":{"start":{"line":96,"column":0},"end":{"line":96,"column":16}},"96":{"start":{"line":97,"column":0},"end":{"line":97,"column":9}},"97":{"start":{"line":98,"column":0},"end":{"line":98,"column":46}},"98":{"start":{"line":99,"column":0},"end":{"line":99,"column":16}},"99":{"start":{"line":100,"column":0},"end":{"line":100,"column":9}},"100":{"start":{"line":101,"column":0},"end":{"line":101,"column":50}},"101":{"start":{"line":102,"column":0},"end":{"line":102,"column":16}},"102":{"start":{"line":103,"column":0},"end":{"line":103,"column":9}},"103":{"start":{"line":104,"column":0},"end":{"line":104,"column":55}},"104":{"start":{"line":105,"column":0},"end":{"line":105,"column":16}},"105":{"start":{"line":106,"column":0},"end":{"line":106,"column":9}},"106":{"start":{"line":107,"column":0},"end":{"line":107,"column":67}},"107":{"start":{"line":108,"column":0},"end":{"line":108,"column":16}},"108":{"start":{"line":109,"column":0},"end":{"line":109,"column":9}},"109":{"start":{"line":110,"column":0},"end":{"line":110,"column":59}},"110":{"start":{"line":111,"column":0},"end":{"line":111,"column":16}},"111":{"start":{"line":112,"column":0},"end":{"line":112,"column":9}},"112":{"start":{"line":113,"column":0},"end":{"line":113,"column":0}},"113":{"start":{"line":114,"column":0},"end":{"line":114,"column":24}},"114":{"start":{"line":115,"column":0},"end":{"line":115,"column":43}},"115":{"start":{"line":116,"column":0},"end":{"line":116,"column":59}},"116":{"start":{"line":117,"column":0},"end":{"line":117,"column":71}},"117":{"start":{"line":118,"column":0},"end":{"line":118,"column":16}},"118":{"start":{"line":119,"column":0},"end":{"line":119,"column":54}},"119":{"start":{"line":120,"column":0},"end":{"line":120,"column":33}},"120":{"start":{"line":121,"column":0},"end":{"line":121,"column":9}},"121":{"start":{"line":122,"column":0},"end":{"line":122,"column":0}},"122":{"start":{"line":123,"column":0},"end":{"line":123,"column":47}},"123":{"start":{"line":124,"column":0},"end":{"line":124,"column":36}},"124":{"start":{"line":125,"column":0},"end":{"line":125,"column":61}},"125":{"start":{"line":126,"column":0},"end":{"line":126,"column":41}},"126":{"start":{"line":127,"column":0},"end":{"line":127,"column":0}},"127":{"start":{"line":128,"column":0},"end":{"line":128,"column":37}},"128":{"start":{"line":129,"column":0},"end":{"line":129,"column":63}},"129":{"start":{"line":130,"column":0},"end":{"line":130,"column":50}},"130":{"start":{"line":131,"column":0},"end":{"line":131,"column":0}},"131":{"start":{"line":132,"column":0},"end":{"line":132,"column":32}},"132":{"start":{"line":133,"column":0},"end":{"line":133,"column":0}},"133":{"start":{"line":134,"column":0},"end":{"line":134,"column":25}},"134":{"start":{"line":135,"column":0},"end":{"line":135,"column":87}},"135":{"start":{"line":136,"column":0},"end":{"line":136,"column":71}},"136":{"start":{"line":137,"column":0},"end":{"line":137,"column":66}},"137":{"start":{"line":138,"column":0},"end":{"line":138,"column":48}},"138":{"start":{"line":139,"column":0},"end":{"line":139,"column":45}},"139":{"start":{"line":140,"column":0},"end":{"line":140,"column":60}},"140":{"start":{"line":141,"column":0},"end":{"line":141,"column":90}},"141":{"start":{"line":142,"column":0},"end":{"line":142,"column":0}},"142":{"start":{"line":143,"column":0},"end":{"line":143,"column":103}},"143":{"start":{"line":144,"column":0},"end":{"line":144,"column":9}},"144":{"start":{"line":145,"column":0},"end":{"line":145,"column":0}},"145":{"start":{"line":146,"column":0},"end":{"line":146,"column":43}},"146":{"start":{"line":147,"column":0},"end":{"line":147,"column":7}},"147":{"start":{"line":148,"column":0},"end":{"line":148,"column":5}},"148":{"start":{"line":149,"column":0},"end":{"line":149,"column":4}},"149":{"start":{"line":150,"column":0},"end":{"line":150,"column":25}},"150":{"start":{"line":151,"column":0},"end":{"line":151,"column":1}},"151":{"start":{"line":152,"column":0},"end":{"line":152,"column":0}},"152":{"start":{"line":153,"column":0},"end":{"line":153,"column":42}},"153":{"start":{"line":154,"column":0},"end":{"line":154,"column":58}},"154":{"start":{"line":155,"column":0},"end":{"line":155,"column":50}},"155":{"start":{"line":156,"column":0},"end":{"line":156,"column":32}},"156":{"start":{"line":157,"column":0},"end":{"line":157,"column":0}},"157":{"start":{"line":158,"column":0},"end":{"line":158,"column":78}},"158":{"start":{"line":159,"column":0},"end":{"line":159,"column":23}},"159":{"start":{"line":160,"column":0},"end":{"line":160,"column":23}},"160":{"start":{"line":161,"column":0},"end":{"line":161,"column":0}},"161":{"start":{"line":162,"column":0},"end":{"line":162,"column":50}},"162":{"start":{"line":163,"column":0},"end":{"line":163,"column":51}},"163":{"start":{"line":164,"column":0},"end":{"line":164,"column":68}},"164":{"start":{"line":165,"column":0},"end":{"line":165,"column":32}},"165":{"start":{"line":166,"column":0},"end":{"line":166,"column":25}},"166":{"start":{"line":167,"column":0},"end":{"line":167,"column":5}},"167":{"start":{"line":168,"column":0},"end":{"line":168,"column":0}},"168":{"start":{"line":169,"column":0},"end":{"line":169,"column":76}},"169":{"start":{"line":170,"column":0},"end":{"line":170,"column":23}},"170":{"start":{"line":171,"column":0},"end":{"line":171,"column":23}},"171":{"start":{"line":172,"column":0},"end":{"line":172,"column":4}},"172":{"start":{"line":173,"column":0},"end":{"line":173,"column":30}},"173":{"start":{"line":174,"column":0},"end":{"line":174,"column":1}},"174":{"start":{"line":175,"column":0},"end":{"line":175,"column":0}},"175":{"start":{"line":176,"column":0},"end":{"line":176,"column":51}},"176":{"start":{"line":177,"column":0},"end":{"line":177,"column":54}},"177":{"start":{"line":178,"column":0},"end":{"line":178,"column":30}},"178":{"start":{"line":179,"column":0},"end":{"line":179,"column":91}},"179":{"start":{"line":180,"column":0},"end":{"line":180,"column":66}},"180":{"start":{"line":181,"column":0},"end":{"line":181,"column":4}},"181":{"start":{"line":182,"column":0},"end":{"line":182,"column":1}},"182":{"start":{"line":183,"column":0},"end":{"line":183,"column":0}},"183":{"start":{"line":184,"column":0},"end":{"line":184,"column":51}},"184":{"start":{"line":185,"column":0},"end":{"line":185,"column":54}},"185":{"start":{"line":186,"column":0},"end":{"line":186,"column":30}},"186":{"start":{"line":187,"column":0},"end":{"line":187,"column":135}},"187":{"start":{"line":188,"column":0},"end":{"line":188,"column":4}},"188":{"start":{"line":189,"column":0},"end":{"line":189,"column":1}},"189":{"start":{"line":190,"column":0},"end":{"line":190,"column":0}},"190":{"start":{"line":191,"column":0},"end":{"line":191,"column":52}},"191":{"start":{"line":192,"column":0},"end":{"line":192,"column":54}},"192":{"start":{"line":193,"column":0},"end":{"line":193,"column":30}},"193":{"start":{"line":194,"column":0},"end":{"line":194,"column":29}},"194":{"start":{"line":195,"column":0},"end":{"line":195,"column":4}},"195":{"start":{"line":196,"column":0},"end":{"line":196,"column":1}},"196":{"start":{"line":197,"column":0},"end":{"line":197,"column":0}},"197":{"start":{"line":198,"column":0},"end":{"line":198,"column":44}},"198":{"start":{"line":199,"column":0},"end":{"line":199,"column":54}},"199":{"start":{"line":200,"column":0},"end":{"line":200,"column":30}},"200":{"start":{"line":201,"column":0},"end":{"line":201,"column":35}},"201":{"start":{"line":202,"column":0},"end":{"line":202,"column":51}},"202":{"start":{"line":203,"column":0},"end":{"line":203,"column":4}},"203":{"start":{"line":204,"column":0},"end":{"line":204,"column":1}},"204":{"start":{"line":205,"column":0},"end":{"line":205,"column":0}},"205":{"start":{"line":206,"column":0},"end":{"line":206,"column":45}},"206":{"start":{"line":207,"column":0},"end":{"line":207,"column":54}},"207":{"start":{"line":208,"column":0},"end":{"line":208,"column":30}},"208":{"start":{"line":209,"column":0},"end":{"line":209,"column":33}},"209":{"start":{"line":210,"column":0},"end":{"line":210,"column":39}},"210":{"start":{"line":211,"column":0},"end":{"line":211,"column":40}},"211":{"start":{"line":212,"column":0},"end":{"line":212,"column":12}},"212":{"start":{"line":213,"column":0},"end":{"line":213,"column":27}},"213":{"start":{"line":214,"column":0},"end":{"line":214,"column":26}},"214":{"start":{"line":215,"column":0},"end":{"line":215,"column":106}},"215":{"start":{"line":216,"column":0},"end":{"line":216,"column":27}},"216":{"start":{"line":217,"column":0},"end":{"line":217,"column":19}},"217":{"start":{"line":218,"column":0},"end":{"line":218,"column":6}},"218":{"start":{"line":219,"column":0},"end":{"line":219,"column":4}},"219":{"start":{"line":220,"column":0},"end":{"line":220,"column":1}},"220":{"start":{"line":221,"column":0},"end":{"line":221,"column":0}},"221":{"start":{"line":222,"column":0},"end":{"line":222,"column":25}},"222":{"start":{"line":223,"column":0},"end":{"line":223,"column":91}},"223":{"start":{"line":224,"column":0},"end":{"line":224,"column":1}},"224":{"start":{"line":225,"column":0},"end":{"line":225,"column":0}},"225":{"start":{"line":226,"column":0},"end":{"line":226,"column":29}},"226":{"start":{"line":227,"column":0},"end":{"line":227,"column":15}},"227":{"start":{"line":228,"column":0},"end":{"line":228,"column":17}},"228":{"start":{"line":229,"column":0},"end":{"line":229,"column":20}},"229":{"start":{"line":230,"column":0},"end":{"line":230,"column":13}},"230":{"start":{"line":231,"column":0},"end":{"line":231,"column":13}},"231":{"start":{"line":232,"column":0},"end":{"line":232,"column":30}},"232":{"start":{"line":233,"column":0},"end":{"line":233,"column":16}},"233":{"start":{"line":234,"column":0},"end":{"line":234,"column":2}},"234":{"start":{"line":235,"column":0},"end":{"line":235,"column":0}},"235":{"start":{"line":236,"column":0},"end":{"line":236,"column":34}}},"s":{"0":1,"1":1,"2":1,"3":1,"4":1,"5":4,"6":4,"7":4,"8":4,"9":4,"10":4,"11":1,"12":1,"13":1,"14":1,"15":1,"16":1,"17":1,"18":1,"19":19,"20":19,"21":18,"22":18,"23":19,"24":18,"25":18,"26":19,"27":19,"28":19,"29":19,"30":19,"31":19,"32":19,"33":1,"34":20,"35":20,"36":19,"37":19,"38":19,"39":19,"40":486,"41":486,"42":486,"43":480,"44":480,"45":480,"46":480,"47":480,"48":480,"49":480,"50":480,"51":480,"52":480,"53":480,"54":480,"55":480,"56":480,"57":480,"58":480,"59":480,"60":480,"61":480,"62":480,"63":480,"64":480,"65":480,"66":480,"67":480,"68":480,"69":480,"70":480,"71":480,"72":480,"73":480,"74":480,"75":480,"76":480,"77":480,"78":480,"79":480,"80":480,"81":480,"82":480,"83":480,"84":480,"85":480,"86":466,"87":466,"88":15,"89":2,"90":2,"91":15,"92":0,"93":0,"94":15,"95":0,"96":0,"97":15,"98":0,"99":0,"100":15,"101":0,"102":0,"103":15,"104":0,"105":0,"106":15,"107":0,"108":0,"109":15,"110":0,"111":0,"112":13,"113":13,"114":13,"115":15,"116":12,"117":12,"118":12,"119":12,"120":12,"121":13,"122":13,"123":13,"124":14,"125":13,"126":13,"127":13,"128":14,"129":13,"130":13,"131":13,"132":13,"133":15,"134":1,"135":1,"136":1,"137":1,"138":1,"139":1,"140":1,"141":1,"142":1,"143":1,"144":13,"145":13,"146":13,"147":486,"148":19,"149":20,"150":20,"151":1,"152":20,"153":20,"154":19,"155":17,"156":17,"157":17,"158":17,"159":17,"160":17,"161":18,"162":18,"163":18,"164":18,"165":18,"166":18,"167":17,"168":17,"169":17,"170":17,"171":17,"172":20,"173":20,"174":1,"175":20,"176":20,"177":17,"178":17,"179":17,"180":17,"181":20,"182":1,"183":20,"184":20,"185":18,"186":18,"187":18,"188":20,"189":1,"190":20,"191":20,"192":17,"193":17,"194":17,"195":20,"196":1,"197":20,"198":20,"199":12,"200":12,"201":12,"202":12,"203":20,"204":1,"205":20,"206":20,"207":12,"208":12,"209":12,"210":12,"211":12,"212":12,"213":12,"214":12,"215":12,"216":12,"217":12,"218":12,"219":20,"220":1,"221":12,"222":12,"223":12,"224":1,"225":1,"226":1,"227":1,"228":1,"229":1,"230":1,"231":1,"232":1,"233":1,"234":1,"235":1},"branchMap":{"0":{"type":"branch","line":236,"loc":{"start":{"line":236,"column":34},"end":{"line":236,"column":34}},"locations":[{"start":{"line":236,"column":34},"end":{"line":236,"column":34}}]},"1":{"type":"branch","line":1,"loc":{"start":{"line":1,"column":25},"end":{"line":1,"column":6}},"locations":[{"start":{"line":1,"column":25},"end":{"line":1,"column":6}}]},"2":{"type":"branch","line":4,"loc":{"start":{"line":4,"column":17},"end":{"line":4,"column":100}},"locations":[{"start":{"line":4,"column":17},"end":{"line":4,"column":100}}]},"3":{"type":"branch","line":5,"loc":{"start":{"line":5,"column":14},"end":{"line":11,"column":3}},"locations":[{"start":{"line":5,"column":14},"end":{"line":11,"column":3}}]},"4":{"type":"branch","line":5,"loc":{"start":{"line":5,"column":14},"end":{"line":8,"column":9}},"locations":[{"start":{"line":5,"column":14},"end":{"line":8,"column":9}}]},"5":{"type":"branch","line":5,"loc":{"start":{"line":5,"column":2},"end":{"line":11,"column":3}},"locations":[{"start":{"line":5,"column":2},"end":{"line":11,"column":3}}]},"6":{"type":"branch","line":4,"loc":{"start":{"line":4,"column":49},"end":{"line":4,"column":94}},"locations":[{"start":{"line":4,"column":49},"end":{"line":4,"column":94}}]},"7":{"type":"branch","line":20,"loc":{"start":{"line":20,"column":0},"end":{"line":33,"column":1}},"locations":[{"start":{"line":20,"column":0},"end":{"line":33,"column":1}}]},"8":{"type":"branch","line":21,"loc":{"start":{"line":21,"column":27},"end":{"line":23,"column":3}},"locations":[{"start":{"line":21,"column":27},"end":{"line":23,"column":3}}]},"9":{"type":"branch","line":24,"loc":{"start":{"line":24,"column":32},"end":{"line":26,"column":3}},"locations":[{"start":{"line":24,"column":32},"end":{"line":26,"column":3}}]},"10":{"type":"branch","line":35,"loc":{"start":{"line":35,"column":0},"end":{"line":151,"column":1}},"locations":[{"start":{"line":35,"column":0},"end":{"line":151,"column":1}}]},"11":{"type":"branch","line":36,"loc":{"start":{"line":36,"column":26},"end":{"line":149,"column":4}},"locations":[{"start":{"line":36,"column":26},"end":{"line":149,"column":4}}]},"12":{"type":"branch","line":40,"loc":{"start":{"line":40,"column":44},"end":{"line":148,"column":5}},"locations":[{"start":{"line":40,"column":44},"end":{"line":148,"column":5}}]},"13":{"type":"branch","line":43,"loc":{"start":{"line":43,"column":33},"end":{"line":86,"column":13}},"locations":[{"start":{"line":43,"column":33},"end":{"line":86,"column":13}}]},"14":{"type":"branch","line":44,"loc":{"start":{"line":44,"column":23},"end":{"line":66,"column":15}},"locations":[{"start":{"line":44,"column":23},"end":{"line":66,"column":15}}]},"15":{"type":"branch","line":47,"loc":{"start":{"line":47,"column":50},"end":{"line":65,"column":11}},"locations":[{"start":{"line":47,"column":50},"end":{"line":65,"column":11}}]},"16":{"type":"branch","line":50,"loc":{"start":{"line":50,"column":20},"end":{"line":50,"column":29}},"locations":[{"start":{"line":50,"column":20},"end":{"line":50,"column":29}}]},"17":{"type":"branch","line":50,"loc":{"start":{"line":50,"column":20},"end":{"line":54,"column":16}},"locations":[{"start":{"line":50,"column":20},"end":{"line":54,"column":16}}]},"18":{"type":"branch","line":54,"loc":{"start":{"line":54,"column":34},"end":{"line":64,"column":13}},"locations":[{"start":{"line":54,"column":34},"end":{"line":64,"column":13}}]},"19":{"type":"branch","line":44,"loc":{"start":{"line":44,"column":8},"end":{"line":85,"column":9}},"locations":[{"start":{"line":44,"column":8},"end":{"line":85,"column":9}}]},"20":{"type":"branch","line":69,"loc":{"start":{"line":69,"column":49},"end":{"line":84,"column":11}},"locations":[{"start":{"line":69,"column":49},"end":{"line":84,"column":11}}]},"21":{"type":"branch","line":72,"loc":{"start":{"line":72,"column":20},"end":{"line":72,"column":29}},"locations":[{"start":{"line":72,"column":20},"end":{"line":72,"column":29}}]},"22":{"type":"branch","line":72,"loc":{"start":{"line":72,"column":20},"end":{"line":83,"column":13}},"locations":[{"start":{"line":72,"column":20},"end":{"line":83,"column":13}}]},"23":{"type":"branch","line":43,"loc":{"start":{"line":43,"column":6},"end":{"line":147,"column":7}},"locations":[{"start":{"line":43,"column":6},"end":{"line":147,"column":7}}]},"24":{"type":"branch","line":86,"loc":{"start":{"line":86,"column":40},"end":{"line":88,"column":13}},"locations":[{"start":{"line":86,"column":40},"end":{"line":88,"column":13}}]},"25":{"type":"branch","line":86,"loc":{"start":{"line":86,"column":13},"end":{"line":147,"column":7}},"locations":[{"start":{"line":86,"column":13},"end":{"line":147,"column":7}}]},"26":{"type":"branch","line":88,"loc":{"start":{"line":88,"column":41},"end":{"line":147,"column":7}},"locations":[{"start":{"line":88,"column":41},"end":{"line":147,"column":7}}]},"27":{"type":"branch","line":89,"loc":{"start":{"line":89,"column":35},"end":{"line":91,"column":9}},"locations":[{"start":{"line":89,"column":35},"end":{"line":91,"column":9}}]},"28":{"type":"branch","line":91,"loc":{"start":{"line":91,"column":9},"end":{"line":92,"column":12}},"locations":[{"start":{"line":91,"column":9},"end":{"line":92,"column":12}}]},"29":{"type":"branch","line":92,"loc":{"start":{"line":92,"column":30},"end":{"line":94,"column":9}},"locations":[{"start":{"line":92,"column":30},"end":{"line":94,"column":9}}]},"30":{"type":"branch","line":94,"loc":{"start":{"line":94,"column":9},"end":{"line":95,"column":12}},"locations":[{"start":{"line":94,"column":9},"end":{"line":95,"column":12}}]},"31":{"type":"branch","line":95,"loc":{"start":{"line":95,"column":53},"end":{"line":97,"column":9}},"locations":[{"start":{"line":95,"column":53},"end":{"line":97,"column":9}}]},"32":{"type":"branch","line":97,"loc":{"start":{"line":97,"column":9},"end":{"line":98,"column":12}},"locations":[{"start":{"line":97,"column":9},"end":{"line":98,"column":12}}]},"33":{"type":"branch","line":98,"loc":{"start":{"line":98,"column":45},"end":{"line":100,"column":9}},"locations":[{"start":{"line":98,"column":45},"end":{"line":100,"column":9}}]},"34":{"type":"branch","line":100,"loc":{"start":{"line":100,"column":9},"end":{"line":101,"column":12}},"locations":[{"start":{"line":100,"column":9},"end":{"line":101,"column":12}}]},"35":{"type":"branch","line":101,"loc":{"start":{"line":101,"column":49},"end":{"line":103,"column":9}},"locations":[{"start":{"line":101,"column":49},"end":{"line":103,"column":9}}]},"36":{"type":"branch","line":103,"loc":{"start":{"line":103,"column":9},"end":{"line":104,"column":12}},"locations":[{"start":{"line":103,"column":9},"end":{"line":104,"column":12}}]},"37":{"type":"branch","line":104,"loc":{"start":{"line":104,"column":54},"end":{"line":106,"column":9}},"locations":[{"start":{"line":104,"column":54},"end":{"line":106,"column":9}}]},"38":{"type":"branch","line":106,"loc":{"start":{"line":106,"column":9},"end":{"line":107,"column":12}},"locations":[{"start":{"line":106,"column":9},"end":{"line":107,"column":12}}]},"39":{"type":"branch","line":107,"loc":{"start":{"line":107,"column":66},"end":{"line":109,"column":9}},"locations":[{"start":{"line":107,"column":66},"end":{"line":109,"column":9}}]},"40":{"type":"branch","line":109,"loc":{"start":{"line":109,"column":9},"end":{"line":110,"column":12}},"locations":[{"start":{"line":109,"column":9},"end":{"line":110,"column":12}}]},"41":{"type":"branch","line":110,"loc":{"start":{"line":110,"column":58},"end":{"line":112,"column":9}},"locations":[{"start":{"line":110,"column":58},"end":{"line":112,"column":9}}]},"42":{"type":"branch","line":112,"loc":{"start":{"line":112,"column":9},"end":{"line":116,"column":12}},"locations":[{"start":{"line":112,"column":9},"end":{"line":116,"column":12}}]},"43":{"type":"branch","line":116,"loc":{"start":{"line":116,"column":58},"end":{"line":118,"column":15}},"locations":[{"start":{"line":116,"column":58},"end":{"line":118,"column":15}}]},"44":{"type":"branch","line":116,"loc":{"start":{"line":116,"column":8},"end":{"line":134,"column":12}},"locations":[{"start":{"line":116,"column":8},"end":{"line":134,"column":12}}]},"45":{"type":"branch","line":116,"loc":{"start":{"line":116,"column":8},"end":{"line":121,"column":9}},"locations":[{"start":{"line":116,"column":8},"end":{"line":121,"column":9}}]},"46":{"type":"branch","line":121,"loc":{"start":{"line":121,"column":9},"end":{"line":125,"column":12}},"locations":[{"start":{"line":121,"column":9},"end":{"line":125,"column":12}}]},"47":{"type":"branch","line":125,"loc":{"start":{"line":125,"column":23},"end":{"line":125,"column":32}},"locations":[{"start":{"line":125,"column":23},"end":{"line":125,"column":32}}]},"48":{"type":"branch","line":125,"loc":{"start":{"line":125,"column":23},"end":{"line":129,"column":12}},"locations":[{"start":{"line":125,"column":23},"end":{"line":129,"column":12}}]},"49":{"type":"branch","line":129,"loc":{"start":{"line":129,"column":23},"end":{"line":129,"column":33}},"locations":[{"start":{"line":129,"column":23},"end":{"line":129,"column":33}}]},"50":{"type":"branch","line":129,"loc":{"start":{"line":129,"column":23},"end":{"line":134,"column":12}},"locations":[{"start":{"line":129,"column":23},"end":{"line":134,"column":12}}]},"51":{"type":"branch","line":134,"loc":{"start":{"line":134,"column":24},"end":{"line":144,"column":9}},"locations":[{"start":{"line":134,"column":24},"end":{"line":144,"column":9}}]},"52":{"type":"branch","line":144,"loc":{"start":{"line":144,"column":9},"end":{"line":147,"column":7}},"locations":[{"start":{"line":144,"column":9},"end":{"line":147,"column":7}}]},"53":{"type":"branch","line":153,"loc":{"start":{"line":153,"column":0},"end":{"line":174,"column":1}},"locations":[{"start":{"line":153,"column":0},"end":{"line":174,"column":1}}]},"54":{"type":"branch","line":154,"loc":{"start":{"line":154,"column":31},"end":{"line":172,"column":4}},"locations":[{"start":{"line":154,"column":31},"end":{"line":172,"column":4}}]},"55":{"type":"branch","line":155,"loc":{"start":{"line":155,"column":8},"end":{"line":155,"column":43}},"locations":[{"start":{"line":155,"column":8},"end":{"line":155,"column":43}}]},"56":{"type":"branch","line":155,"loc":{"start":{"line":155,"column":43},"end":{"line":155,"column":50}},"locations":[{"start":{"line":155,"column":43},"end":{"line":155,"column":50}}]},"57":{"type":"branch","line":155,"loc":{"start":{"line":155,"column":43},"end":{"line":172,"column":4}},"locations":[{"start":{"line":155,"column":43},"end":{"line":172,"column":4}}]},"58":{"type":"branch","line":155,"loc":{"start":{"line":155,"column":43},"end":{"line":162,"column":9}},"locations":[{"start":{"line":155,"column":43},"end":{"line":162,"column":9}}]},"59":{"type":"branch","line":167,"loc":{"start":{"line":167,"column":5},"end":{"line":172,"column":4}},"locations":[{"start":{"line":167,"column":5},"end":{"line":172,"column":4}}]},"60":{"type":"branch","line":176,"loc":{"start":{"line":176,"column":0},"end":{"line":182,"column":1}},"locations":[{"start":{"line":176,"column":0},"end":{"line":182,"column":1}}]},"61":{"type":"branch","line":177,"loc":{"start":{"line":177,"column":9},"end":{"line":181,"column":4}},"locations":[{"start":{"line":177,"column":9},"end":{"line":181,"column":4}}]},"62":{"type":"branch","line":179,"loc":{"start":{"line":179,"column":18},"end":{"line":179,"column":88}},"locations":[{"start":{"line":179,"column":18},"end":{"line":179,"column":88}}]},"63":{"type":"branch","line":179,"loc":{"start":{"line":179,"column":18},"end":{"line":179,"column":91}},"locations":[{"start":{"line":179,"column":18},"end":{"line":179,"column":91}}]},"64":{"type":"branch","line":184,"loc":{"start":{"line":184,"column":0},"end":{"line":189,"column":1}},"locations":[{"start":{"line":184,"column":0},"end":{"line":189,"column":1}}]},"65":{"type":"branch","line":185,"loc":{"start":{"line":185,"column":9},"end":{"line":188,"column":4}},"locations":[{"start":{"line":185,"column":9},"end":{"line":188,"column":4}}]},"66":{"type":"branch","line":191,"loc":{"start":{"line":191,"column":0},"end":{"line":196,"column":1}},"locations":[{"start":{"line":191,"column":0},"end":{"line":196,"column":1}}]},"67":{"type":"branch","line":192,"loc":{"start":{"line":192,"column":9},"end":{"line":195,"column":4}},"locations":[{"start":{"line":192,"column":9},"end":{"line":195,"column":4}}]},"68":{"type":"branch","line":198,"loc":{"start":{"line":198,"column":0},"end":{"line":204,"column":1}},"locations":[{"start":{"line":198,"column":0},"end":{"line":204,"column":1}}]},"69":{"type":"branch","line":199,"loc":{"start":{"line":199,"column":9},"end":{"line":203,"column":4}},"locations":[{"start":{"line":199,"column":9},"end":{"line":203,"column":4}}]},"70":{"type":"branch","line":206,"loc":{"start":{"line":206,"column":0},"end":{"line":220,"column":1}},"locations":[{"start":{"line":206,"column":0},"end":{"line":220,"column":1}}]},"71":{"type":"branch","line":207,"loc":{"start":{"line":207,"column":9},"end":{"line":219,"column":4}},"locations":[{"start":{"line":207,"column":9},"end":{"line":219,"column":4}}]},"72":{"type":"branch","line":215,"loc":{"start":{"line":215,"column":13},"end":{"line":215,"column":88}},"locations":[{"start":{"line":215,"column":13},"end":{"line":215,"column":88}}]},"73":{"type":"branch","line":215,"loc":{"start":{"line":215,"column":13},"end":{"line":215,"column":91}},"locations":[{"start":{"line":215,"column":13},"end":{"line":215,"column":91}}]},"74":{"type":"branch","line":222,"loc":{"start":{"line":222,"column":0},"end":{"line":224,"column":1}},"locations":[{"start":{"line":222,"column":0},"end":{"line":224,"column":1}}]}},"b":{"0":[4],"1":[20],"2":[4],"3":[19],"4":[16],"5":[4],"6":[136],"7":[19],"8":[18],"9":[18],"10":[20],"11":[19],"12":[486],"13":[6],"14":[4],"15":[5],"16":[1],"17":[4],"18":[3],"19":[2],"20":[3],"21":[1],"22":[2],"23":[480],"24":[14],"25":[466],"26":[15],"27":[2],"28":[13],"29":[0],"30":[13],"31":[0],"32":[13],"33":[0],"34":[13],"35":[0],"36":[13],"37":[0],"38":[13],"39":[0],"40":[13],"41":[0],"42":[13],"43":[1],"44":[14],"45":[12],"46":[13],"47":[12],"48":[13],"49":[12],"50":[13],"51":[1],"52":[13],"53":[20],"54":[19],"55":[18],"56":[2],"57":[18],"58":[17],"59":[17],"60":[20],"61":[17],"62":[16],"63":[1],"64":[20],"65":[18],"66":[20],"67":[17],"68":[20],"69":[12],"70":[20],"71":[12],"72":[11],"73":[1],"74":[12]},"fnMap":{"0":{"name":"table_references","decl":{"start":{"line":1,"column":25},"end":{"line":1,"column":6}},"loc":{"start":{"line":1,"column":25},"end":{"line":1,"column":6}},"line":1},"1":{"name":"addTable","decl":{"start":{"line":20,"column":0},"end":{"line":33,"column":1}},"loc":{"start":{"line":20,"column":0},"end":{"line":33,"column":1}},"line":20},"2":{"name":"table_reference_rule","decl":{"start":{"line":35,"column":0},"end":{"line":151,"column":1}},"loc":{"start":{"line":35,"column":0},"end":{"line":151,"column":1}},"line":35},"3":{"name":"table_reference","decl":{"start":{"line":36,"column":26},"end":{"line":149,"column":4}},"loc":{"start":{"line":36,"column":26},"end":{"line":149,"column":4}},"line":36},"4":{"name":"table_reference_list_rule","decl":{"start":{"line":153,"column":0},"end":{"line":174,"column":1}},"loc":{"start":{"line":153,"column":0},"end":{"line":174,"column":1}},"line":153},"5":{"name":"table_reference_list","decl":{"start":{"line":154,"column":31},"end":{"line":172,"column":4}},"loc":{"start":{"line":154,"column":31},"end":{"line":172,"column":4}},"line":154},"6":{"name":"table_reference_list_open_renderer","decl":{"start":{"line":176,"column":0},"end":{"line":182,"column":1}},"loc":{"start":{"line":176,"column":0},"end":{"line":182,"column":1}},"line":176},"7":{"name":"table_reference_list_item_renderer","decl":{"start":{"line":184,"column":0},"end":{"line":189,"column":1}},"loc":{"start":{"line":184,"column":0},"end":{"line":189,"column":1}},"line":184},"8":{"name":"table_reference_list_close_renderer","decl":{"start":{"line":191,"column":0},"end":{"line":196,"column":1}},"loc":{"start":{"line":191,"column":0},"end":{"line":196,"column":1}},"line":191},"9":{"name":"table_wrapper_open_renderer","decl":{"start":{"line":198,"column":0},"end":{"line":204,"column":1}},"loc":{"start":{"line":198,"column":0},"end":{"line":204,"column":1}},"line":198},"10":{"name":"table_wrapper_close_renderer","decl":{"start":{"line":206,"column":0},"end":{"line":220,"column":1}},"loc":{"start":{"line":206,"column":0},"end":{"line":220,"column":1}},"line":206},"11":{"name":"sanitize","decl":{"start":{"line":222,"column":0},"end":{"line":224,"column":1}},"loc":{"start":{"line":222,"column":0},"end":{"line":224,"column":1}},"line":222}},"f":{"0":20,"1":19,"2":20,"3":19,"4":20,"5":19,"6":20,"7":20,"8":20,"9":20,"10":20,"11":12}}
}
