{"total": {"lines":{"total":401,"covered":387,"skipped":0,"pct":96.51},"statements":{"total":401,"covered":387,"skipped":0,"pct":96.51},"functions":{"total":13,"covered":13,"skipped":0,"pct":100},"branches":{"total":117,"covered":106,"skipped":0,"pct":90.6}}
,"/home/alija/Git/github/studyathome-internationally/markdown-it-plugins/packages/markdown-it-table-references/index.js": {"lines":{"total":401,"covered":387,"skipped":0,"pct":96.51},"functions":{"total":13,"covered":13,"skipped":0,"pct":100},"statements":{"total":401,"covered":387,"skipped":0,"pct":96.51},"branches":{"total":117,"covered":106,"skipped":0,"pct":90.6}}
}
