{"total": {"lines":{"total":362,"covered":352,"skipped":0,"pct":97.24},"statements":{"total":362,"covered":352,"skipped":0,"pct":97.24},"functions":{"total":12,"covered":12,"skipped":0,"pct":100},"branches":{"total":104,"covered":95,"skipped":0,"pct":91.35}}
,"/home/alija/Git/github/studyathome-internationally/markdown-it-plugins/packages/markdown-it-table-references/index.js": {"lines":{"total":362,"covered":352,"skipped":0,"pct":97.24},"functions":{"total":12,"covered":12,"skipped":0,"pct":100},"statements":{"total":362,"covered":352,"skipped":0,"pct":97.24},"branches":{"total":104,"covered":95,"skipped":0,"pct":91.35}}
}
