TN:
SF:index.js
FN:4,table_references
FN:18,table_reference_rule
FN:19,table_reference
FN:179,table_reference_list_rule
FN:180,table_reference_list
FN:246,generate_caption
FN:260,generate_link
FN:277,render_anchor
FN:281,render_label
FN:286,add_table
FN:302,slugify
FN:306,loadOptions
FNF:12
FNH:12
FNDA:34,table_references
FNDA:34,table_reference_rule
FNDA:34,table_reference
FNDA:34,table_reference_list_rule
FNDA:34,table_reference_list
FNDA:28,generate_caption
FNDA:86,generate_link
FNDA:6,render_anchor
FNDA:6,render_label
FNDA:34,add_table
FNDA:27,slugify
FNDA:34,loadOptions
DA:1,1
DA:2,1
DA:3,1
DA:4,1
DA:5,1
DA:6,1
DA:7,1
DA:8,0
DA:9,0
DA:10,0
DA:11,0
DA:12,1
DA:13,1
DA:14,1
DA:15,1
DA:16,1
DA:17,1
DA:18,34
DA:19,34
DA:20,34
DA:21,34
DA:22,34
DA:23,34
DA:24,978
DA:25,978
DA:26,978
DA:27,972
DA:28,972
DA:29,972
DA:30,972
DA:31,972
DA:32,972
DA:33,972
DA:34,972
DA:35,972
DA:36,972
DA:37,972
DA:38,972
DA:39,972
DA:40,972
DA:41,972
DA:42,972
DA:43,972
DA:44,972
DA:45,972
DA:46,972
DA:47,972
DA:48,972
DA:49,972
DA:50,972
DA:51,972
DA:52,972
DA:53,972
DA:54,972
DA:55,972
DA:56,972
DA:57,972
DA:58,972
DA:59,972
DA:60,972
DA:61,972
DA:62,972
DA:63,972
DA:64,972
DA:65,972
DA:66,972
DA:67,972
DA:68,972
DA:69,972
DA:70,972
DA:71,972
DA:72,972
DA:73,972
DA:74,972
DA:75,972
DA:76,972
DA:77,972
DA:78,972
DA:79,943
DA:80,943
DA:81,29
DA:82,0
DA:83,0
DA:84,29
DA:85,0
DA:86,0
DA:87,29
DA:88,1
DA:89,1
DA:90,29
DA:91,0
DA:92,0
DA:93,29
DA:94,0
DA:95,0
DA:96,29
DA:97,0
DA:98,0
DA:99,28
DA:100,28
DA:101,28
DA:102,29
DA:103,27
DA:104,27
DA:105,27
DA:106,27
DA:107,27
DA:108,28
DA:109,28
DA:110,28
DA:111,28
DA:112,28
DA:113,1
DA:114,1
DA:115,1
DA:116,1
DA:117,1
DA:118,1
DA:119,1
DA:120,1
DA:121,1
DA:122,1
DA:123,1
DA:124,1
DA:125,1
DA:126,1
DA:127,1
DA:128,1
DA:129,1
DA:130,1
DA:131,1
DA:132,1
DA:133,1
DA:134,1
DA:135,1
DA:136,1
DA:137,1
DA:138,1
DA:139,1
DA:140,28
DA:141,28
DA:142,27
DA:143,27
DA:144,27
DA:145,27
DA:146,27
DA:147,27
DA:148,27
DA:149,27
DA:150,27
DA:151,27
DA:152,27
DA:153,27
DA:154,27
DA:155,27
DA:156,27
DA:157,27
DA:158,27
DA:159,27
DA:160,27
DA:161,27
DA:162,27
DA:163,27
DA:164,27
DA:165,27
DA:166,27
DA:167,27
DA:168,28
DA:169,28
DA:170,28
DA:171,28
DA:172,28
DA:173,28
DA:174,978
DA:175,978
DA:176,34
DA:177,34
DA:178,1
DA:179,34
DA:180,34
DA:181,34
DA:182,32
DA:183,32
DA:184,32
DA:185,33
DA:186,31
DA:187,31
DA:188,31
DA:189,31
DA:190,31
DA:191,31
DA:192,31
DA:193,31
DA:194,31
DA:195,31
DA:196,31
DA:197,31
DA:198,31
DA:199,31
DA:200,31
DA:201,31
DA:202,32
DA:203,32
DA:204,32
DA:205,32
DA:206,32
DA:207,32
DA:208,33
DA:209,33
DA:210,33
DA:211,33
DA:212,33
DA:213,33
DA:214,33
DA:215,33
DA:216,32
DA:217,32
DA:218,32
DA:219,32
DA:220,32
DA:221,32
DA:222,32
DA:223,32
DA:224,33
DA:225,32
DA:226,32
DA:227,32
DA:228,32
DA:229,32
DA:230,33
DA:231,33
DA:232,33
DA:233,33
DA:234,33
DA:235,33
DA:236,33
DA:237,33
DA:238,32
DA:239,32
DA:240,32
DA:241,32
DA:242,32
DA:243,34
DA:244,34
DA:245,1
DA:246,28
DA:247,28
DA:248,27
DA:249,27
DA:250,28
DA:251,27
DA:252,27
DA:253,28
DA:254,28
DA:255,28
DA:256,28
DA:257,28
DA:258,28
DA:259,1
DA:260,86
DA:261,86
DA:262,86
DA:263,86
DA:264,86
DA:265,86
DA:266,86
DA:267,86
DA:268,86
DA:269,86
DA:270,86
DA:271,86
DA:272,86
DA:273,86
DA:274,86
DA:275,86
DA:276,1
DA:277,6
DA:278,6
DA:279,6
DA:280,1
DA:281,6
DA:282,6
DA:283,6
DA:284,6
DA:285,1
DA:286,34
DA:287,34
DA:288,33
DA:289,33
DA:290,34
DA:291,33
DA:292,33
DA:293,34
DA:294,34
DA:295,34
DA:296,34
DA:297,34
DA:298,34
DA:299,34
DA:300,34
DA:301,1
DA:302,27
DA:303,27
DA:304,27
DA:305,1
DA:306,34
DA:307,34
DA:308,8
DA:309,8
DA:310,8
DA:311,8
DA:312,8
DA:313,8
DA:314,8
DA:315,8
DA:316,8
DA:317,8
DA:318,8
DA:319,8
DA:320,8
DA:321,8
DA:322,8
DA:323,8
DA:324,8
DA:325,8
DA:326,8
DA:327,8
DA:328,8
DA:329,8
DA:330,8
DA:331,8
DA:332,8
DA:333,8
DA:334,8
DA:335,8
DA:336,8
DA:337,8
DA:338,8
DA:339,34
DA:340,1
DA:341,1
DA:342,1
DA:343,1
DA:344,1
DA:345,1
DA:346,1
DA:347,1
DA:348,1
DA:349,1
DA:350,1
DA:351,1
DA:352,1
DA:353,1
DA:354,1
DA:355,1
DA:356,1
DA:357,1
DA:358,1
DA:359,1
DA:360,1
DA:361,1
DA:362,1
DA:363,1
DA:364,1
DA:365,1
DA:366,1
DA:367,1
DA:368,1
DA:369,1
DA:370,1
DA:371,1
LF:371
LH:357
BRDA:371,0,0,8
BRDA:4,1,0,34
BRDA:7,2,0,0
BRDA:18,3,0,34
BRDA:19,4,0,34
BRDA:23,5,0,978
BRDA:26,6,0,6
BRDA:27,7,0,4
BRDA:30,8,0,5
BRDA:33,9,0,1
BRDA:33,10,0,4
BRDA:37,11,0,0
BRDA:37,12,0,4
BRDA:47,13,0,3
BRDA:47,14,0,3
BRDA:47,15,0,1
BRDA:27,16,0,2
BRDA:55,17,0,3
BRDA:58,18,0,1
BRDA:58,19,0,2
BRDA:62,20,0,0
BRDA:62,21,0,2
BRDA:72,22,0,0
BRDA:26,23,0,972
BRDA:78,24,0,29
BRDA:78,25,0,943
BRDA:80,26,0,29
BRDA:81,27,0,0
BRDA:84,28,0,0
BRDA:87,29,0,1
BRDA:89,30,0,28
BRDA:90,31,0,0
BRDA:92,32,0,28
BRDA:93,33,0,0
BRDA:95,34,0,28
BRDA:96,35,0,0
BRDA:98,36,0,28
BRDA:102,37,0,1
BRDA:102,38,0,27
BRDA:107,39,0,28
BRDA:112,40,0,27
BRDA:112,41,0,1
BRDA:139,42,0,28
BRDA:141,43,0,27
BRDA:146,44,0,1
BRDA:41,45,0,4
BRDA:42,46,0,4
BRDA:66,47,0,2
BRDA:67,48,0,2
BRDA:110,49,0,29
BRDA:179,50,0,34
BRDA:180,51,0,34
BRDA:181,52,0,33
BRDA:181,53,0,2
BRDA:181,54,0,33
BRDA:181,55,0,32
BRDA:185,56,0,31
BRDA:201,57,0,32
BRDA:215,58,0,32
BRDA:218,59,0,31
BRDA:218,60,0,1
BRDA:224,61,0,32
BRDA:227,62,0,31
BRDA:227,63,0,31
BRDA:227,64,0,31
BRDA:227,65,0,1
BRDA:237,66,0,32
BRDA:246,67,0,28
BRDA:247,68,0,27
BRDA:250,69,0,27
BRDA:255,70,0,27
BRDA:255,71,0,1
BRDA:260,72,0,86
BRDA:263,73,0,85
BRDA:277,74,0,6
BRDA:278,75,0,0
BRDA:281,76,0,6
BRDA:283,77,0,5
BRDA:283,78,0,1
BRDA:286,79,0,34
BRDA:287,80,0,33
BRDA:290,81,0,33
BRDA:293,82,0,1
BRDA:302,83,0,27
BRDA:306,84,0,34
BRDA:307,85,0,26
BRDA:309,86,0,0
BRDA:310,87,0,1
BRDA:310,88,0,1
BRDA:310,89,0,25
BRDA:311,90,0,3
BRDA:311,91,0,23
BRDA:312,92,0,3
BRDA:312,93,0,23
BRDA:313,94,0,5
BRDA:313,95,0,21
BRDA:316,96,0,11
BRDA:316,97,0,1
BRDA:316,98,0,25
BRDA:320,99,0,11
BRDA:320,100,0,1
BRDA:320,101,0,25
BRDA:324,102,0,11
BRDA:324,103,0,2
BRDA:324,104,0,24
BRDA:328,105,0,11
BRDA:328,106,0,2
BRDA:328,107,0,24
BRDA:334,108,0,11
BRDA:334,109,0,5
BRDA:334,110,0,21
BRDA:307,111,0,8
BRF:112
BRH:101
end_of_record
