TN:
SF:index.js
FN:4,table_references
FN:11,table_reference_rule
FN:12,table_reference
FN:172,table_reference_list_rule
FN:173,table_reference_list
FN:240,generate_caption
FN:254,generate_link
FN:271,render_anchor
FN:275,render_label
FN:280,add_table
FN:295,slugify
FN:299,loadOptions
FNF:12
FNH:12
FNDA:34,table_references
FNDA:34,table_reference_rule
FNDA:34,table_reference
FNDA:34,table_reference_list_rule
FNDA:34,table_reference_list
FNDA:28,generate_caption
FNDA:86,generate_link
FNDA:6,render_anchor
FNDA:6,render_label
FNDA:34,add_table
FNDA:27,slugify
FNDA:34,loadOptions
DA:1,1
DA:2,1
DA:3,1
DA:4,1
DA:5,1
DA:6,1
DA:7,1
DA:8,1
DA:9,1
DA:10,1
DA:11,34
DA:12,34
DA:13,34
DA:14,34
DA:15,34
DA:16,34
DA:17,978
DA:18,978
DA:19,978
DA:20,972
DA:21,972
DA:22,972
DA:23,972
DA:24,972
DA:25,972
DA:26,972
DA:27,972
DA:28,972
DA:29,972
DA:30,972
DA:31,972
DA:32,972
DA:33,972
DA:34,972
DA:35,972
DA:36,972
DA:37,972
DA:38,972
DA:39,972
DA:40,972
DA:41,972
DA:42,972
DA:43,972
DA:44,972
DA:45,972
DA:46,972
DA:47,972
DA:48,972
DA:49,972
DA:50,972
DA:51,972
DA:52,972
DA:53,972
DA:54,972
DA:55,972
DA:56,972
DA:57,972
DA:58,972
DA:59,972
DA:60,972
DA:61,972
DA:62,972
DA:63,972
DA:64,972
DA:65,972
DA:66,972
DA:67,972
DA:68,972
DA:69,972
DA:70,972
DA:71,972
DA:72,943
DA:73,943
DA:74,29
DA:75,0
DA:76,0
DA:77,29
DA:78,0
DA:79,0
DA:80,29
DA:81,1
DA:82,1
DA:83,29
DA:84,0
DA:85,0
DA:86,29
DA:87,0
DA:88,0
DA:89,29
DA:90,0
DA:91,0
DA:92,28
DA:93,28
DA:94,28
DA:95,29
DA:96,27
DA:97,27
DA:98,27
DA:99,27
DA:100,27
DA:101,28
DA:102,28
DA:103,28
DA:104,28
DA:105,28
DA:106,1
DA:107,1
DA:108,1
DA:109,1
DA:110,1
DA:111,1
DA:112,1
DA:113,1
DA:114,1
DA:115,1
DA:116,1
DA:117,1
DA:118,1
DA:119,1
DA:120,1
DA:121,1
DA:122,1
DA:123,1
DA:124,1
DA:125,1
DA:126,1
DA:127,1
DA:128,1
DA:129,1
DA:130,1
DA:131,1
DA:132,1
DA:133,28
DA:134,28
DA:135,27
DA:136,27
DA:137,27
DA:138,27
DA:139,27
DA:140,27
DA:141,27
DA:142,27
DA:143,27
DA:144,27
DA:145,27
DA:146,27
DA:147,27
DA:148,27
DA:149,27
DA:150,27
DA:151,27
DA:152,27
DA:153,27
DA:154,27
DA:155,27
DA:156,27
DA:157,27
DA:158,27
DA:159,27
DA:160,27
DA:161,28
DA:162,28
DA:163,28
DA:164,28
DA:165,28
DA:166,28
DA:167,978
DA:168,34
DA:169,34
DA:170,34
DA:171,1
DA:172,34
DA:173,34
DA:174,34
DA:175,32
DA:176,32
DA:177,32
DA:178,33
DA:179,31
DA:180,31
DA:181,31
DA:182,31
DA:183,31
DA:184,31
DA:185,31
DA:186,31
DA:187,31
DA:188,31
DA:189,31
DA:190,31
DA:191,31
DA:192,31
DA:193,31
DA:194,31
DA:195,32
DA:196,32
DA:197,32
DA:198,32
DA:199,32
DA:200,32
DA:201,33
DA:202,33
DA:203,33
DA:204,33
DA:205,33
DA:206,33
DA:207,33
DA:208,33
DA:209,33
DA:210,32
DA:211,32
DA:212,32
DA:213,32
DA:214,32
DA:215,32
DA:216,32
DA:217,32
DA:218,33
DA:219,32
DA:220,32
DA:221,32
DA:222,32
DA:223,32
DA:224,33
DA:225,33
DA:226,33
DA:227,33
DA:228,33
DA:229,33
DA:230,33
DA:231,33
DA:232,32
DA:233,32
DA:234,32
DA:235,32
DA:236,32
DA:237,34
DA:238,34
DA:239,1
DA:240,28
DA:241,28
DA:242,27
DA:243,27
DA:244,28
DA:245,27
DA:246,27
DA:247,28
DA:248,28
DA:249,28
DA:250,28
DA:251,28
DA:252,28
DA:253,1
DA:254,86
DA:255,86
DA:256,86
DA:257,86
DA:258,86
DA:259,86
DA:260,86
DA:261,86
DA:262,86
DA:263,86
DA:264,86
DA:265,86
DA:266,86
DA:267,86
DA:268,86
DA:269,86
DA:270,1
DA:271,6
DA:272,6
DA:273,6
DA:274,1
DA:275,6
DA:276,6
DA:277,6
DA:278,6
DA:279,1
DA:280,34
DA:281,34
DA:282,33
DA:283,33
DA:284,34
DA:285,33
DA:286,33
DA:287,34
DA:288,34
DA:289,34
DA:290,34
DA:291,34
DA:292,34
DA:293,34
DA:294,1
DA:295,27
DA:296,27
DA:297,27
DA:298,1
DA:299,34
DA:300,34
DA:301,8
DA:302,8
DA:303,8
DA:304,8
DA:305,8
DA:306,8
DA:307,8
DA:308,8
DA:309,8
DA:310,8
DA:311,8
DA:312,8
DA:313,8
DA:314,8
DA:315,8
DA:316,8
DA:317,8
DA:318,8
DA:319,8
DA:320,8
DA:321,8
DA:322,8
DA:323,8
DA:324,8
DA:325,8
DA:326,8
DA:327,8
DA:328,8
DA:329,8
DA:330,8
DA:331,34
DA:332,1
DA:333,1
DA:334,1
DA:335,1
DA:336,1
DA:337,1
DA:338,1
DA:339,1
DA:340,1
DA:341,1
DA:342,1
DA:343,1
DA:344,1
DA:345,1
DA:346,1
DA:347,1
DA:348,1
DA:349,1
DA:350,1
DA:351,1
DA:352,1
DA:353,1
DA:354,1
DA:355,1
DA:356,1
DA:357,1
DA:358,1
DA:359,1
DA:360,1
DA:361,1
DA:362,1
LF:362
LH:352
BRDA:362,0,0,8
BRDA:4,1,0,34
BRDA:11,2,0,34
BRDA:12,3,0,34
BRDA:16,4,0,978
BRDA:19,5,0,6
BRDA:20,6,0,4
BRDA:23,7,0,5
BRDA:26,8,0,1
BRDA:26,9,0,4
BRDA:30,10,0,0
BRDA:30,11,0,4
BRDA:40,12,0,3
BRDA:40,13,0,3
BRDA:40,14,0,1
BRDA:20,15,0,2
BRDA:48,16,0,3
BRDA:51,17,0,1
BRDA:51,18,0,2
BRDA:55,19,0,0
BRDA:55,20,0,2
BRDA:65,21,0,0
BRDA:19,22,0,972
BRDA:71,23,0,29
BRDA:71,24,0,943
BRDA:73,25,0,29
BRDA:74,26,0,0
BRDA:77,27,0,0
BRDA:80,28,0,1
BRDA:82,29,0,28
BRDA:83,30,0,0
BRDA:85,31,0,28
BRDA:86,32,0,0
BRDA:88,33,0,28
BRDA:89,34,0,0
BRDA:91,35,0,28
BRDA:95,36,0,1
BRDA:95,37,0,27
BRDA:100,38,0,28
BRDA:105,39,0,27
BRDA:105,40,0,1
BRDA:132,41,0,28
BRDA:134,42,0,27
BRDA:139,43,0,1
BRDA:172,44,0,34
BRDA:173,45,0,34
BRDA:174,46,0,33
BRDA:174,47,0,2
BRDA:174,48,0,33
BRDA:174,49,0,32
BRDA:178,50,0,31
BRDA:194,51,0,32
BRDA:209,52,0,32
BRDA:212,53,0,31
BRDA:212,54,0,1
BRDA:218,55,0,32
BRDA:221,56,0,31
BRDA:221,57,0,31
BRDA:221,58,0,31
BRDA:221,59,0,1
BRDA:231,60,0,32
BRDA:240,61,0,28
BRDA:241,62,0,27
BRDA:244,63,0,27
BRDA:249,64,0,27
BRDA:249,65,0,1
BRDA:254,66,0,86
BRDA:257,67,0,85
BRDA:271,68,0,6
BRDA:272,69,0,0
BRDA:275,70,0,6
BRDA:277,71,0,5
BRDA:277,72,0,1
BRDA:280,73,0,34
BRDA:281,74,0,33
BRDA:284,75,0,33
BRDA:295,76,0,27
BRDA:299,77,0,34
BRDA:300,78,0,26
BRDA:302,79,0,1
BRDA:302,80,0,1
BRDA:302,81,0,25
BRDA:303,82,0,3
BRDA:303,83,0,23
BRDA:304,84,0,3
BRDA:304,85,0,23
BRDA:305,86,0,5
BRDA:305,87,0,21
BRDA:308,88,0,11
BRDA:308,89,0,1
BRDA:308,90,0,25
BRDA:312,91,0,11
BRDA:312,92,0,1
BRDA:312,93,0,25
BRDA:316,94,0,11
BRDA:316,95,0,2
BRDA:316,96,0,24
BRDA:320,97,0,11
BRDA:320,98,0,2
BRDA:320,99,0,24
BRDA:326,100,0,11
BRDA:326,101,0,5
BRDA:326,102,0,21
BRDA:300,103,0,8
BRF:104
BRH:95
end_of_record
