{"total": {"lines":{"total":117,"covered":117,"skipped":0,"pct":100},"statements":{"total":117,"covered":117,"skipped":0,"pct":100},"functions":{"total":6,"covered":6,"skipped":0,"pct":100},"branches":{"total":39,"covered":33,"skipped":0,"pct":84.62}}
,"/home/alija/Git/github/studyathome-internationally/markdown-it-plugins/packages/markdown-it-references/index.js": {"lines":{"total":117,"covered":117,"skipped":0,"pct":100},"functions":{"total":6,"covered":6,"skipped":0,"pct":100},"statements":{"total":117,"covered":117,"skipped":0,"pct":100},"branches":{"total":39,"covered":33,"skipped":0,"pct":84.62}}
}
