TN:
SF:index.js
FN:1,references
FN:8,references_rule
FN:9,references
FN:63,reference_renderer
FN:83,loadOptions
FN:112,renderer
FNF:6
FNH:6
FNDA:12,references
FNDA:12,references_rule
FNDA:39,references
FNDA:12,reference_renderer
FNDA:12,loadOptions
FNDA:15,renderer
DA:1,1
DA:2,1
DA:3,1
DA:4,1
DA:5,1
DA:6,1
DA:7,1
DA:8,12
DA:9,12
DA:10,20
DA:11,20
DA:12,20
DA:13,20
DA:14,20
DA:15,20
DA:16,20
DA:17,20
DA:18,20
DA:19,20
DA:20,20
DA:21,20
DA:22,20
DA:23,20
DA:24,20
DA:25,20
DA:26,20
DA:27,20
DA:28,20
DA:29,20
DA:30,20
DA:31,20
DA:32,20
DA:33,20
DA:34,20
DA:35,20
DA:36,20
DA:37,20
DA:38,20
DA:39,20
DA:40,39
DA:41,1
DA:42,1
DA:43,19
DA:44,19
DA:45,19
DA:46,14
DA:47,14
DA:48,19
DA:49,19
DA:50,19
DA:51,19
DA:52,19
DA:53,19
DA:54,19
DA:55,19
DA:56,19
DA:57,19
DA:58,19
DA:59,39
DA:60,12
DA:61,12
DA:62,1
DA:63,12
DA:64,12
DA:65,19
DA:66,19
DA:67,19
DA:68,19
DA:69,19
DA:70,39
DA:71,39
DA:72,18
DA:73,18
DA:74,18
DA:75,18
DA:76,39
DA:77,1
DA:78,1
DA:79,1
DA:80,1
DA:81,12
DA:82,1
DA:83,12
DA:84,12
DA:85,6
DA:86,6
DA:87,6
DA:88,6
DA:89,12
DA:90,1
DA:91,1
DA:92,1
DA:93,1
DA:94,1
DA:95,1
DA:96,1
DA:97,1
DA:98,1
DA:99,1
DA:100,1
DA:101,1
DA:102,1
DA:103,1
DA:104,1
DA:105,1
DA:106,1
DA:107,1
DA:108,1
DA:109,1
DA:110,1
DA:111,1
DA:112,1
DA:113,15
DA:114,15
DA:115,15
DA:116,15
DA:117,1
DA:118,1
DA:119,1
LF:119
LH:119
BRDA:119,0,0,3
BRDA:1,1,0,12
BRDA:8,2,0,12
BRDA:9,3,0,39
BRDA:16,4,0,0
BRDA:20,5,0,30
BRDA:20,6,0,18
BRDA:22,7,0,21
BRDA:23,8,0,1
BRDA:25,9,0,20
BRDA:27,10,0,304
BRDA:28,11,0,0
BRDA:31,12,0,0
BRDA:34,13,0,20
BRDA:34,14,0,20
BRDA:9,15,0,20
BRDA:40,16,0,1
BRDA:42,17,0,19
BRDA:45,18,0,14
BRDA:63,19,0,12
BRDA:64,20,0,19
BRDA:69,21,0,39
BRDA:71,22,0,30
BRDA:71,23,0,30
BRDA:71,24,0,18
BRDA:73,25,0,3
BRDA:73,26,0,15
BRDA:76,27,0,1
BRDA:71,28,0,30
BRDA:72,29,0,18
BRDA:83,30,0,12
BRDA:84,31,0,6
BRDA:86,32,0,0
BRDA:84,33,0,6
BRDA:112,34,0,15
BRDA:113,35,0,0
BRDA:113,36,0,0
BRF:37
BRH:31
end_of_record
