TN:
SF:index.js
FN:1,references
FN:14,references_rule
FN:15,references
FN:67,reference_renderer
FN:76,customRenderer
FNF:5
FNH:5
FNDA:11,references
FNDA:11,references_rule
FNDA:24,references
FNDA:11,reference_renderer
FNDA:13,customRenderer
DA:1,1
DA:2,1
DA:3,1
DA:4,1
DA:5,1
DA:6,4
DA:7,4
DA:8,4
DA:9,4
DA:10,1
DA:11,1
DA:12,1
DA:13,1
DA:14,11
DA:15,11
DA:16,14
DA:17,14
DA:18,14
DA:19,14
DA:20,14
DA:21,14
DA:22,14
DA:23,14
DA:24,14
DA:25,14
DA:26,14
DA:27,14
DA:28,14
DA:29,14
DA:30,14
DA:31,14
DA:32,14
DA:33,14
DA:34,14
DA:35,14
DA:36,14
DA:37,14
DA:38,14
DA:39,14
DA:40,14
DA:41,14
DA:42,14
DA:43,14
DA:44,14
DA:45,14
DA:46,24
DA:47,0
DA:48,0
DA:49,14
DA:50,21
DA:51,6
DA:52,6
DA:53,14
DA:54,14
DA:55,14
DA:56,14
DA:57,14
DA:58,14
DA:59,14
DA:60,14
DA:61,14
DA:62,14
DA:63,14
DA:64,11
DA:65,11
DA:66,1
DA:67,11
DA:68,11
DA:69,14
DA:70,14
DA:71,14
DA:72,14
DA:73,14
DA:74,14
DA:75,14
DA:76,14
DA:77,14
DA:78,28
DA:79,13
DA:80,13
DA:81,13
DA:82,13
DA:83,13
DA:84,13
DA:85,28
DA:86,14
DA:87,13
DA:88,13
DA:89,1
DA:90,1
DA:91,11
DA:92,1
DA:93,1
DA:94,1
DA:95,1
DA:96,1
DA:97,1
DA:98,1
DA:99,1
DA:100,1
DA:101,1
LF:101
LH:99
BRDA:101,0,0,4
BRDA:1,1,0,11
BRDA:4,2,0,4
BRDA:5,3,0,10
BRDA:5,4,0,7
BRDA:5,5,0,4
BRDA:4,6,0,128
BRDA:14,7,0,11
BRDA:15,8,0,24
BRDA:22,9,0,0
BRDA:26,10,0,21
BRDA:26,11,0,10
BRDA:28,12,0,14
BRDA:29,13,0,0
BRDA:31,14,0,14
BRDA:33,15,0,276
BRDA:34,16,0,0
BRDA:37,17,0,0
BRDA:40,18,0,14
BRDA:40,19,0,14
BRDA:15,20,0,14
BRDA:46,21,0,0
BRDA:48,22,0,21
BRDA:48,23,0,14
BRDA:50,24,0,6
BRDA:52,25,0,14
BRDA:67,26,0,11
BRDA:68,27,0,14
BRDA:77,28,0,28
BRDA:78,29,0,19
BRDA:78,30,0,19
BRDA:78,31,0,13
BRDA:86,32,0,13
BRDA:88,33,0,1
BRDA:76,34,0,13
BRF:35
BRH:30
end_of_record
