<?xml version="1.0" encoding="UTF-8"?>
<coverage generated="1599520693909" clover="3.2.0">
  <project timestamp="1599520693909" name="All files">
    <metrics statements="189" coveredstatements="189" conditionals="57" coveredconditionals="52" methods="11" coveredmethods="11" elements="257" coveredelements="252" complexity="0" loc="189" ncloc="189" packages="1" files="1" classes="1"/>
    <file name="index.js" path="/home/alija/Git/github/studyathome-internationally/markdown-it-plugins/packages/markdown-it-figure-references/index.js">
      <metrics statements="189" coveredstatements="189" conditionals="57" coveredconditionals="52" methods="11" coveredmethods="11"/>
      <line num="1" count="1" type="cond" truecount="1" falsecount="0"/>
      <line num="2" count="1" type="stmt"/>
      <line num="3" count="1" type="stmt"/>
      <line num="4" count="1" type="cond" truecount="2" falsecount="0"/>
      <line num="5" count="1" type="cond" truecount="3" falsecount="0"/>
      <line num="6" count="4" type="stmt"/>
      <line num="7" count="4" type="stmt"/>
      <line num="8" count="4" type="stmt"/>
      <line num="9" count="4" type="stmt"/>
      <line num="10" count="4" type="stmt"/>
      <line num="11" count="4" type="stmt"/>
      <line num="12" count="1" type="stmt"/>
      <line num="13" count="1" type="stmt"/>
      <line num="14" count="1" type="stmt"/>
      <line num="15" count="1" type="stmt"/>
      <line num="16" count="1" type="stmt"/>
      <line num="17" count="1" type="stmt"/>
      <line num="18" count="1" type="stmt"/>
      <line num="19" count="19" type="cond" truecount="1" falsecount="0"/>
      <line num="20" count="19" type="cond" truecount="1" falsecount="0"/>
      <line num="21" count="18" type="stmt"/>
      <line num="22" count="18" type="stmt"/>
      <line num="23" count="19" type="cond" truecount="1" falsecount="0"/>
      <line num="24" count="18" type="stmt"/>
      <line num="25" count="18" type="stmt"/>
      <line num="26" count="19" type="stmt"/>
      <line num="27" count="19" type="stmt"/>
      <line num="28" count="19" type="stmt"/>
      <line num="29" count="19" type="stmt"/>
      <line num="30" count="19" type="stmt"/>
      <line num="31" count="19" type="stmt"/>
      <line num="32" count="19" type="stmt"/>
      <line num="33" count="1" type="stmt"/>
      <line num="34" count="19" type="cond" truecount="1" falsecount="0"/>
      <line num="35" count="19" type="cond" truecount="1" falsecount="0"/>
      <line num="36" count="18" type="stmt"/>
      <line num="37" count="18" type="stmt"/>
      <line num="38" count="18" type="cond" truecount="1" falsecount="0"/>
      <line num="39" count="101" type="stmt"/>
      <line num="40" count="101" type="stmt"/>
      <line num="41" count="101" type="cond" truecount="3" falsecount="0"/>
      <line num="42" count="39" type="stmt"/>
      <line num="43" count="101" type="cond" truecount="2" falsecount="0"/>
      <line num="44" count="31" type="cond" truecount="2" falsecount="0"/>
      <line num="45" count="31" type="stmt"/>
      <line num="46" count="31" type="stmt"/>
      <line num="47" count="31" type="stmt"/>
      <line num="48" count="31" type="stmt"/>
      <line num="49" count="31" type="stmt"/>
      <line num="50" count="31" type="cond" truecount="2" falsecount="0"/>
      <line num="51" count="31" type="stmt"/>
      <line num="52" count="31" type="stmt"/>
      <line num="53" count="31" type="stmt"/>
      <line num="54" count="31" type="cond" truecount="1" falsecount="0"/>
      <line num="55" count="31" type="stmt"/>
      <line num="56" count="31" type="stmt"/>
      <line num="57" count="31" type="stmt"/>
      <line num="58" count="31" type="stmt"/>
      <line num="59" count="31" type="stmt"/>
      <line num="60" count="31" type="stmt"/>
      <line num="61" count="31" type="stmt"/>
      <line num="62" count="31" type="stmt"/>
      <line num="63" count="31" type="stmt"/>
      <line num="64" count="31" type="stmt"/>
      <line num="65" count="31" type="stmt"/>
      <line num="66" count="31" type="stmt"/>
      <line num="67" count="31" type="stmt"/>
      <line num="68" count="31" type="stmt"/>
      <line num="69" count="31" type="cond" truecount="1" falsecount="0"/>
      <line num="70" count="31" type="stmt"/>
      <line num="71" count="31" type="stmt"/>
      <line num="72" count="31" type="stmt"/>
      <line num="73" count="31" type="stmt"/>
      <line num="74" count="31" type="stmt"/>
      <line num="75" count="31" type="stmt"/>
      <line num="76" count="31" type="cond" truecount="0" falsecount="1"/>
      <line num="77" count="31" type="cond" truecount="0" falsecount="1"/>
      <line num="78" count="31" type="stmt"/>
      <line num="79" count="31" type="stmt"/>
      <line num="80" count="31" type="stmt"/>
      <line num="81" count="31" type="stmt"/>
      <line num="82" count="31" type="stmt"/>
      <line num="83" count="31" type="stmt"/>
      <line num="84" count="31" type="stmt"/>
      <line num="85" count="31" type="cond" truecount="3" falsecount="0"/>
      <line num="86" count="13" type="stmt"/>
      <line num="87" count="31" type="cond" truecount="0" falsecount="1"/>
      <line num="88" count="31" type="cond" truecount="2" falsecount="1"/>
      <line num="89" count="13" type="stmt"/>
      <line num="90" count="13" type="stmt"/>
      <line num="91" count="13" type="stmt"/>
      <line num="92" count="13" type="stmt"/>
      <line num="93" count="13" type="stmt"/>
      <line num="94" count="25" type="cond" truecount="3" falsecount="0"/>
      <line num="95" count="11" type="stmt"/>
      <line num="96" count="11" type="stmt"/>
      <line num="97" count="11" type="stmt"/>
      <line num="98" count="11" type="cond" truecount="1" falsecount="0"/>
      <line num="99" count="25" type="cond" truecount="1" falsecount="1"/>
      <line num="100" count="13" type="stmt"/>
      <line num="101" count="13" type="stmt"/>
      <line num="102" count="13" type="stmt"/>
      <line num="103" count="13" type="stmt"/>
      <line num="104" count="13" type="stmt"/>
      <line num="105" count="31" type="stmt"/>
      <line num="106" count="101" type="stmt"/>
      <line num="107" count="18" type="stmt"/>
      <line num="108" count="19" type="stmt"/>
      <line num="109" count="19" type="stmt"/>
      <line num="110" count="1" type="stmt"/>
      <line num="111" count="19" type="cond" truecount="1" falsecount="0"/>
      <line num="112" count="19" type="cond" truecount="1" falsecount="0"/>
      <line num="113" count="18" type="cond" truecount="2" falsecount="0"/>
      <line num="114" count="17" type="stmt"/>
      <line num="115" count="17" type="stmt"/>
      <line num="116" count="17" type="stmt"/>
      <line num="117" count="17" type="stmt"/>
      <line num="118" count="17" type="stmt"/>
      <line num="119" count="17" type="stmt"/>
      <line num="120" count="17" type="cond" truecount="1" falsecount="0"/>
      <line num="121" count="18" type="stmt"/>
      <line num="122" count="18" type="stmt"/>
      <line num="123" count="18" type="stmt"/>
      <line num="124" count="18" type="stmt"/>
      <line num="125" count="18" type="stmt"/>
      <line num="126" count="17" type="stmt"/>
      <line num="127" count="17" type="stmt"/>
      <line num="128" count="17" type="stmt"/>
      <line num="129" count="17" type="stmt"/>
      <line num="130" count="17" type="stmt"/>
      <line num="131" count="19" type="stmt"/>
      <line num="132" count="19" type="stmt"/>
      <line num="133" count="1" type="stmt"/>
      <line num="134" count="19" type="cond" truecount="1" falsecount="0"/>
      <line num="135" count="19" type="cond" truecount="1" falsecount="0"/>
      <line num="136" count="17" type="stmt"/>
      <line num="137" count="17" type="cond" truecount="2" falsecount="0"/>
      <line num="138" count="17" type="stmt"/>
      <line num="139" count="17" type="stmt"/>
      <line num="140" count="19" type="stmt"/>
      <line num="141" count="1" type="stmt"/>
      <line num="142" count="19" type="cond" truecount="1" falsecount="0"/>
      <line num="143" count="19" type="cond" truecount="1" falsecount="0"/>
      <line num="144" count="18" type="stmt"/>
      <line num="145" count="18" type="stmt"/>
      <line num="146" count="18" type="stmt"/>
      <line num="147" count="19" type="stmt"/>
      <line num="148" count="1" type="stmt"/>
      <line num="149" count="19" type="cond" truecount="1" falsecount="0"/>
      <line num="150" count="19" type="cond" truecount="1" falsecount="0"/>
      <line num="151" count="17" type="stmt"/>
      <line num="152" count="17" type="stmt"/>
      <line num="153" count="17" type="stmt"/>
      <line num="154" count="19" type="stmt"/>
      <line num="155" count="1" type="stmt"/>
      <line num="156" count="19" type="cond" truecount="1" falsecount="0"/>
      <line num="157" count="19" type="cond" truecount="1" falsecount="0"/>
      <line num="158" count="13" type="stmt"/>
      <line num="159" count="13" type="stmt"/>
      <line num="160" count="13" type="stmt"/>
      <line num="161" count="13" type="stmt"/>
      <line num="162" count="13" type="stmt"/>
      <line num="163" count="13" type="stmt"/>
      <line num="164" count="13" type="stmt"/>
      <line num="165" count="13" type="stmt"/>
      <line num="166" count="13" type="stmt"/>
      <line num="167" count="13" type="cond" truecount="2" falsecount="0"/>
      <line num="168" count="13" type="stmt"/>
      <line num="169" count="13" type="stmt"/>
      <line num="170" count="13" type="stmt"/>
      <line num="171" count="13" type="stmt"/>
      <line num="172" count="13" type="stmt"/>
      <line num="173" count="19" type="stmt"/>
      <line num="174" count="1" type="stmt"/>
      <line num="175" count="11" type="cond" truecount="1" falsecount="0"/>
      <line num="176" count="11" type="stmt"/>
      <line num="177" count="11" type="stmt"/>
      <line num="178" count="1" type="stmt"/>
      <line num="179" count="1" type="stmt"/>
      <line num="180" count="1" type="stmt"/>
      <line num="181" count="1" type="stmt"/>
      <line num="182" count="1" type="stmt"/>
      <line num="183" count="1" type="stmt"/>
      <line num="184" count="1" type="stmt"/>
      <line num="185" count="1" type="stmt"/>
      <line num="186" count="1" type="stmt"/>
      <line num="187" count="1" type="stmt"/>
      <line num="188" count="1" type="stmt"/>
      <line num="189" count="1" type="cond" truecount="1" falsecount="0"/>
    </file>
  </project>
</coverage>
