{"/home/alija/Git/github/studyathome-internationally/markdown-it-plugins/packages/markdown-it-figure-references/index.js": {"path":"/home/alija/Git/github/studyathome-internationally/markdown-it-plugins/packages/markdown-it-figure-references/index.js","statementMap":{"0":{"start":{"line":1,"column":0},"end":{"line":1,"column":41}},"1":{"start":{"line":2,"column":0},"end":{"line":2,"column":27}},"2":{"start":{"line":3,"column":0},"end":{"line":3,"column":0}},"3":{"start":{"line":4,"column":0},"end":{"line":4,"column":104}},"4":{"start":{"line":5,"column":0},"end":{"line":5,"column":98}},"5":{"start":{"line":6,"column":0},"end":{"line":6,"column":15}},"6":{"start":{"line":7,"column":0},"end":{"line":7,"column":70}},"7":{"start":{"line":8,"column":0},"end":{"line":8,"column":80}},"8":{"start":{"line":9,"column":0},"end":{"line":9,"column":86}},"9":{"start":{"line":10,"column":0},"end":{"line":10,"column":47}},"10":{"start":{"line":11,"column":0},"end":{"line":11,"column":5}},"11":{"start":{"line":12,"column":0},"end":{"line":12,"column":91}},"12":{"start":{"line":13,"column":0},"end":{"line":13,"column":52}},"13":{"start":{"line":14,"column":0},"end":{"line":14,"column":5}},"14":{"start":{"line":15,"column":0},"end":{"line":15,"column":80}},"15":{"start":{"line":16,"column":0},"end":{"line":16,"column":89}},"16":{"start":{"line":17,"column":0},"end":{"line":17,"column":103}},"17":{"start":{"line":18,"column":0},"end":{"line":18,"column":10}},"18":{"start":{"line":19,"column":0},"end":{"line":19,"column":78}},"19":{"start":{"line":20,"column":0},"end":{"line":20,"column":103}},"20":{"start":{"line":21,"column":0},"end":{"line":21,"column":3}},"21":{"start":{"line":22,"column":0},"end":{"line":22,"column":0}},"22":{"start":{"line":23,"column":0},"end":{"line":23,"column":91}},"23":{"start":{"line":24,"column":0},"end":{"line":24,"column":92}},"24":{"start":{"line":25,"column":0},"end":{"line":25,"column":2}},"25":{"start":{"line":26,"column":0},"end":{"line":26,"column":0}},"26":{"start":{"line":27,"column":0},"end":{"line":27,"column":31}},"27":{"start":{"line":28,"column":0},"end":{"line":28,"column":29}},"28":{"start":{"line":29,"column":0},"end":{"line":29,"column":7}},"29":{"start":{"line":30,"column":0},"end":{"line":30,"column":41}},"30":{"start":{"line":31,"column":0},"end":{"line":31,"column":73}},"31":{"start":{"line":32,"column":0},"end":{"line":32,"column":4}},"32":{"start":{"line":33,"column":0},"end":{"line":33,"column":56}},"33":{"start":{"line":34,"column":0},"end":{"line":34,"column":111}},"34":{"start":{"line":35,"column":0},"end":{"line":35,"column":115}},"35":{"start":{"line":36,"column":0},"end":{"line":36,"column":119}},"36":{"start":{"line":37,"column":0},"end":{"line":37,"column":67}},"37":{"start":{"line":38,"column":0},"end":{"line":38,"column":61}},"38":{"start":{"line":39,"column":0},"end":{"line":39,"column":1}},"39":{"start":{"line":40,"column":0},"end":{"line":40,"column":0}},"40":{"start":{"line":41,"column":0},"end":{"line":41,"column":43}},"41":{"start":{"line":42,"column":0},"end":{"line":42,"column":28}},"42":{"start":{"line":43,"column":0},"end":{"line":43,"column":28}},"43":{"start":{"line":44,"column":0},"end":{"line":44,"column":3}},"44":{"start":{"line":45,"column":0},"end":{"line":45,"column":33}},"45":{"start":{"line":46,"column":0},"end":{"line":46,"column":33}},"46":{"start":{"line":47,"column":0},"end":{"line":47,"column":3}},"47":{"start":{"line":48,"column":0},"end":{"line":48,"column":39}},"48":{"start":{"line":49,"column":0},"end":{"line":49,"column":14}},"49":{"start":{"line":50,"column":0},"end":{"line":50,"column":7}},"50":{"start":{"line":51,"column":0},"end":{"line":51,"column":10}},"51":{"start":{"line":52,"column":0},"end":{"line":52,"column":40}},"52":{"start":{"line":53,"column":0},"end":{"line":53,"column":4}},"53":{"start":{"line":54,"column":0},"end":{"line":54,"column":1}},"54":{"start":{"line":55,"column":0},"end":{"line":55,"column":0}},"55":{"start":{"line":56,"column":0},"end":{"line":56,"column":34}},"56":{"start":{"line":57,"column":0},"end":{"line":57,"column":42}},"57":{"start":{"line":58,"column":0},"end":{"line":58,"column":80}},"58":{"start":{"line":59,"column":0},"end":{"line":59,"column":9}},"59":{"start":{"line":60,"column":0},"end":{"line":60,"column":1}},"60":{"start":{"line":61,"column":0},"end":{"line":61,"column":0}},"61":{"start":{"line":62,"column":0},"end":{"line":62,"column":40}},"62":{"start":{"line":63,"column":0},"end":{"line":63,"column":71}},"63":{"start":{"line":64,"column":0},"end":{"line":64,"column":108}},"64":{"start":{"line":65,"column":0},"end":{"line":65,"column":1}},"65":{"start":{"line":66,"column":0},"end":{"line":66,"column":0}},"66":{"start":{"line":67,"column":0},"end":{"line":67,"column":38}},"67":{"start":{"line":68,"column":0},"end":{"line":68,"column":54}},"68":{"start":{"line":69,"column":0},"end":{"line":69,"column":32}},"69":{"start":{"line":70,"column":0},"end":{"line":70,"column":0}},"70":{"start":{"line":71,"column":0},"end":{"line":71,"column":45}},"71":{"start":{"line":72,"column":0},"end":{"line":72,"column":56}},"72":{"start":{"line":73,"column":0},"end":{"line":73,"column":0}},"73":{"start":{"line":74,"column":0},"end":{"line":74,"column":63}},"74":{"start":{"line":75,"column":0},"end":{"line":75,"column":0}},"75":{"start":{"line":76,"column":0},"end":{"line":76,"column":34}},"76":{"start":{"line":77,"column":0},"end":{"line":77,"column":24}},"77":{"start":{"line":78,"column":0},"end":{"line":78,"column":56}},"78":{"start":{"line":79,"column":0},"end":{"line":79,"column":20}},"79":{"start":{"line":80,"column":0},"end":{"line":80,"column":51}},"80":{"start":{"line":81,"column":0},"end":{"line":81,"column":104}},"81":{"start":{"line":82,"column":0},"end":{"line":82,"column":40}},"82":{"start":{"line":83,"column":0},"end":{"line":83,"column":29}},"83":{"start":{"line":84,"column":0},"end":{"line":84,"column":42}},"84":{"start":{"line":85,"column":0},"end":{"line":85,"column":45}},"85":{"start":{"line":86,"column":0},"end":{"line":86,"column":0}},"86":{"start":{"line":87,"column":0},"end":{"line":87,"column":75}},"87":{"start":{"line":88,"column":0},"end":{"line":88,"column":62}},"88":{"start":{"line":89,"column":0},"end":{"line":89,"column":75}},"89":{"start":{"line":90,"column":0},"end":{"line":90,"column":0}},"90":{"start":{"line":91,"column":0},"end":{"line":91,"column":62}},"91":{"start":{"line":92,"column":0},"end":{"line":92,"column":62}},"92":{"start":{"line":93,"column":0},"end":{"line":93,"column":53}},"93":{"start":{"line":94,"column":0},"end":{"line":94,"column":58}},"94":{"start":{"line":95,"column":0},"end":{"line":95,"column":49}},"95":{"start":{"line":96,"column":0},"end":{"line":96,"column":31}},"96":{"start":{"line":97,"column":0},"end":{"line":97,"column":78}},"97":{"start":{"line":98,"column":0},"end":{"line":98,"column":16}},"98":{"start":{"line":99,"column":0},"end":{"line":99,"column":58}},"99":{"start":{"line":100,"column":0},"end":{"line":100,"column":13}},"100":{"start":{"line":101,"column":0},"end":{"line":101,"column":11}},"101":{"start":{"line":102,"column":0},"end":{"line":102,"column":16}},"102":{"start":{"line":103,"column":0},"end":{"line":103,"column":83}},"103":{"start":{"line":104,"column":0},"end":{"line":104,"column":20}},"104":{"start":{"line":105,"column":0},"end":{"line":105,"column":50}},"105":{"start":{"line":106,"column":0},"end":{"line":106,"column":38}},"106":{"start":{"line":107,"column":0},"end":{"line":107,"column":0}},"107":{"start":{"line":108,"column":0},"end":{"line":108,"column":65}},"108":{"start":{"line":109,"column":0},"end":{"line":109,"column":50}},"109":{"start":{"line":110,"column":0},"end":{"line":110,"column":45}},"110":{"start":{"line":111,"column":0},"end":{"line":111,"column":11}},"111":{"start":{"line":112,"column":0},"end":{"line":112,"column":9}},"112":{"start":{"line":113,"column":0},"end":{"line":113,"column":14}},"113":{"start":{"line":114,"column":0},"end":{"line":114,"column":51}},"114":{"start":{"line":115,"column":0},"end":{"line":115,"column":34}},"115":{"start":{"line":116,"column":0},"end":{"line":116,"column":47}},"116":{"start":{"line":117,"column":0},"end":{"line":117,"column":0}},"117":{"start":{"line":118,"column":0},"end":{"line":118,"column":54}},"118":{"start":{"line":119,"column":0},"end":{"line":119,"column":38}},"119":{"start":{"line":120,"column":0},"end":{"line":120,"column":0}},"120":{"start":{"line":121,"column":0},"end":{"line":121,"column":40}},"121":{"start":{"line":122,"column":0},"end":{"line":122,"column":0}},"122":{"start":{"line":123,"column":0},"end":{"line":123,"column":17}},"123":{"start":{"line":124,"column":0},"end":{"line":124,"column":33}},"124":{"start":{"line":125,"column":0},"end":{"line":125,"column":53}},"125":{"start":{"line":126,"column":0},"end":{"line":126,"column":50}},"126":{"start":{"line":127,"column":0},"end":{"line":127,"column":18}},"127":{"start":{"line":128,"column":0},"end":{"line":128,"column":32}},"128":{"start":{"line":129,"column":0},"end":{"line":129,"column":11}},"129":{"start":{"line":130,"column":0},"end":{"line":130,"column":34}},"130":{"start":{"line":131,"column":0},"end":{"line":131,"column":40}},"131":{"start":{"line":132,"column":0},"end":{"line":132,"column":40}},"132":{"start":{"line":133,"column":0},"end":{"line":133,"column":0}},"133":{"start":{"line":134,"column":0},"end":{"line":134,"column":43}},"134":{"start":{"line":135,"column":0},"end":{"line":135,"column":9}},"135":{"start":{"line":136,"column":0},"end":{"line":136,"column":7}},"136":{"start":{"line":137,"column":0},"end":{"line":137,"column":5}},"137":{"start":{"line":138,"column":0},"end":{"line":138,"column":4}},"138":{"start":{"line":139,"column":0},"end":{"line":139,"column":26}},"139":{"start":{"line":140,"column":0},"end":{"line":140,"column":1}},"140":{"start":{"line":141,"column":0},"end":{"line":141,"column":0}},"141":{"start":{"line":142,"column":0},"end":{"line":142,"column":43}},"142":{"start":{"line":143,"column":0},"end":{"line":143,"column":44}},"143":{"start":{"line":144,"column":0},"end":{"line":144,"column":57}},"144":{"start":{"line":145,"column":0},"end":{"line":145,"column":32}},"145":{"start":{"line":146,"column":0},"end":{"line":146,"column":26}},"146":{"start":{"line":147,"column":0},"end":{"line":147,"column":0}},"147":{"start":{"line":148,"column":0},"end":{"line":148,"column":53}},"148":{"start":{"line":149,"column":0},"end":{"line":149,"column":55}},"149":{"start":{"line":150,"column":0},"end":{"line":150,"column":45}},"150":{"start":{"line":151,"column":0},"end":{"line":151,"column":46}},"151":{"start":{"line":152,"column":0},"end":{"line":152,"column":26}},"152":{"start":{"line":153,"column":0},"end":{"line":153,"column":25}},"153":{"start":{"line":154,"column":0},"end":{"line":154,"column":25}},"154":{"start":{"line":155,"column":0},"end":{"line":155,"column":0}},"155":{"start":{"line":156,"column":0},"end":{"line":156,"column":47}},"156":{"start":{"line":157,"column":0},"end":{"line":157,"column":50}},"157":{"start":{"line":158,"column":0},"end":{"line":158,"column":43}},"158":{"start":{"line":159,"column":0},"end":{"line":159,"column":36}},"159":{"start":{"line":160,"column":0},"end":{"line":160,"column":25}},"160":{"start":{"line":161,"column":0},"end":{"line":161,"column":0}},"161":{"start":{"line":162,"column":0},"end":{"line":162,"column":57}},"162":{"start":{"line":163,"column":0},"end":{"line":163,"column":25}},"163":{"start":{"line":164,"column":0},"end":{"line":164,"column":5}},"164":{"start":{"line":165,"column":0},"end":{"line":165,"column":0}},"165":{"start":{"line":166,"column":0},"end":{"line":166,"column":76}},"166":{"start":{"line":167,"column":0},"end":{"line":167,"column":44}},"167":{"start":{"line":168,"column":0},"end":{"line":168,"column":23}},"168":{"start":{"line":169,"column":0},"end":{"line":169,"column":23}},"169":{"start":{"line":170,"column":0},"end":{"line":170,"column":0}},"170":{"start":{"line":171,"column":0},"end":{"line":171,"column":47}},"171":{"start":{"line":172,"column":0},"end":{"line":172,"column":48}},"172":{"start":{"line":173,"column":0},"end":{"line":173,"column":83}},"173":{"start":{"line":174,"column":0},"end":{"line":174,"column":51}},"174":{"start":{"line":175,"column":0},"end":{"line":175,"column":32}},"175":{"start":{"line":176,"column":0},"end":{"line":176,"column":25}},"176":{"start":{"line":177,"column":0},"end":{"line":177,"column":5}},"177":{"start":{"line":178,"column":0},"end":{"line":178,"column":0}},"178":{"start":{"line":179,"column":0},"end":{"line":179,"column":78}},"179":{"start":{"line":180,"column":0},"end":{"line":180,"column":23}},"180":{"start":{"line":181,"column":0},"end":{"line":181,"column":23}},"181":{"start":{"line":182,"column":0},"end":{"line":182,"column":4}},"182":{"start":{"line":183,"column":0},"end":{"line":183,"column":31}},"183":{"start":{"line":184,"column":0},"end":{"line":184,"column":1}},"184":{"start":{"line":185,"column":0},"end":{"line":185,"column":0}},"185":{"start":{"line":186,"column":0},"end":{"line":186,"column":45}},"186":{"start":{"line":187,"column":0},"end":{"line":187,"column":71}},"187":{"start":{"line":188,"column":0},"end":{"line":188,"column":60}},"188":{"start":{"line":189,"column":0},"end":{"line":189,"column":97}},"189":{"start":{"line":190,"column":0},"end":{"line":190,"column":9}},"190":{"start":{"line":191,"column":0},"end":{"line":191,"column":1}},"191":{"start":{"line":192,"column":0},"end":{"line":192,"column":0}},"192":{"start":{"line":193,"column":0},"end":{"line":193,"column":52}},"193":{"start":{"line":194,"column":0},"end":{"line":194,"column":54}},"194":{"start":{"line":195,"column":0},"end":{"line":195,"column":30}},"195":{"start":{"line":196,"column":0},"end":{"line":196,"column":29}},"196":{"start":{"line":197,"column":0},"end":{"line":197,"column":46}},"197":{"start":{"line":198,"column":0},"end":{"line":198,"column":53}},"198":{"start":{"line":199,"column":0},"end":{"line":199,"column":117}},"199":{"start":{"line":200,"column":0},"end":{"line":200,"column":68}},"200":{"start":{"line":201,"column":0},"end":{"line":201,"column":103}},"201":{"start":{"line":202,"column":0},"end":{"line":202,"column":4}},"202":{"start":{"line":203,"column":0},"end":{"line":203,"column":1}},"203":{"start":{"line":204,"column":0},"end":{"line":204,"column":0}},"204":{"start":{"line":205,"column":0},"end":{"line":205,"column":57}},"205":{"start":{"line":206,"column":0},"end":{"line":206,"column":47}},"206":{"start":{"line":207,"column":0},"end":{"line":207,"column":30}},"207":{"start":{"line":208,"column":0},"end":{"line":208,"column":35}},"208":{"start":{"line":209,"column":0},"end":{"line":209,"column":41}},"209":{"start":{"line":210,"column":0},"end":{"line":210,"column":40}},"210":{"start":{"line":211,"column":0},"end":{"line":211,"column":50}},"211":{"start":{"line":212,"column":0},"end":{"line":212,"column":68}},"212":{"start":{"line":213,"column":0},"end":{"line":213,"column":43}},"213":{"start":{"line":214,"column":0},"end":{"line":214,"column":54}},"214":{"start":{"line":215,"column":0},"end":{"line":215,"column":35}},"215":{"start":{"line":216,"column":0},"end":{"line":216,"column":14}},"216":{"start":{"line":217,"column":0},"end":{"line":217,"column":33}},"217":{"start":{"line":218,"column":0},"end":{"line":218,"column":42}},"218":{"start":{"line":219,"column":0},"end":{"line":219,"column":28}},"219":{"start":{"line":220,"column":0},"end":{"line":220,"column":72}},"220":{"start":{"line":221,"column":0},"end":{"line":221,"column":29}},"221":{"start":{"line":222,"column":0},"end":{"line":222,"column":19}},"222":{"start":{"line":223,"column":0},"end":{"line":223,"column":8}},"223":{"start":{"line":224,"column":0},"end":{"line":224,"column":5}},"224":{"start":{"line":225,"column":0},"end":{"line":225,"column":18}},"225":{"start":{"line":226,"column":0},"end":{"line":226,"column":4}},"226":{"start":{"line":227,"column":0},"end":{"line":227,"column":1}},"227":{"start":{"line":228,"column":0},"end":{"line":228,"column":0}},"228":{"start":{"line":229,"column":0},"end":{"line":229,"column":24}},"229":{"start":{"line":230,"column":0},"end":{"line":230,"column":91}},"230":{"start":{"line":231,"column":0},"end":{"line":231,"column":1}},"231":{"start":{"line":232,"column":0},"end":{"line":232,"column":0}},"232":{"start":{"line":233,"column":0},"end":{"line":233,"column":30}},"233":{"start":{"line":234,"column":0},"end":{"line":234,"column":16}},"234":{"start":{"line":235,"column":0},"end":{"line":235,"column":13}},"235":{"start":{"line":236,"column":0},"end":{"line":236,"column":11}},"236":{"start":{"line":237,"column":0},"end":{"line":237,"column":17}},"237":{"start":{"line":238,"column":0},"end":{"line":238,"column":17}},"238":{"start":{"line":239,"column":0},"end":{"line":239,"column":20}},"239":{"start":{"line":240,"column":0},"end":{"line":240,"column":4}},"240":{"start":{"line":241,"column":0},"end":{"line":241,"column":10}},"241":{"start":{"line":242,"column":0},"end":{"line":242,"column":17}},"242":{"start":{"line":243,"column":0},"end":{"line":243,"column":21}},"243":{"start":{"line":244,"column":0},"end":{"line":244,"column":21}},"244":{"start":{"line":245,"column":0},"end":{"line":245,"column":19}},"245":{"start":{"line":246,"column":0},"end":{"line":246,"column":4}},"246":{"start":{"line":247,"column":0},"end":{"line":247,"column":9}},"247":{"start":{"line":248,"column":0},"end":{"line":248,"column":17}},"248":{"start":{"line":249,"column":0},"end":{"line":249,"column":18}},"249":{"start":{"line":250,"column":0},"end":{"line":250,"column":29}},"250":{"start":{"line":251,"column":0},"end":{"line":251,"column":14}},"251":{"start":{"line":252,"column":0},"end":{"line":252,"column":11}},"252":{"start":{"line":253,"column":0},"end":{"line":253,"column":16}},"253":{"start":{"line":254,"column":0},"end":{"line":254,"column":17}},"254":{"start":{"line":255,"column":0},"end":{"line":255,"column":20}},"255":{"start":{"line":256,"column":0},"end":{"line":256,"column":18}},"256":{"start":{"line":257,"column":0},"end":{"line":257,"column":18}},"257":{"start":{"line":258,"column":0},"end":{"line":258,"column":6}},"258":{"start":{"line":259,"column":0},"end":{"line":259,"column":4}},"259":{"start":{"line":260,"column":0},"end":{"line":260,"column":2}},"260":{"start":{"line":261,"column":0},"end":{"line":261,"column":0}},"261":{"start":{"line":262,"column":0},"end":{"line":262,"column":35}}},"s":{"0":1,"1":1,"2":1,"3":1,"4":1,"5":1,"6":11,"7":11,"8":11,"9":11,"10":11,"11":11,"12":11,"13":11,"14":11,"15":1,"16":1,"17":1,"18":1,"19":1,"20":1,"21":1,"22":1,"23":1,"24":1,"25":1,"26":40,"27":40,"28":40,"29":40,"30":40,"31":40,"32":40,"33":40,"34":40,"35":40,"36":40,"37":40,"38":40,"39":1,"40":39,"41":39,"42":38,"43":38,"44":39,"45":38,"46":38,"47":39,"48":39,"49":39,"50":39,"51":39,"52":39,"53":39,"54":1,"55":35,"56":35,"57":2,"58":2,"59":35,"60":1,"61":35,"62":35,"63":35,"64":35,"65":1,"66":40,"67":40,"68":39,"69":39,"70":39,"71":223,"72":223,"73":223,"74":81,"75":223,"76":71,"77":71,"78":71,"79":71,"80":71,"81":71,"82":71,"83":71,"84":71,"85":71,"86":71,"87":71,"88":71,"89":71,"90":71,"91":71,"92":71,"93":71,"94":71,"95":71,"96":71,"97":71,"98":71,"99":71,"100":71,"101":71,"102":71,"103":71,"104":71,"105":71,"106":71,"107":71,"108":71,"109":71,"110":71,"111":71,"112":71,"113":71,"114":71,"115":71,"116":32,"117":32,"118":71,"119":31,"120":31,"121":31,"122":31,"123":31,"124":63,"125":29,"126":29,"127":29,"128":29,"129":31,"130":31,"131":31,"132":31,"133":31,"134":31,"135":71,"136":223,"137":39,"138":40,"139":40,"140":1,"141":40,"142":40,"143":39,"144":37,"145":37,"146":37,"147":39,"148":37,"149":37,"150":37,"151":37,"152":37,"153":37,"154":37,"155":37,"156":37,"157":37,"158":37,"159":37,"160":37,"161":37,"162":37,"163":37,"164":37,"165":37,"166":37,"167":37,"168":37,"169":37,"170":38,"171":38,"172":38,"173":38,"174":38,"175":38,"176":38,"177":37,"178":37,"179":37,"180":37,"181":37,"182":40,"183":40,"184":1,"185":38,"186":38,"187":38,"188":1,"189":1,"190":38,"191":1,"192":40,"193":40,"194":38,"195":38,"196":38,"197":38,"198":38,"199":38,"200":38,"201":38,"202":40,"203":1,"204":40,"205":40,"206":31,"207":31,"208":31,"209":31,"210":31,"211":31,"212":31,"213":31,"214":31,"215":30,"216":30,"217":30,"218":30,"219":30,"220":30,"221":30,"222":30,"223":30,"224":1,"225":1,"226":40,"227":1,"228":29,"229":29,"230":29,"231":1,"232":1,"233":1,"234":1,"235":1,"236":1,"237":1,"238":1,"239":1,"240":1,"241":1,"242":1,"243":1,"244":1,"245":1,"246":1,"247":1,"248":1,"249":1,"250":1,"251":1,"252":1,"253":1,"254":1,"255":1,"256":1,"257":1,"258":1,"259":1,"260":1,"261":1},"branchMap":{"0":{"type":"branch","line":262,"loc":{"start":{"line":262,"column":35},"end":{"line":262,"column":35}},"locations":[{"start":{"line":262,"column":35},"end":{"line":262,"column":35}}]},"1":{"type":"branch","line":1,"loc":{"start":{"line":1,"column":26},"end":{"line":1,"column":6}},"locations":[{"start":{"line":1,"column":26},"end":{"line":1,"column":6}}]},"2":{"type":"branch","line":5,"loc":{"start":{"line":5,"column":17},"end":{"line":5,"column":98}},"locations":[{"start":{"line":5,"column":17},"end":{"line":5,"column":98}}]},"3":{"type":"branch","line":6,"loc":{"start":{"line":6,"column":14},"end":{"line":15,"column":9}},"locations":[{"start":{"line":6,"column":14},"end":{"line":15,"column":9}}]},"4":{"type":"branch","line":9,"loc":{"start":{"line":9,"column":85},"end":{"line":11,"column":5}},"locations":[{"start":{"line":9,"column":85},"end":{"line":11,"column":5}}]},"5":{"type":"branch","line":12,"loc":{"start":{"line":12,"column":90},"end":{"line":14,"column":5}},"locations":[{"start":{"line":12,"column":90},"end":{"line":14,"column":5}}]},"6":{"type":"branch","line":6,"loc":{"start":{"line":6,"column":2},"end":{"line":21,"column":3}},"locations":[{"start":{"line":6,"column":2},"end":{"line":21,"column":3}}]},"7":{"type":"branch","line":15,"loc":{"start":{"line":15,"column":79},"end":{"line":21,"column":3}},"locations":[{"start":{"line":15,"column":79},"end":{"line":21,"column":3}}]},"8":{"type":"branch","line":15,"loc":{"start":{"line":15,"column":9},"end":{"line":21,"column":3}},"locations":[{"start":{"line":15,"column":9},"end":{"line":21,"column":3}}]},"9":{"type":"branch","line":5,"loc":{"start":{"line":5,"column":46},"end":{"line":5,"column":92}},"locations":[{"start":{"line":5,"column":46},"end":{"line":5,"column":92}}]},"10":{"type":"branch","line":9,"loc":{"start":{"line":9,"column":41},"end":{"line":9,"column":85}},"locations":[{"start":{"line":9,"column":41},"end":{"line":9,"column":85}}]},"11":{"type":"branch","line":12,"loc":{"start":{"line":12,"column":41},"end":{"line":12,"column":90}},"locations":[{"start":{"line":12,"column":41},"end":{"line":12,"column":90}}]},"12":{"type":"branch","line":15,"loc":{"start":{"line":15,"column":45},"end":{"line":15,"column":79}},"locations":[{"start":{"line":15,"column":45},"end":{"line":15,"column":79}}]},"13":{"type":"branch","line":27,"loc":{"start":{"line":27,"column":0},"end":{"line":39,"column":1}},"locations":[{"start":{"line":27,"column":0},"end":{"line":39,"column":1}}]},"14":{"type":"branch","line":31,"loc":{"start":{"line":31,"column":11},"end":{"line":31,"column":31}},"locations":[{"start":{"line":31,"column":11},"end":{"line":31,"column":31}}]},"15":{"type":"branch","line":31,"loc":{"start":{"line":31,"column":4},"end":{"line":31,"column":51}},"locations":[{"start":{"line":31,"column":4},"end":{"line":31,"column":51}}]},"16":{"type":"branch","line":31,"loc":{"start":{"line":31,"column":4},"end":{"line":31,"column":71}},"locations":[{"start":{"line":31,"column":4},"end":{"line":31,"column":71}}]},"17":{"type":"branch","line":31,"loc":{"start":{"line":31,"column":4},"end":{"line":31,"column":73}},"locations":[{"start":{"line":31,"column":4},"end":{"line":31,"column":73}}]},"18":{"type":"branch","line":33,"loc":{"start":{"line":33,"column":13},"end":{"line":33,"column":31}},"locations":[{"start":{"line":33,"column":13},"end":{"line":33,"column":31}}]},"19":{"type":"branch","line":33,"loc":{"start":{"line":33,"column":31},"end":{"line":33,"column":38}},"locations":[{"start":{"line":33,"column":31},"end":{"line":33,"column":38}}]},"20":{"type":"branch","line":34,"loc":{"start":{"line":34,"column":73},"end":{"line":34,"column":92}},"locations":[{"start":{"line":34,"column":73},"end":{"line":34,"column":92}}]},"21":{"type":"branch","line":34,"loc":{"start":{"line":34,"column":66},"end":{"line":34,"column":107}},"locations":[{"start":{"line":34,"column":66},"end":{"line":34,"column":107}}]},"22":{"type":"branch","line":34,"loc":{"start":{"line":34,"column":66},"end":{"line":34,"column":111}},"locations":[{"start":{"line":34,"column":66},"end":{"line":34,"column":111}}]},"23":{"type":"branch","line":35,"loc":{"start":{"line":35,"column":75},"end":{"line":35,"column":95}},"locations":[{"start":{"line":35,"column":75},"end":{"line":35,"column":95}}]},"24":{"type":"branch","line":35,"loc":{"start":{"line":35,"column":68},"end":{"line":35,"column":111}},"locations":[{"start":{"line":35,"column":68},"end":{"line":35,"column":111}}]},"25":{"type":"branch","line":35,"loc":{"start":{"line":35,"column":68},"end":{"line":35,"column":115}},"locations":[{"start":{"line":35,"column":68},"end":{"line":35,"column":115}}]},"26":{"type":"branch","line":36,"loc":{"start":{"line":36,"column":77},"end":{"line":36,"column":98}},"locations":[{"start":{"line":36,"column":77},"end":{"line":36,"column":98}}]},"27":{"type":"branch","line":36,"loc":{"start":{"line":36,"column":70},"end":{"line":36,"column":115}},"locations":[{"start":{"line":36,"column":70},"end":{"line":36,"column":115}}]},"28":{"type":"branch","line":36,"loc":{"start":{"line":36,"column":70},"end":{"line":36,"column":119}},"locations":[{"start":{"line":36,"column":70},"end":{"line":36,"column":119}}]},"29":{"type":"branch","line":41,"loc":{"start":{"line":41,"column":0},"end":{"line":54,"column":1}},"locations":[{"start":{"line":41,"column":0},"end":{"line":54,"column":1}}]},"30":{"type":"branch","line":42,"loc":{"start":{"line":42,"column":27},"end":{"line":44,"column":3}},"locations":[{"start":{"line":42,"column":27},"end":{"line":44,"column":3}}]},"31":{"type":"branch","line":45,"loc":{"start":{"line":45,"column":32},"end":{"line":47,"column":3}},"locations":[{"start":{"line":45,"column":32},"end":{"line":47,"column":3}}]},"32":{"type":"branch","line":56,"loc":{"start":{"line":56,"column":0},"end":{"line":60,"column":1}},"locations":[{"start":{"line":56,"column":0},"end":{"line":60,"column":1}}]},"33":{"type":"branch","line":57,"loc":{"start":{"line":57,"column":9},"end":{"line":58,"column":80}},"locations":[{"start":{"line":57,"column":9},"end":{"line":58,"column":80}}]},"34":{"type":"branch","line":57,"loc":{"start":{"line":57,"column":9},"end":{"line":59,"column":9}},"locations":[{"start":{"line":57,"column":9},"end":{"line":59,"column":9}}]},"35":{"type":"branch","line":62,"loc":{"start":{"line":62,"column":0},"end":{"line":65,"column":1}},"locations":[{"start":{"line":62,"column":0},"end":{"line":65,"column":1}}]},"36":{"type":"branch","line":64,"loc":{"start":{"line":64,"column":9},"end":{"line":64,"column":105}},"locations":[{"start":{"line":64,"column":9},"end":{"line":64,"column":105}}]},"37":{"type":"branch","line":64,"loc":{"start":{"line":64,"column":9},"end":{"line":64,"column":108}},"locations":[{"start":{"line":64,"column":9},"end":{"line":64,"column":108}}]},"38":{"type":"branch","line":67,"loc":{"start":{"line":67,"column":0},"end":{"line":140,"column":1}},"locations":[{"start":{"line":67,"column":0},"end":{"line":140,"column":1}}]},"39":{"type":"branch","line":68,"loc":{"start":{"line":68,"column":27},"end":{"line":138,"column":4}},"locations":[{"start":{"line":68,"column":27},"end":{"line":138,"column":4}}]},"40":{"type":"branch","line":71,"loc":{"start":{"line":71,"column":44},"end":{"line":137,"column":5}},"locations":[{"start":{"line":71,"column":44},"end":{"line":137,"column":5}}]},"41":{"type":"branch","line":74,"loc":{"start":{"line":74,"column":10},"end":{"line":74,"column":54}},"locations":[{"start":{"line":74,"column":10},"end":{"line":74,"column":54}}]},"42":{"type":"branch","line":74,"loc":{"start":{"line":74,"column":54},"end":{"line":74,"column":63}},"locations":[{"start":{"line":74,"column":54},"end":{"line":74,"column":63}}]},"43":{"type":"branch","line":74,"loc":{"start":{"line":74,"column":54},"end":{"line":76,"column":10}},"locations":[{"start":{"line":74,"column":54},"end":{"line":76,"column":10}}]},"44":{"type":"branch","line":76,"loc":{"start":{"line":76,"column":33},"end":{"line":113,"column":13}},"locations":[{"start":{"line":76,"column":33},"end":{"line":113,"column":13}}]},"45":{"type":"branch","line":77,"loc":{"start":{"line":77,"column":23},"end":{"line":102,"column":15}},"locations":[{"start":{"line":77,"column":23},"end":{"line":102,"column":15}}]},"46":{"type":"branch","line":83,"loc":{"start":{"line":83,"column":20},"end":{"line":83,"column":29}},"locations":[{"start":{"line":83,"column":20},"end":{"line":83,"column":29}}]},"47":{"type":"branch","line":83,"loc":{"start":{"line":83,"column":20},"end":{"line":87,"column":20}},"locations":[{"start":{"line":83,"column":20},"end":{"line":87,"column":20}}]},"48":{"type":"branch","line":87,"loc":{"start":{"line":87,"column":32},"end":{"line":87,"column":74}},"locations":[{"start":{"line":87,"column":32},"end":{"line":87,"column":74}}]},"49":{"type":"branch","line":87,"loc":{"start":{"line":87,"column":74},"end":{"line":100,"column":13}},"locations":[{"start":{"line":87,"column":74},"end":{"line":100,"column":13}}]},"50":{"type":"branch","line":97,"loc":{"start":{"line":97,"column":55},"end":{"line":97,"column":67}},"locations":[{"start":{"line":97,"column":55},"end":{"line":97,"column":67}}]},"51":{"type":"branch","line":97,"loc":{"start":{"line":97,"column":50},"end":{"line":97,"column":74}},"locations":[{"start":{"line":97,"column":50},"end":{"line":97,"column":74}}]},"52":{"type":"branch","line":97,"loc":{"start":{"line":97,"column":50},"end":{"line":97,"column":77}},"locations":[{"start":{"line":97,"column":50},"end":{"line":97,"column":77}}]},"53":{"type":"branch","line":77,"loc":{"start":{"line":77,"column":8},"end":{"line":112,"column":9}},"locations":[{"start":{"line":77,"column":8},"end":{"line":112,"column":9}}]},"54":{"type":"branch","line":105,"loc":{"start":{"line":105,"column":49},"end":{"line":111,"column":11}},"locations":[{"start":{"line":105,"column":49},"end":{"line":111,"column":11}}]},"55":{"type":"branch","line":109,"loc":{"start":{"line":109,"column":32},"end":{"line":109,"column":42}},"locations":[{"start":{"line":109,"column":32},"end":{"line":109,"column":42}}]},"56":{"type":"branch","line":109,"loc":{"start":{"line":109,"column":32},"end":{"line":109,"column":50}},"locations":[{"start":{"line":109,"column":32},"end":{"line":109,"column":50}}]},"57":{"type":"branch","line":76,"loc":{"start":{"line":76,"column":6},"end":{"line":136,"column":7}},"locations":[{"start":{"line":76,"column":6},"end":{"line":136,"column":7}}]},"58":{"type":"branch","line":116,"loc":{"start":{"line":116,"column":38},"end":{"line":119,"column":14}},"locations":[{"start":{"line":116,"column":38},"end":{"line":119,"column":14}}]},"59":{"type":"branch","line":116,"loc":{"start":{"line":116,"column":38},"end":{"line":116,"column":47}},"locations":[{"start":{"line":116,"column":38},"end":{"line":116,"column":47}}]},"60":{"type":"branch","line":116,"loc":{"start":{"line":116,"column":38},"end":{"line":119,"column":14}},"locations":[{"start":{"line":116,"column":38},"end":{"line":119,"column":14}}]},"61":{"type":"branch","line":119,"loc":{"start":{"line":119,"column":29},"end":{"line":135,"column":9}},"locations":[{"start":{"line":119,"column":29},"end":{"line":135,"column":9}}]},"62":{"type":"branch","line":119,"loc":{"start":{"line":119,"column":29},"end":{"line":119,"column":38}},"locations":[{"start":{"line":119,"column":29},"end":{"line":119,"column":38}}]},"63":{"type":"branch","line":119,"loc":{"start":{"line":119,"column":29},"end":{"line":125,"column":14}},"locations":[{"start":{"line":119,"column":29},"end":{"line":125,"column":14}}]},"64":{"type":"branch","line":125,"loc":{"start":{"line":125,"column":52},"end":{"line":129,"column":11}},"locations":[{"start":{"line":125,"column":52},"end":{"line":129,"column":11}}]},"65":{"type":"branch","line":125,"loc":{"start":{"line":125,"column":52},"end":{"line":127,"column":17}},"locations":[{"start":{"line":125,"column":52},"end":{"line":127,"column":17}}]},"66":{"type":"branch","line":125,"loc":{"start":{"line":125,"column":10},"end":{"line":129,"column":11}},"locations":[{"start":{"line":125,"column":10},"end":{"line":129,"column":11}}]},"67":{"type":"branch","line":129,"loc":{"start":{"line":129,"column":11},"end":{"line":135,"column":9}},"locations":[{"start":{"line":129,"column":11},"end":{"line":135,"column":9}}]},"68":{"type":"branch","line":142,"loc":{"start":{"line":142,"column":0},"end":{"line":184,"column":1}},"locations":[{"start":{"line":142,"column":0},"end":{"line":184,"column":1}}]},"69":{"type":"branch","line":143,"loc":{"start":{"line":143,"column":33},"end":{"line":182,"column":4}},"locations":[{"start":{"line":143,"column":33},"end":{"line":182,"column":4}}]},"70":{"type":"branch","line":144,"loc":{"start":{"line":144,"column":8},"end":{"line":144,"column":50}},"locations":[{"start":{"line":144,"column":8},"end":{"line":144,"column":50}}]},"71":{"type":"branch","line":144,"loc":{"start":{"line":144,"column":50},"end":{"line":144,"column":57}},"locations":[{"start":{"line":144,"column":50},"end":{"line":144,"column":57}}]},"72":{"type":"branch","line":144,"loc":{"start":{"line":144,"column":50},"end":{"line":148,"column":52}},"locations":[{"start":{"line":144,"column":50},"end":{"line":148,"column":52}}]},"73":{"type":"branch","line":148,"loc":{"start":{"line":148,"column":52},"end":{"line":182,"column":4}},"locations":[{"start":{"line":148,"column":52},"end":{"line":182,"column":4}}]},"74":{"type":"branch","line":148,"loc":{"start":{"line":148,"column":52},"end":{"line":171,"column":9}},"locations":[{"start":{"line":148,"column":52},"end":{"line":171,"column":9}}]},"75":{"type":"branch","line":177,"loc":{"start":{"line":177,"column":5},"end":{"line":182,"column":4}},"locations":[{"start":{"line":177,"column":5},"end":{"line":182,"column":4}}]},"76":{"type":"branch","line":186,"loc":{"start":{"line":186,"column":0},"end":{"line":191,"column":1}},"locations":[{"start":{"line":186,"column":0},"end":{"line":191,"column":1}}]},"77":{"type":"branch","line":188,"loc":{"start":{"line":188,"column":9},"end":{"line":189,"column":97}},"locations":[{"start":{"line":188,"column":9},"end":{"line":189,"column":97}}]},"78":{"type":"branch","line":189,"loc":{"start":{"line":189,"column":11},"end":{"line":189,"column":52}},"locations":[{"start":{"line":189,"column":11},"end":{"line":189,"column":52}}]},"79":{"type":"branch","line":189,"loc":{"start":{"line":189,"column":11},"end":{"line":189,"column":55}},"locations":[{"start":{"line":189,"column":11},"end":{"line":189,"column":55}}]},"80":{"type":"branch","line":188,"loc":{"start":{"line":188,"column":9},"end":{"line":190,"column":9}},"locations":[{"start":{"line":188,"column":9},"end":{"line":190,"column":9}}]},"81":{"type":"branch","line":193,"loc":{"start":{"line":193,"column":0},"end":{"line":203,"column":1}},"locations":[{"start":{"line":193,"column":0},"end":{"line":203,"column":1}}]},"82":{"type":"branch","line":194,"loc":{"start":{"line":194,"column":9},"end":{"line":202,"column":4}},"locations":[{"start":{"line":194,"column":9},"end":{"line":202,"column":4}}]},"83":{"type":"branch","line":199,"loc":{"start":{"line":199,"column":16},"end":{"line":199,"column":88}},"locations":[{"start":{"line":199,"column":16},"end":{"line":199,"column":88}}]},"84":{"type":"branch","line":199,"loc":{"start":{"line":199,"column":16},"end":{"line":199,"column":107}},"locations":[{"start":{"line":199,"column":16},"end":{"line":199,"column":107}}]},"85":{"type":"branch","line":199,"loc":{"start":{"line":199,"column":16},"end":{"line":199,"column":114}},"locations":[{"start":{"line":199,"column":16},"end":{"line":199,"column":114}}]},"86":{"type":"branch","line":199,"loc":{"start":{"line":199,"column":16},"end":{"line":199,"column":117}},"locations":[{"start":{"line":199,"column":16},"end":{"line":199,"column":117}}]},"87":{"type":"branch","line":200,"loc":{"start":{"line":200,"column":18},"end":{"line":200,"column":65}},"locations":[{"start":{"line":200,"column":18},"end":{"line":200,"column":65}}]},"88":{"type":"branch","line":200,"loc":{"start":{"line":200,"column":18},"end":{"line":200,"column":68}},"locations":[{"start":{"line":200,"column":18},"end":{"line":200,"column":68}}]},"89":{"type":"branch","line":205,"loc":{"start":{"line":205,"column":0},"end":{"line":227,"column":1}},"locations":[{"start":{"line":205,"column":0},"end":{"line":227,"column":1}}]},"90":{"type":"branch","line":206,"loc":{"start":{"line":206,"column":9},"end":{"line":226,"column":4}},"locations":[{"start":{"line":206,"column":9},"end":{"line":226,"column":4}}]},"91":{"type":"branch","line":215,"loc":{"start":{"line":215,"column":34},"end":{"line":224,"column":5}},"locations":[{"start":{"line":215,"column":34},"end":{"line":224,"column":5}}]},"92":{"type":"branch","line":220,"loc":{"start":{"line":220,"column":37},"end":{"line":220,"column":49}},"locations":[{"start":{"line":220,"column":37},"end":{"line":220,"column":49}}]},"93":{"type":"branch","line":220,"loc":{"start":{"line":220,"column":32},"end":{"line":220,"column":56}},"locations":[{"start":{"line":220,"column":32},"end":{"line":220,"column":56}}]},"94":{"type":"branch","line":220,"loc":{"start":{"line":220,"column":32},"end":{"line":220,"column":59}},"locations":[{"start":{"line":220,"column":32},"end":{"line":220,"column":59}}]},"95":{"type":"branch","line":224,"loc":{"start":{"line":224,"column":5},"end":{"line":226,"column":4}},"locations":[{"start":{"line":224,"column":5},"end":{"line":226,"column":4}}]},"96":{"type":"branch","line":229,"loc":{"start":{"line":229,"column":0},"end":{"line":231,"column":1}},"locations":[{"start":{"line":229,"column":0},"end":{"line":231,"column":1}}]}},"b":{"0":[10],"1":[40],"2":[11],"3":[29],"4":[1],"5":[1],"6":[11],"7":[10],"8":[1],"9":[183],"10":[117],"11":[146],"12":[35],"13":[40],"14":[28],"15":[10],"16":[5],"17":[35],"18":[28],"19":[10],"20":[28],"21":[10],"22":[30],"23":[28],"24":[7],"25":[33],"26":[28],"27":[5],"28":[35],"29":[39],"30":[38],"31":[38],"32":[35],"33":[33],"34":[2],"35":[35],"36":[32],"37":[3],"38":[40],"39":[39],"40":[223],"41":[152],"42":[142],"43":[81],"44":[10],"45":[6],"46":[1],"47":[5],"48":[1],"49":[4],"50":[3],"51":[3],"52":[1],"53":[4],"54":[3],"55":[2],"56":[1],"57":[71],"58":[44],"59":[39],"60":[32],"61":[63],"62":[1],"63":[31],"64":[56],"65":[2],"66":[29],"67":[31],"68":[40],"69":[39],"70":[38],"71":[2],"72":[37],"73":[38],"74":[37],"75":[37],"76":[38],"77":[37],"78":[36],"79":[1],"80":[1],"81":[40],"82":[38],"83":[37],"84":[36],"85":[35],"86":[3],"87":[37],"88":[1],"89":[40],"90":[31],"91":[30],"92":[28],"93":[28],"94":[2],"95":[1],"96":[29]},"fnMap":{"0":{"name":"figure_references","decl":{"start":{"line":1,"column":26},"end":{"line":1,"column":6}},"loc":{"start":{"line":1,"column":26},"end":{"line":1,"column":6}},"line":1},"1":{"name":"loadOptions","decl":{"start":{"line":27,"column":0},"end":{"line":39,"column":1}},"loc":{"start":{"line":27,"column":0},"end":{"line":39,"column":1}},"line":27},"2":{"name":"addImage","decl":{"start":{"line":41,"column":0},"end":{"line":54,"column":1}},"loc":{"start":{"line":41,"column":0},"end":{"line":54,"column":1}},"line":41},"3":{"name":"render_anchor","decl":{"start":{"line":56,"column":0},"end":{"line":60,"column":1}},"loc":{"start":{"line":56,"column":0},"end":{"line":60,"column":1}},"line":56},"4":{"name":"render_label","decl":{"start":{"line":62,"column":0},"end":{"line":65,"column":1}},"loc":{"start":{"line":62,"column":0},"end":{"line":65,"column":1}},"line":62},"5":{"name":"figure_reference_rule","decl":{"start":{"line":67,"column":0},"end":{"line":140,"column":1}},"loc":{"start":{"line":67,"column":0},"end":{"line":140,"column":1}},"line":67},"6":{"name":"figure_reference","decl":{"start":{"line":68,"column":27},"end":{"line":138,"column":4}},"loc":{"start":{"line":68,"column":27},"end":{"line":138,"column":4}},"line":68},"7":{"name":"figure_reference_list_rule","decl":{"start":{"line":142,"column":0},"end":{"line":184,"column":1}},"loc":{"start":{"line":142,"column":0},"end":{"line":184,"column":1}},"line":142},"8":{"name":"figure_reference_list","decl":{"start":{"line":143,"column":33},"end":{"line":182,"column":4}},"loc":{"start":{"line":143,"column":33},"end":{"line":182,"column":4}},"line":143},"9":{"name":"render_item_label","decl":{"start":{"line":186,"column":0},"end":{"line":191,"column":1}},"loc":{"start":{"line":186,"column":0},"end":{"line":191,"column":1}},"line":186},"10":{"name":"figure_reference_list_item_renderer","decl":{"start":{"line":193,"column":0},"end":{"line":203,"column":1}},"loc":{"start":{"line":193,"column":0},"end":{"line":203,"column":1}},"line":193},"11":{"name":"figure_wrapper_renderer","decl":{"start":{"line":205,"column":0},"end":{"line":227,"column":1}},"loc":{"start":{"line":205,"column":0},"end":{"line":227,"column":1}},"line":205},"12":{"name":"slugify","decl":{"start":{"line":229,"column":0},"end":{"line":231,"column":1}},"loc":{"start":{"line":229,"column":0},"end":{"line":231,"column":1}},"line":229}},"f":{"0":40,"1":40,"2":39,"3":35,"4":35,"5":40,"6":39,"7":40,"8":39,"9":38,"10":40,"11":40,"12":29}}
}
