{"/home/alija/Git/github/studyathome-internationally/markdown-it-plugins/packages/markdown-it-figure-references/index.js": {"path":"/home/alija/Git/github/studyathome-internationally/markdown-it-plugins/packages/markdown-it-figure-references/index.js","statementMap":{"0":{"start":{"line":1,"column":0},"end":{"line":1,"column":41}},"1":{"start":{"line":2,"column":0},"end":{"line":2,"column":61}},"2":{"start":{"line":3,"column":0},"end":{"line":3,"column":0}},"3":{"start":{"line":4,"column":0},"end":{"line":4,"column":101}},"4":{"start":{"line":5,"column":0},"end":{"line":5,"column":15}},"5":{"start":{"line":6,"column":0},"end":{"line":6,"column":70}},"6":{"start":{"line":7,"column":0},"end":{"line":7,"column":80}},"7":{"start":{"line":8,"column":0},"end":{"line":8,"column":10}},"8":{"start":{"line":9,"column":0},"end":{"line":9,"column":72}},"9":{"start":{"line":10,"column":0},"end":{"line":10,"column":82}},"10":{"start":{"line":11,"column":0},"end":{"line":11,"column":3}},"11":{"start":{"line":12,"column":0},"end":{"line":12,"column":0}},"12":{"start":{"line":13,"column":0},"end":{"line":13,"column":91}},"13":{"start":{"line":14,"column":0},"end":{"line":14,"column":91}},"14":{"start":{"line":15,"column":0},"end":{"line":15,"column":93}},"15":{"start":{"line":16,"column":0},"end":{"line":16,"column":92}},"16":{"start":{"line":17,"column":0},"end":{"line":17,"column":2}},"17":{"start":{"line":18,"column":0},"end":{"line":18,"column":0}},"18":{"start":{"line":19,"column":0},"end":{"line":19,"column":43}},"19":{"start":{"line":20,"column":0},"end":{"line":20,"column":28}},"20":{"start":{"line":21,"column":0},"end":{"line":21,"column":28}},"21":{"start":{"line":22,"column":0},"end":{"line":22,"column":3}},"22":{"start":{"line":23,"column":0},"end":{"line":23,"column":33}},"23":{"start":{"line":24,"column":0},"end":{"line":24,"column":33}},"24":{"start":{"line":25,"column":0},"end":{"line":25,"column":3}},"25":{"start":{"line":26,"column":0},"end":{"line":26,"column":39}},"26":{"start":{"line":27,"column":0},"end":{"line":27,"column":14}},"27":{"start":{"line":28,"column":0},"end":{"line":28,"column":7}},"28":{"start":{"line":29,"column":0},"end":{"line":29,"column":10}},"29":{"start":{"line":30,"column":0},"end":{"line":30,"column":40}},"30":{"start":{"line":31,"column":0},"end":{"line":31,"column":4}},"31":{"start":{"line":32,"column":0},"end":{"line":32,"column":1}},"32":{"start":{"line":33,"column":0},"end":{"line":33,"column":0}},"33":{"start":{"line":34,"column":0},"end":{"line":34,"column":38}},"34":{"start":{"line":35,"column":0},"end":{"line":35,"column":54}},"35":{"start":{"line":36,"column":0},"end":{"line":36,"column":32}},"36":{"start":{"line":37,"column":0},"end":{"line":37,"column":0}},"37":{"start":{"line":38,"column":0},"end":{"line":38,"column":45}},"38":{"start":{"line":39,"column":0},"end":{"line":39,"column":56}},"39":{"start":{"line":40,"column":0},"end":{"line":40,"column":0}},"40":{"start":{"line":41,"column":0},"end":{"line":41,"column":63}},"41":{"start":{"line":42,"column":0},"end":{"line":42,"column":0}},"42":{"start":{"line":43,"column":0},"end":{"line":43,"column":34}},"43":{"start":{"line":44,"column":0},"end":{"line":44,"column":24}},"44":{"start":{"line":45,"column":0},"end":{"line":45,"column":56}},"45":{"start":{"line":46,"column":0},"end":{"line":46,"column":20}},"46":{"start":{"line":47,"column":0},"end":{"line":47,"column":51}},"47":{"start":{"line":48,"column":0},"end":{"line":48,"column":104}},"48":{"start":{"line":49,"column":0},"end":{"line":49,"column":40}},"49":{"start":{"line":50,"column":0},"end":{"line":50,"column":29}},"50":{"start":{"line":51,"column":0},"end":{"line":51,"column":42}},"51":{"start":{"line":52,"column":0},"end":{"line":52,"column":45}},"52":{"start":{"line":53,"column":0},"end":{"line":53,"column":0}},"53":{"start":{"line":54,"column":0},"end":{"line":54,"column":35}},"54":{"start":{"line":55,"column":0},"end":{"line":55,"column":62}},"55":{"start":{"line":56,"column":0},"end":{"line":56,"column":75}},"56":{"start":{"line":57,"column":0},"end":{"line":57,"column":39}},"57":{"start":{"line":58,"column":0},"end":{"line":58,"column":62}},"58":{"start":{"line":59,"column":0},"end":{"line":59,"column":49}},"59":{"start":{"line":60,"column":0},"end":{"line":60,"column":31}},"60":{"start":{"line":61,"column":0},"end":{"line":61,"column":74}},"61":{"start":{"line":62,"column":0},"end":{"line":62,"column":16}},"62":{"start":{"line":63,"column":0},"end":{"line":63,"column":58}},"63":{"start":{"line":64,"column":0},"end":{"line":64,"column":13}},"64":{"start":{"line":65,"column":0},"end":{"line":65,"column":11}},"65":{"start":{"line":66,"column":0},"end":{"line":66,"column":16}},"66":{"start":{"line":67,"column":0},"end":{"line":67,"column":83}},"67":{"start":{"line":68,"column":0},"end":{"line":68,"column":20}},"68":{"start":{"line":69,"column":0},"end":{"line":69,"column":50}},"69":{"start":{"line":70,"column":0},"end":{"line":70,"column":38}},"70":{"start":{"line":71,"column":0},"end":{"line":71,"column":0}},"71":{"start":{"line":72,"column":0},"end":{"line":72,"column":22}},"72":{"start":{"line":73,"column":0},"end":{"line":73,"column":65}},"73":{"start":{"line":74,"column":0},"end":{"line":74,"column":61}},"74":{"start":{"line":75,"column":0},"end":{"line":75,"column":0}},"75":{"start":{"line":76,"column":0},"end":{"line":76,"column":64}},"76":{"start":{"line":77,"column":0},"end":{"line":77,"column":33}},"77":{"start":{"line":78,"column":0},"end":{"line":78,"column":0}},"78":{"start":{"line":79,"column":0},"end":{"line":79,"column":45}},"79":{"start":{"line":80,"column":0},"end":{"line":80,"column":11}},"80":{"start":{"line":81,"column":0},"end":{"line":81,"column":9}},"81":{"start":{"line":82,"column":0},"end":{"line":82,"column":14}},"82":{"start":{"line":83,"column":0},"end":{"line":83,"column":51}},"83":{"start":{"line":84,"column":0},"end":{"line":84,"column":34}},"84":{"start":{"line":85,"column":0},"end":{"line":85,"column":47}},"85":{"start":{"line":86,"column":0},"end":{"line":86,"column":0}},"86":{"start":{"line":87,"column":0},"end":{"line":87,"column":78}},"87":{"start":{"line":88,"column":0},"end":{"line":88,"column":38}},"88":{"start":{"line":89,"column":0},"end":{"line":89,"column":0}},"89":{"start":{"line":90,"column":0},"end":{"line":90,"column":55}},"90":{"start":{"line":91,"column":0},"end":{"line":91,"column":0}},"91":{"start":{"line":92,"column":0},"end":{"line":92,"column":17}},"92":{"start":{"line":93,"column":0},"end":{"line":93,"column":33}},"93":{"start":{"line":94,"column":0},"end":{"line":94,"column":53}},"94":{"start":{"line":95,"column":0},"end":{"line":95,"column":50}},"95":{"start":{"line":96,"column":0},"end":{"line":96,"column":18}},"96":{"start":{"line":97,"column":0},"end":{"line":97,"column":33}},"97":{"start":{"line":98,"column":0},"end":{"line":98,"column":11}},"98":{"start":{"line":99,"column":0},"end":{"line":99,"column":50}},"99":{"start":{"line":100,"column":0},"end":{"line":100,"column":40}},"100":{"start":{"line":101,"column":0},"end":{"line":101,"column":40}},"101":{"start":{"line":102,"column":0},"end":{"line":102,"column":0}},"102":{"start":{"line":103,"column":0},"end":{"line":103,"column":43}},"103":{"start":{"line":104,"column":0},"end":{"line":104,"column":9}},"104":{"start":{"line":105,"column":0},"end":{"line":105,"column":7}},"105":{"start":{"line":106,"column":0},"end":{"line":106,"column":5}},"106":{"start":{"line":107,"column":0},"end":{"line":107,"column":4}},"107":{"start":{"line":108,"column":0},"end":{"line":108,"column":26}},"108":{"start":{"line":109,"column":0},"end":{"line":109,"column":1}},"109":{"start":{"line":110,"column":0},"end":{"line":110,"column":0}},"110":{"start":{"line":111,"column":0},"end":{"line":111,"column":43}},"111":{"start":{"line":112,"column":0},"end":{"line":112,"column":44}},"112":{"start":{"line":113,"column":0},"end":{"line":113,"column":50}},"113":{"start":{"line":114,"column":0},"end":{"line":114,"column":32}},"114":{"start":{"line":115,"column":0},"end":{"line":115,"column":0}},"115":{"start":{"line":116,"column":0},"end":{"line":116,"column":79}},"116":{"start":{"line":117,"column":0},"end":{"line":117,"column":23}},"117":{"start":{"line":118,"column":0},"end":{"line":118,"column":23}},"118":{"start":{"line":119,"column":0},"end":{"line":119,"column":0}},"119":{"start":{"line":120,"column":0},"end":{"line":120,"column":47}},"120":{"start":{"line":121,"column":0},"end":{"line":121,"column":48}},"121":{"start":{"line":122,"column":0},"end":{"line":122,"column":69}},"122":{"start":{"line":123,"column":0},"end":{"line":123,"column":32}},"123":{"start":{"line":124,"column":0},"end":{"line":124,"column":25}},"124":{"start":{"line":125,"column":0},"end":{"line":125,"column":5}},"125":{"start":{"line":126,"column":0},"end":{"line":126,"column":0}},"126":{"start":{"line":127,"column":0},"end":{"line":127,"column":77}},"127":{"start":{"line":128,"column":0},"end":{"line":128,"column":23}},"128":{"start":{"line":129,"column":0},"end":{"line":129,"column":23}},"129":{"start":{"line":130,"column":0},"end":{"line":130,"column":4}},"130":{"start":{"line":131,"column":0},"end":{"line":131,"column":31}},"131":{"start":{"line":132,"column":0},"end":{"line":132,"column":1}},"132":{"start":{"line":133,"column":0},"end":{"line":133,"column":0}},"133":{"start":{"line":134,"column":0},"end":{"line":134,"column":52}},"134":{"start":{"line":135,"column":0},"end":{"line":135,"column":54}},"135":{"start":{"line":136,"column":0},"end":{"line":136,"column":30}},"136":{"start":{"line":137,"column":0},"end":{"line":137,"column":92}},"137":{"start":{"line":138,"column":0},"end":{"line":138,"column":67}},"138":{"start":{"line":139,"column":0},"end":{"line":139,"column":4}},"139":{"start":{"line":140,"column":0},"end":{"line":140,"column":1}},"140":{"start":{"line":141,"column":0},"end":{"line":141,"column":0}},"141":{"start":{"line":142,"column":0},"end":{"line":142,"column":52}},"142":{"start":{"line":143,"column":0},"end":{"line":143,"column":54}},"143":{"start":{"line":144,"column":0},"end":{"line":144,"column":30}},"144":{"start":{"line":145,"column":0},"end":{"line":145,"column":133}},"145":{"start":{"line":146,"column":0},"end":{"line":146,"column":4}},"146":{"start":{"line":147,"column":0},"end":{"line":147,"column":1}},"147":{"start":{"line":148,"column":0},"end":{"line":148,"column":0}},"148":{"start":{"line":149,"column":0},"end":{"line":149,"column":53}},"149":{"start":{"line":150,"column":0},"end":{"line":150,"column":54}},"150":{"start":{"line":151,"column":0},"end":{"line":151,"column":30}},"151":{"start":{"line":152,"column":0},"end":{"line":152,"column":29}},"152":{"start":{"line":153,"column":0},"end":{"line":153,"column":4}},"153":{"start":{"line":154,"column":0},"end":{"line":154,"column":1}},"154":{"start":{"line":155,"column":0},"end":{"line":155,"column":0}},"155":{"start":{"line":156,"column":0},"end":{"line":156,"column":57}},"156":{"start":{"line":157,"column":0},"end":{"line":157,"column":47}},"157":{"start":{"line":158,"column":0},"end":{"line":158,"column":30}},"158":{"start":{"line":159,"column":0},"end":{"line":159,"column":35}},"159":{"start":{"line":160,"column":0},"end":{"line":160,"column":41}},"160":{"start":{"line":161,"column":0},"end":{"line":161,"column":40}},"161":{"start":{"line":162,"column":0},"end":{"line":162,"column":22}},"162":{"start":{"line":163,"column":0},"end":{"line":163,"column":14}},"163":{"start":{"line":164,"column":0},"end":{"line":164,"column":33}},"164":{"start":{"line":165,"column":0},"end":{"line":165,"column":67}},"165":{"start":{"line":166,"column":0},"end":{"line":166,"column":28}},"166":{"start":{"line":167,"column":0},"end":{"line":167,"column":106}},"167":{"start":{"line":168,"column":0},"end":{"line":168,"column":29}},"168":{"start":{"line":169,"column":0},"end":{"line":169,"column":19}},"169":{"start":{"line":170,"column":0},"end":{"line":170,"column":8}},"170":{"start":{"line":171,"column":0},"end":{"line":171,"column":5}},"171":{"start":{"line":172,"column":0},"end":{"line":172,"column":4}},"172":{"start":{"line":173,"column":0},"end":{"line":173,"column":1}},"173":{"start":{"line":174,"column":0},"end":{"line":174,"column":0}},"174":{"start":{"line":175,"column":0},"end":{"line":175,"column":25}},"175":{"start":{"line":176,"column":0},"end":{"line":176,"column":91}},"176":{"start":{"line":177,"column":0},"end":{"line":177,"column":1}},"177":{"start":{"line":178,"column":0},"end":{"line":178,"column":0}},"178":{"start":{"line":179,"column":0},"end":{"line":179,"column":30}},"179":{"start":{"line":180,"column":0},"end":{"line":180,"column":16}},"180":{"start":{"line":181,"column":0},"end":{"line":181,"column":18}},"181":{"start":{"line":182,"column":0},"end":{"line":182,"column":20}},"182":{"start":{"line":183,"column":0},"end":{"line":183,"column":13}},"183":{"start":{"line":184,"column":0},"end":{"line":184,"column":13}},"184":{"start":{"line":185,"column":0},"end":{"line":185,"column":31}},"185":{"start":{"line":186,"column":0},"end":{"line":186,"column":16}},"186":{"start":{"line":187,"column":0},"end":{"line":187,"column":2}},"187":{"start":{"line":188,"column":0},"end":{"line":188,"column":0}},"188":{"start":{"line":189,"column":0},"end":{"line":189,"column":35}}},"s":{"0":1,"1":1,"2":1,"3":1,"4":1,"5":4,"6":4,"7":4,"8":4,"9":4,"10":4,"11":1,"12":1,"13":1,"14":1,"15":1,"16":1,"17":1,"18":19,"19":19,"20":18,"21":18,"22":19,"23":18,"24":18,"25":19,"26":19,"27":19,"28":19,"29":19,"30":19,"31":19,"32":1,"33":19,"34":19,"35":18,"36":18,"37":18,"38":101,"39":101,"40":101,"41":39,"42":101,"43":31,"44":31,"45":31,"46":31,"47":31,"48":31,"49":31,"50":31,"51":31,"52":31,"53":31,"54":31,"55":31,"56":31,"57":31,"58":31,"59":31,"60":31,"61":31,"62":31,"63":31,"64":31,"65":31,"66":31,"67":31,"68":31,"69":31,"70":31,"71":31,"72":31,"73":31,"74":31,"75":31,"76":31,"77":31,"78":31,"79":31,"80":31,"81":31,"82":31,"83":31,"84":31,"85":13,"86":31,"87":31,"88":13,"89":13,"90":13,"91":13,"92":13,"93":25,"94":11,"95":11,"96":11,"97":11,"98":25,"99":13,"100":13,"101":13,"102":13,"103":13,"104":31,"105":101,"106":18,"107":19,"108":19,"109":1,"110":19,"111":19,"112":18,"113":17,"114":17,"115":17,"116":17,"117":17,"118":17,"119":17,"120":18,"121":18,"122":18,"123":18,"124":18,"125":17,"126":17,"127":17,"128":17,"129":17,"130":19,"131":19,"132":1,"133":19,"134":19,"135":17,"136":17,"137":17,"138":17,"139":19,"140":1,"141":19,"142":19,"143":18,"144":18,"145":18,"146":19,"147":1,"148":19,"149":19,"150":17,"151":17,"152":17,"153":19,"154":1,"155":19,"156":19,"157":13,"158":13,"159":13,"160":13,"161":13,"162":13,"163":13,"164":13,"165":13,"166":13,"167":13,"168":13,"169":13,"170":13,"171":13,"172":19,"173":1,"174":11,"175":11,"176":11,"177":1,"178":1,"179":1,"180":1,"181":1,"182":1,"183":1,"184":1,"185":1,"186":1,"187":1,"188":1},"branchMap":{"0":{"type":"branch","line":189,"loc":{"start":{"line":189,"column":35},"end":{"line":189,"column":35}},"locations":[{"start":{"line":189,"column":35},"end":{"line":189,"column":35}}]},"1":{"type":"branch","line":1,"loc":{"start":{"line":1,"column":26},"end":{"line":1,"column":6}},"locations":[{"start":{"line":1,"column":26},"end":{"line":1,"column":6}}]},"2":{"type":"branch","line":4,"loc":{"start":{"line":4,"column":17},"end":{"line":4,"column":101}},"locations":[{"start":{"line":4,"column":17},"end":{"line":4,"column":101}}]},"3":{"type":"branch","line":5,"loc":{"start":{"line":5,"column":14},"end":{"line":11,"column":3}},"locations":[{"start":{"line":5,"column":14},"end":{"line":11,"column":3}}]},"4":{"type":"branch","line":5,"loc":{"start":{"line":5,"column":14},"end":{"line":8,"column":9}},"locations":[{"start":{"line":5,"column":14},"end":{"line":8,"column":9}}]},"5":{"type":"branch","line":5,"loc":{"start":{"line":5,"column":2},"end":{"line":11,"column":3}},"locations":[{"start":{"line":5,"column":2},"end":{"line":11,"column":3}}]},"6":{"type":"branch","line":4,"loc":{"start":{"line":4,"column":49},"end":{"line":4,"column":95}},"locations":[{"start":{"line":4,"column":49},"end":{"line":4,"column":95}}]},"7":{"type":"branch","line":19,"loc":{"start":{"line":19,"column":0},"end":{"line":32,"column":1}},"locations":[{"start":{"line":19,"column":0},"end":{"line":32,"column":1}}]},"8":{"type":"branch","line":20,"loc":{"start":{"line":20,"column":27},"end":{"line":22,"column":3}},"locations":[{"start":{"line":20,"column":27},"end":{"line":22,"column":3}}]},"9":{"type":"branch","line":23,"loc":{"start":{"line":23,"column":32},"end":{"line":25,"column":3}},"locations":[{"start":{"line":23,"column":32},"end":{"line":25,"column":3}}]},"10":{"type":"branch","line":34,"loc":{"start":{"line":34,"column":0},"end":{"line":109,"column":1}},"locations":[{"start":{"line":34,"column":0},"end":{"line":109,"column":1}}]},"11":{"type":"branch","line":35,"loc":{"start":{"line":35,"column":27},"end":{"line":107,"column":4}},"locations":[{"start":{"line":35,"column":27},"end":{"line":107,"column":4}}]},"12":{"type":"branch","line":38,"loc":{"start":{"line":38,"column":44},"end":{"line":106,"column":5}},"locations":[{"start":{"line":38,"column":44},"end":{"line":106,"column":5}}]},"13":{"type":"branch","line":41,"loc":{"start":{"line":41,"column":10},"end":{"line":41,"column":54}},"locations":[{"start":{"line":41,"column":10},"end":{"line":41,"column":54}}]},"14":{"type":"branch","line":41,"loc":{"start":{"line":41,"column":54},"end":{"line":41,"column":63}},"locations":[{"start":{"line":41,"column":54},"end":{"line":41,"column":63}}]},"15":{"type":"branch","line":41,"loc":{"start":{"line":41,"column":54},"end":{"line":43,"column":10}},"locations":[{"start":{"line":41,"column":54},"end":{"line":43,"column":10}}]},"16":{"type":"branch","line":43,"loc":{"start":{"line":43,"column":33},"end":{"line":82,"column":13}},"locations":[{"start":{"line":43,"column":33},"end":{"line":82,"column":13}}]},"17":{"type":"branch","line":44,"loc":{"start":{"line":44,"column":23},"end":{"line":66,"column":15}},"locations":[{"start":{"line":44,"column":23},"end":{"line":66,"column":15}}]},"18":{"type":"branch","line":50,"loc":{"start":{"line":50,"column":20},"end":{"line":50,"column":29}},"locations":[{"start":{"line":50,"column":20},"end":{"line":50,"column":29}}]},"19":{"type":"branch","line":50,"loc":{"start":{"line":50,"column":20},"end":{"line":54,"column":16}},"locations":[{"start":{"line":50,"column":20},"end":{"line":54,"column":16}}]},"20":{"type":"branch","line":54,"loc":{"start":{"line":54,"column":34},"end":{"line":64,"column":13}},"locations":[{"start":{"line":54,"column":34},"end":{"line":64,"column":13}}]},"21":{"type":"branch","line":44,"loc":{"start":{"line":44,"column":8},"end":{"line":81,"column":9}},"locations":[{"start":{"line":44,"column":8},"end":{"line":81,"column":9}}]},"22":{"type":"branch","line":69,"loc":{"start":{"line":69,"column":49},"end":{"line":80,"column":11}},"locations":[{"start":{"line":69,"column":49},"end":{"line":80,"column":11}}]},"23":{"type":"branch","line":76,"loc":{"start":{"line":76,"column":26},"end":{"line":76,"column":64}},"locations":[{"start":{"line":76,"column":26},"end":{"line":76,"column":64}}]},"24":{"type":"branch","line":77,"loc":{"start":{"line":77,"column":24},"end":{"line":77,"column":33}},"locations":[{"start":{"line":77,"column":24},"end":{"line":77,"column":33}}]},"25":{"type":"branch","line":43,"loc":{"start":{"line":43,"column":6},"end":{"line":105,"column":7}},"locations":[{"start":{"line":43,"column":6},"end":{"line":105,"column":7}}]},"26":{"type":"branch","line":85,"loc":{"start":{"line":85,"column":38},"end":{"line":87,"column":36}},"locations":[{"start":{"line":85,"column":38},"end":{"line":87,"column":36}}]},"27":{"type":"branch","line":85,"loc":{"start":{"line":85,"column":38},"end":{"line":85,"column":47}},"locations":[{"start":{"line":85,"column":38},"end":{"line":85,"column":47}}]},"28":{"type":"branch","line":85,"loc":{"start":{"line":85,"column":38},"end":{"line":87,"column":36}},"locations":[{"start":{"line":85,"column":38},"end":{"line":87,"column":36}}]},"29":{"type":"branch","line":87,"loc":{"start":{"line":87,"column":31},"end":{"line":87,"column":62}},"locations":[{"start":{"line":87,"column":31},"end":{"line":87,"column":62}}]},"30":{"type":"branch","line":88,"loc":{"start":{"line":88,"column":29},"end":{"line":104,"column":9}},"locations":[{"start":{"line":88,"column":29},"end":{"line":104,"column":9}}]},"31":{"type":"branch","line":88,"loc":{"start":{"line":88,"column":29},"end":{"line":88,"column":38}},"locations":[{"start":{"line":88,"column":29},"end":{"line":88,"column":38}}]},"32":{"type":"branch","line":88,"loc":{"start":{"line":88,"column":29},"end":{"line":94,"column":14}},"locations":[{"start":{"line":88,"column":29},"end":{"line":94,"column":14}}]},"33":{"type":"branch","line":94,"loc":{"start":{"line":94,"column":52},"end":{"line":98,"column":11}},"locations":[{"start":{"line":94,"column":52},"end":{"line":98,"column":11}}]},"34":{"type":"branch","line":94,"loc":{"start":{"line":94,"column":52},"end":{"line":96,"column":17}},"locations":[{"start":{"line":94,"column":52},"end":{"line":96,"column":17}}]},"35":{"type":"branch","line":94,"loc":{"start":{"line":94,"column":10},"end":{"line":98,"column":11}},"locations":[{"start":{"line":94,"column":10},"end":{"line":98,"column":11}}]},"36":{"type":"branch","line":98,"loc":{"start":{"line":98,"column":11},"end":{"line":99,"column":14}},"locations":[{"start":{"line":98,"column":11},"end":{"line":99,"column":14}}]},"37":{"type":"branch","line":99,"loc":{"start":{"line":99,"column":26},"end":{"line":99,"column":31}},"locations":[{"start":{"line":99,"column":26},"end":{"line":99,"column":31}}]},"38":{"type":"branch","line":99,"loc":{"start":{"line":99,"column":26},"end":{"line":104,"column":9}},"locations":[{"start":{"line":99,"column":26},"end":{"line":104,"column":9}}]},"39":{"type":"branch","line":111,"loc":{"start":{"line":111,"column":0},"end":{"line":132,"column":1}},"locations":[{"start":{"line":111,"column":0},"end":{"line":132,"column":1}}]},"40":{"type":"branch","line":112,"loc":{"start":{"line":112,"column":33},"end":{"line":130,"column":4}},"locations":[{"start":{"line":112,"column":33},"end":{"line":130,"column":4}}]},"41":{"type":"branch","line":113,"loc":{"start":{"line":113,"column":43},"end":{"line":113,"column":50}},"locations":[{"start":{"line":113,"column":43},"end":{"line":113,"column":50}}]},"42":{"type":"branch","line":113,"loc":{"start":{"line":113,"column":43},"end":{"line":130,"column":4}},"locations":[{"start":{"line":113,"column":43},"end":{"line":130,"column":4}}]},"43":{"type":"branch","line":120,"loc":{"start":{"line":120,"column":46},"end":{"line":125,"column":5}},"locations":[{"start":{"line":120,"column":46},"end":{"line":125,"column":5}}]},"44":{"type":"branch","line":134,"loc":{"start":{"line":134,"column":0},"end":{"line":140,"column":1}},"locations":[{"start":{"line":134,"column":0},"end":{"line":140,"column":1}}]},"45":{"type":"branch","line":135,"loc":{"start":{"line":135,"column":9},"end":{"line":139,"column":4}},"locations":[{"start":{"line":135,"column":9},"end":{"line":139,"column":4}}]},"46":{"type":"branch","line":137,"loc":{"start":{"line":137,"column":18},"end":{"line":137,"column":89}},"locations":[{"start":{"line":137,"column":18},"end":{"line":137,"column":89}}]},"47":{"type":"branch","line":137,"loc":{"start":{"line":137,"column":18},"end":{"line":137,"column":92}},"locations":[{"start":{"line":137,"column":18},"end":{"line":137,"column":92}}]},"48":{"type":"branch","line":142,"loc":{"start":{"line":142,"column":0},"end":{"line":147,"column":1}},"locations":[{"start":{"line":142,"column":0},"end":{"line":147,"column":1}}]},"49":{"type":"branch","line":143,"loc":{"start":{"line":143,"column":9},"end":{"line":146,"column":4}},"locations":[{"start":{"line":143,"column":9},"end":{"line":146,"column":4}}]},"50":{"type":"branch","line":149,"loc":{"start":{"line":149,"column":0},"end":{"line":154,"column":1}},"locations":[{"start":{"line":149,"column":0},"end":{"line":154,"column":1}}]},"51":{"type":"branch","line":150,"loc":{"start":{"line":150,"column":9},"end":{"line":153,"column":4}},"locations":[{"start":{"line":150,"column":9},"end":{"line":153,"column":4}}]},"52":{"type":"branch","line":156,"loc":{"start":{"line":156,"column":0},"end":{"line":173,"column":1}},"locations":[{"start":{"line":156,"column":0},"end":{"line":173,"column":1}}]},"53":{"type":"branch","line":157,"loc":{"start":{"line":157,"column":9},"end":{"line":172,"column":4}},"locations":[{"start":{"line":157,"column":9},"end":{"line":172,"column":4}}]},"54":{"type":"branch","line":167,"loc":{"start":{"line":167,"column":15},"end":{"line":167,"column":90}},"locations":[{"start":{"line":167,"column":15},"end":{"line":167,"column":90}}]},"55":{"type":"branch","line":167,"loc":{"start":{"line":167,"column":15},"end":{"line":167,"column":93}},"locations":[{"start":{"line":167,"column":15},"end":{"line":167,"column":93}}]},"56":{"type":"branch","line":175,"loc":{"start":{"line":175,"column":0},"end":{"line":177,"column":1}},"locations":[{"start":{"line":175,"column":0},"end":{"line":177,"column":1}}]}},"b":{"0":[4],"1":[19],"2":[4],"3":[18],"4":[15],"5":[4],"6":[129],"7":[19],"8":[18],"9":[18],"10":[19],"11":[18],"12":[101],"13":[70],"14":[62],"15":[39],"16":[8],"17":[5],"18":[1],"19":[4],"20":[3],"21":[3],"22":[2],"23":[0],"24":[0],"25":[31],"26":[22],"27":[18],"28":[13],"29":[0],"30":[25],"31":[0],"32":[13],"33":[20],"34":[2],"35":[11],"36":[13],"37":[0],"38":[13],"39":[19],"40":[18],"41":[1],"42":[17],"43":[18],"44":[19],"45":[17],"46":[16],"47":[1],"48":[19],"49":[18],"50":[19],"51":[17],"52":[19],"53":[13],"54":[12],"55":[1],"56":[11]},"fnMap":{"0":{"name":"figure_references","decl":{"start":{"line":1,"column":26},"end":{"line":1,"column":6}},"loc":{"start":{"line":1,"column":26},"end":{"line":1,"column":6}},"line":1},"1":{"name":"addImage","decl":{"start":{"line":19,"column":0},"end":{"line":32,"column":1}},"loc":{"start":{"line":19,"column":0},"end":{"line":32,"column":1}},"line":19},"2":{"name":"figure_reference_rule","decl":{"start":{"line":34,"column":0},"end":{"line":109,"column":1}},"loc":{"start":{"line":34,"column":0},"end":{"line":109,"column":1}},"line":34},"3":{"name":"figure_reference","decl":{"start":{"line":35,"column":27},"end":{"line":107,"column":4}},"loc":{"start":{"line":35,"column":27},"end":{"line":107,"column":4}},"line":35},"4":{"name":"figure_reference_list_rule","decl":{"start":{"line":111,"column":0},"end":{"line":132,"column":1}},"loc":{"start":{"line":111,"column":0},"end":{"line":132,"column":1}},"line":111},"5":{"name":"figure_reference_list","decl":{"start":{"line":112,"column":33},"end":{"line":130,"column":4}},"loc":{"start":{"line":112,"column":33},"end":{"line":130,"column":4}},"line":112},"6":{"name":"figure_reference_list_open_renderer","decl":{"start":{"line":134,"column":0},"end":{"line":140,"column":1}},"loc":{"start":{"line":134,"column":0},"end":{"line":140,"column":1}},"line":134},"7":{"name":"figure_reference_list_item_renderer","decl":{"start":{"line":142,"column":0},"end":{"line":147,"column":1}},"loc":{"start":{"line":142,"column":0},"end":{"line":147,"column":1}},"line":142},"8":{"name":"figure_reference_list_close_renderer","decl":{"start":{"line":149,"column":0},"end":{"line":154,"column":1}},"loc":{"start":{"line":149,"column":0},"end":{"line":154,"column":1}},"line":149},"9":{"name":"figure_wrapper_renderer","decl":{"start":{"line":156,"column":0},"end":{"line":173,"column":1}},"loc":{"start":{"line":156,"column":0},"end":{"line":173,"column":1}},"line":156},"10":{"name":"sanitize","decl":{"start":{"line":175,"column":0},"end":{"line":177,"column":1}},"loc":{"start":{"line":175,"column":0},"end":{"line":177,"column":1}},"line":175}},"f":{"0":19,"1":19,"2":19,"3":18,"4":19,"5":18,"6":19,"7":19,"8":19,"9":19,"10":11}}
}
