TN:
SF:index.js
FN:1,figure_references
FN:19,addImage
FN:34,figure_reference_rule
FN:35,figure_reference
FN:111,figure_reference_list_rule
FN:112,figure_reference_list
FN:134,figure_reference_list_open_renderer
FN:142,figure_reference_list_item_renderer
FN:149,figure_reference_list_close_renderer
FN:156,figure_wrapper_renderer
FN:175,sanitize
FNF:11
FNH:11
FNDA:19,figure_references
FNDA:19,addImage
FNDA:19,figure_reference_rule
FNDA:18,figure_reference
FNDA:19,figure_reference_list_rule
FNDA:18,figure_reference_list
FNDA:19,figure_reference_list_open_renderer
FNDA:19,figure_reference_list_item_renderer
FNDA:19,figure_reference_list_close_renderer
FNDA:19,figure_wrapper_renderer
FNDA:11,sanitize
DA:1,1
DA:2,1
DA:3,1
DA:4,1
DA:5,1
DA:6,4
DA:7,4
DA:8,4
DA:9,4
DA:10,4
DA:11,4
DA:12,1
DA:13,1
DA:14,1
DA:15,1
DA:16,1
DA:17,1
DA:18,1
DA:19,19
DA:20,19
DA:21,18
DA:22,18
DA:23,19
DA:24,18
DA:25,18
DA:26,19
DA:27,19
DA:28,19
DA:29,19
DA:30,19
DA:31,19
DA:32,19
DA:33,1
DA:34,19
DA:35,19
DA:36,18
DA:37,18
DA:38,18
DA:39,101
DA:40,101
DA:41,101
DA:42,39
DA:43,101
DA:44,31
DA:45,31
DA:46,31
DA:47,31
DA:48,31
DA:49,31
DA:50,31
DA:51,31
DA:52,31
DA:53,31
DA:54,31
DA:55,31
DA:56,31
DA:57,31
DA:58,31
DA:59,31
DA:60,31
DA:61,31
DA:62,31
DA:63,31
DA:64,31
DA:65,31
DA:66,31
DA:67,31
DA:68,31
DA:69,31
DA:70,31
DA:71,31
DA:72,31
DA:73,31
DA:74,31
DA:75,31
DA:76,31
DA:77,31
DA:78,31
DA:79,31
DA:80,31
DA:81,31
DA:82,31
DA:83,31
DA:84,31
DA:85,31
DA:86,13
DA:87,31
DA:88,31
DA:89,13
DA:90,13
DA:91,13
DA:92,13
DA:93,13
DA:94,25
DA:95,11
DA:96,11
DA:97,11
DA:98,11
DA:99,25
DA:100,13
DA:101,13
DA:102,13
DA:103,13
DA:104,13
DA:105,31
DA:106,101
DA:107,18
DA:108,19
DA:109,19
DA:110,1
DA:111,19
DA:112,19
DA:113,18
DA:114,17
DA:115,17
DA:116,17
DA:117,17
DA:118,17
DA:119,17
DA:120,17
DA:121,18
DA:122,18
DA:123,18
DA:124,18
DA:125,18
DA:126,17
DA:127,17
DA:128,17
DA:129,17
DA:130,17
DA:131,19
DA:132,19
DA:133,1
DA:134,19
DA:135,19
DA:136,17
DA:137,17
DA:138,17
DA:139,17
DA:140,19
DA:141,1
DA:142,19
DA:143,19
DA:144,18
DA:145,18
DA:146,18
DA:147,19
DA:148,1
DA:149,19
DA:150,19
DA:151,17
DA:152,17
DA:153,17
DA:154,19
DA:155,1
DA:156,19
DA:157,19
DA:158,13
DA:159,13
DA:160,13
DA:161,13
DA:162,13
DA:163,13
DA:164,13
DA:165,13
DA:166,13
DA:167,13
DA:168,13
DA:169,13
DA:170,13
DA:171,13
DA:172,13
DA:173,19
DA:174,1
DA:175,11
DA:176,11
DA:177,11
DA:178,1
DA:179,1
DA:180,1
DA:181,1
DA:182,1
DA:183,1
DA:184,1
DA:185,1
DA:186,1
DA:187,1
DA:188,1
DA:189,1
LF:189
LH:189
BRDA:189,0,0,4
BRDA:1,1,0,19
BRDA:4,2,0,4
BRDA:5,3,0,18
BRDA:5,4,0,15
BRDA:5,5,0,4
BRDA:4,6,0,129
BRDA:19,7,0,19
BRDA:20,8,0,18
BRDA:23,9,0,18
BRDA:34,10,0,19
BRDA:35,11,0,18
BRDA:38,12,0,101
BRDA:41,13,0,70
BRDA:41,14,0,62
BRDA:41,15,0,39
BRDA:43,16,0,8
BRDA:44,17,0,5
BRDA:50,18,0,1
BRDA:50,19,0,4
BRDA:54,20,0,3
BRDA:44,21,0,3
BRDA:69,22,0,2
BRDA:76,23,0,0
BRDA:77,24,0,0
BRDA:43,25,0,31
BRDA:85,26,0,22
BRDA:85,27,0,18
BRDA:85,28,0,13
BRDA:87,29,0,0
BRDA:88,30,0,25
BRDA:88,31,0,0
BRDA:88,32,0,13
BRDA:94,33,0,20
BRDA:94,34,0,2
BRDA:94,35,0,11
BRDA:98,36,0,13
BRDA:99,37,0,0
BRDA:99,38,0,13
BRDA:111,39,0,19
BRDA:112,40,0,18
BRDA:113,41,0,1
BRDA:113,42,0,17
BRDA:120,43,0,18
BRDA:134,44,0,19
BRDA:135,45,0,17
BRDA:137,46,0,16
BRDA:137,47,0,1
BRDA:142,48,0,19
BRDA:143,49,0,18
BRDA:149,50,0,19
BRDA:150,51,0,17
BRDA:156,52,0,19
BRDA:157,53,0,13
BRDA:167,54,0,12
BRDA:167,55,0,1
BRDA:175,56,0,11
BRF:57
BRH:52
end_of_record
