TN:
SF:index.js
FN:4,figure_references
FN:11,figure_reference_rule
FN:12,figure_reference
FN:131,figure_reference_list_rule
FN:132,figure_reference_list
FN:203,generate_link
FN:220,render_anchor
FN:224,render_label
FN:229,add_image
FN:244,slugify
FN:248,loadOptions
FNF:11
FNH:11
FNDA:37,figure_references
FNDA:37,figure_reference_rule
FNDA:37,figure_reference
FNDA:37,figure_reference_list_rule
FNDA:37,figure_reference_list
FNDA:85,generate_link
FNDA:5,render_anchor
FNDA:5,render_label
FNDA:37,add_image
FNDA:26,slugify
FNDA:37,loadOptions
DA:1,1
DA:2,1
DA:3,1
DA:4,1
DA:5,1
DA:6,1
DA:7,1
DA:8,1
DA:9,1
DA:10,1
DA:11,37
DA:12,37
DA:13,37
DA:14,37
DA:15,37
DA:16,209
DA:17,209
DA:18,209
DA:19,77
DA:20,209
DA:21,66
DA:22,66
DA:23,66
DA:24,66
DA:25,66
DA:26,66
DA:27,66
DA:28,66
DA:29,66
DA:30,66
DA:31,66
DA:32,66
DA:33,66
DA:34,66
DA:35,66
DA:36,66
DA:37,66
DA:38,66
DA:39,66
DA:40,66
DA:41,66
DA:42,66
DA:43,66
DA:44,66
DA:45,66
DA:46,66
DA:47,66
DA:48,66
DA:49,66
DA:50,66
DA:51,66
DA:52,66
DA:53,66
DA:54,66
DA:55,66
DA:56,66
DA:57,66
DA:58,66
DA:59,66
DA:60,66
DA:61,29
DA:62,29
DA:63,66
DA:64,28
DA:65,28
DA:66,28
DA:67,57
DA:68,26
DA:69,26
DA:70,26
DA:71,26
DA:72,28
DA:73,28
DA:74,28
DA:75,30
DA:76,1
DA:77,1
DA:78,1
DA:79,1
DA:80,1
DA:81,1
DA:82,1
DA:83,1
DA:84,1
DA:85,1
DA:86,1
DA:87,1
DA:88,1
DA:89,1
DA:90,1
DA:91,1
DA:92,1
DA:93,1
DA:94,1
DA:95,1
DA:96,1
DA:97,1
DA:98,1
DA:99,1
DA:100,1
DA:101,1
DA:102,1
DA:103,1
DA:104,1
DA:105,1
DA:106,1
DA:107,1
DA:108,1
DA:109,1
DA:110,1
DA:111,1
DA:112,1
DA:113,1
DA:114,1
DA:115,1
DA:116,1
DA:117,1
DA:118,1
DA:119,1
DA:120,1
DA:121,1
DA:122,1
DA:123,1
DA:124,66
DA:125,66
DA:126,209
DA:127,37
DA:128,37
DA:129,37
DA:130,1
DA:131,37
DA:132,37
DA:133,37
DA:134,35
DA:135,35
DA:136,35
DA:137,35
DA:138,35
DA:139,35
DA:140,35
DA:141,35
DA:142,35
DA:143,35
DA:144,35
DA:145,35
DA:146,35
DA:147,35
DA:148,35
DA:149,35
DA:150,35
DA:151,35
DA:152,35
DA:153,35
DA:154,35
DA:155,35
DA:156,35
DA:157,35
DA:158,35
DA:159,35
DA:160,36
DA:161,36
DA:162,36
DA:163,36
DA:164,36
DA:165,36
DA:166,36
DA:167,36
DA:168,36
DA:169,35
DA:170,35
DA:171,35
DA:172,35
DA:173,35
DA:174,35
DA:175,35
DA:176,35
DA:177,33
DA:178,33
DA:179,33
DA:180,33
DA:181,35
DA:182,36
DA:183,35
DA:184,35
DA:185,35
DA:186,35
DA:187,36
DA:188,36
DA:189,36
DA:190,36
DA:191,36
DA:192,36
DA:193,36
DA:194,36
DA:195,35
DA:196,35
DA:197,35
DA:198,35
DA:199,35
DA:200,37
DA:201,37
DA:202,1
DA:203,85
DA:204,85
DA:205,85
DA:206,85
DA:207,85
DA:208,85
DA:209,85
DA:210,85
DA:211,85
DA:212,85
DA:213,85
DA:214,85
DA:215,85
DA:216,85
DA:217,85
DA:218,85
DA:219,1
DA:220,5
DA:221,5
DA:222,5
DA:223,1
DA:224,5
DA:225,5
DA:226,5
DA:227,5
DA:228,1
DA:229,37
DA:230,37
DA:231,36
DA:232,36
DA:233,37
DA:234,36
DA:235,36
DA:236,37
DA:237,37
DA:238,37
DA:239,37
DA:240,37
DA:241,37
DA:242,37
DA:243,1
DA:244,26
DA:245,26
DA:246,26
DA:247,1
DA:248,37
DA:249,37
DA:250,8
DA:251,8
DA:252,8
DA:253,8
DA:254,8
DA:255,8
DA:256,8
DA:257,8
DA:258,8
DA:259,8
DA:260,8
DA:261,8
DA:262,8
DA:263,8
DA:264,8
DA:265,8
DA:266,8
DA:267,8
DA:268,8
DA:269,8
DA:270,8
DA:271,8
DA:272,8
DA:273,8
DA:274,8
DA:275,8
DA:276,8
DA:277,8
DA:278,8
DA:279,8
DA:280,37
DA:281,1
DA:282,1
DA:283,1
DA:284,1
DA:285,1
DA:286,1
DA:287,1
DA:288,1
DA:289,1
DA:290,1
DA:291,1
DA:292,1
DA:293,1
DA:294,1
DA:295,1
DA:296,1
DA:297,1
DA:298,1
DA:299,1
DA:300,1
DA:301,1
DA:302,1
DA:303,1
DA:304,1
DA:305,1
DA:306,1
DA:307,1
DA:308,1
DA:309,1
DA:310,1
DA:311,1
LF:311
LH:311
BRDA:311,0,0,9
BRDA:4,1,0,37
BRDA:11,2,0,37
BRDA:12,3,0,37
BRDA:15,4,0,209
BRDA:18,5,0,143
BRDA:18,6,0,132
BRDA:18,7,0,77
BRDA:20,8,0,11
BRDA:21,9,0,7
BRDA:27,10,0,1
BRDA:27,11,0,6
BRDA:31,12,0,2
BRDA:31,13,0,5
BRDA:41,14,0,4
BRDA:41,15,0,4
BRDA:41,16,0,1
BRDA:21,17,0,4
BRDA:49,18,0,3
BRDA:53,19,0,2
BRDA:53,20,0,1
BRDA:20,21,0,66
BRDA:60,22,0,42
BRDA:60,23,0,37
BRDA:60,24,0,29
BRDA:63,25,0,57
BRDA:63,26,0,1
BRDA:63,27,0,28
BRDA:67,28,0,50
BRDA:67,29,0,2
BRDA:67,30,0,26
BRDA:71,31,0,30
BRDA:71,32,0,28
BRDA:75,33,0,27
BRDA:87,34,0,2
BRDA:90,35,0,25
BRDA:93,36,0,25
BRDA:75,37,0,1
BRDA:131,38,0,37
BRDA:132,39,0,37
BRDA:133,40,0,36
BRDA:133,41,0,2
BRDA:133,42,0,36
BRDA:133,43,0,35
BRDA:168,44,0,35
BRDA:171,45,0,34
BRDA:171,46,0,1
BRDA:176,47,0,34
BRDA:176,48,0,33
BRDA:182,49,0,35
BRDA:194,50,0,35
BRDA:203,51,0,85
BRDA:206,52,0,84
BRDA:220,53,0,5
BRDA:221,54,0,4
BRDA:221,55,0,1
BRDA:224,56,0,5
BRDA:226,57,0,4
BRDA:226,58,0,1
BRDA:229,59,0,37
BRDA:230,60,0,36
BRDA:233,61,0,36
BRDA:244,62,0,26
BRDA:248,63,0,37
BRDA:249,64,0,29
BRDA:251,65,0,1
BRDA:251,66,0,1
BRDA:251,67,0,28
BRDA:252,68,0,4
BRDA:252,69,0,25
BRDA:253,70,0,6
BRDA:253,71,0,23
BRDA:254,72,0,7
BRDA:254,73,0,22
BRDA:257,74,0,10
BRDA:257,75,0,1
BRDA:257,76,0,28
BRDA:261,77,0,10
BRDA:261,78,0,1
BRDA:261,79,0,28
BRDA:265,80,0,10
BRDA:265,81,0,1
BRDA:265,82,0,28
BRDA:269,83,0,10
BRDA:269,84,0,2
BRDA:269,85,0,27
BRDA:275,86,0,10
BRDA:275,87,0,5
BRDA:275,88,0,24
BRDA:249,89,0,8
BRF:90
BRH:90
end_of_record
